TpTrace Verbose: 0 : 164, 1, 2024/10/12, 00:30:18.288, 66531552908, vstest.console.dll, Version: 17.11.1-release-24455-02 Current process architecture: X64
TpTrace Verbose: 0 : 164, 1, 2024/10/12, 00:30:18.291, 66531583785, vstest.console.dll, Runtime location: C:\Program Files\dotnet\shared\Microsoft.NETCore.App\8.0.10
TpTrace Information: 0 : 164, 1, 2024/10/12, 00:30:18.292, 66531598021, vstest.console.dll, Using .Net Framework version:.NETCoreApp,Version=v8.0
TpTrace Verbose: 0 : 164, 1, 2024/10/12, 00:30:18.292, 66531598957, vstest.console.dll, ArtifactProcessingPostProcessModeProcessorExecutor.Initialize: ArtifactProcessingMode.Collect
TpTrace Verbose: 0 : 164, 1, 2024/10/12, 00:30:18.292, 66531599545, vstest.console.dll, TestSessionCorrelationIdProcessorModeProcessorExecutor.Initialize: TestSessionCorrelationId '12304_63336c5d-1d03-4de7-8234-d596be2ea8ad'
TpTrace Information: 0 : 164, 1, 2024/10/12, 00:30:18.295, 66531622898, vstest.console.dll, FilePatternParser: The given file D:\projects\kahn_test\kahn_test\bin\Debug\net8.0\kahn_test.dll is a full path.
TpTrace Verbose: 0 : 164, 1, 2024/10/12, 00:30:18.299, 66531667196, vstest.console.dll, TestPluginCache.DiscoverTestExtensions: finding test extensions in assemblies ends with: RuntimeProvider.dll TPluginInfo: Microsoft.VisualStudio.TestPlatform.Common.ExtensionFramework.Utilities.TestRuntimePluginInformation TExtension: Microsoft.VisualStudio.TestPlatform.ObjectModel.Host.ITestRuntimeProvider
TpTrace Verbose: 0 : 164, 1, 2024/10/12, 00:30:18.300, 66531672289, vstest.console.dll, TestPluginCache.GetExtensionPaths: Filtered extension paths: 
TpTrace Verbose: 0 : 164, 1, 2024/10/12, 00:30:18.300, 66531673350, vstest.console.dll, TestPluginCache.GetExtensionPaths: Added default extension paths: C:\Program Files\dotnet\sdk\8.0.403\Extensions\Microsoft.Diagnostics.NETCore.Client.dll
C:\Program Files\dotnet\sdk\8.0.403\Extensions\Microsoft.TestPlatform.Extensions.BlameDataCollector.dll
C:\Program Files\dotnet\sdk\8.0.403\Extensions\Microsoft.TestPlatform.Extensions.EventLogCollector.dll
C:\Program Files\dotnet\sdk\8.0.403\Extensions\Microsoft.TestPlatform.TestHostRuntimeProvider.dll
C:\Program Files\dotnet\sdk\8.0.403\Extensions\Microsoft.VisualStudio.TestPlatform.Extensions.Html.TestLogger.dll
C:\Program Files\dotnet\sdk\8.0.403\Extensions\Microsoft.VisualStudio.TestPlatform.Extensions.Trx.TestLogger.dll
TpTrace Verbose: 0 : 164, 1, 2024/10/12, 00:30:18.300, 66531673717, vstest.console.dll, TestPluginCache.GetExtensionPaths: Added unfilterableExtensionPaths: 
TpTrace Information: 0 : 164, 1, 2024/10/12, 00:30:18.300, 66531679486, vstest.console.dll, AssemblyResolver.ctor: Creating AssemblyResolver with searchDirectories C:\Program Files\dotnet\sdk\8.0.403\Extensions,C:\Program Files\dotnet\sdk\8.0.403
TpTrace Verbose: 0 : 164, 1, 2024/10/12, 00:30:18.301, 66531689135, vstest.console.dll, TestPluginCache.DiscoverTestExtensions: Discovering the extensions using extension path.
TpTrace Verbose: 0 : 164, 1, 2024/10/12, 00:30:18.301, 66531690132, vstest.console.dll, TestPluginCache.GetExtensionPaths: Filtered extension paths: 
TpTrace Verbose: 0 : 164, 1, 2024/10/12, 00:30:18.301, 66531690412, vstest.console.dll, TestPluginCache.GetExtensionPaths: Added default extension paths: C:\Program Files\dotnet\sdk\8.0.403\Extensions\Microsoft.Diagnostics.NETCore.Client.dll
C:\Program Files\dotnet\sdk\8.0.403\Extensions\Microsoft.TestPlatform.Extensions.BlameDataCollector.dll
C:\Program Files\dotnet\sdk\8.0.403\Extensions\Microsoft.TestPlatform.Extensions.EventLogCollector.dll
C:\Program Files\dotnet\sdk\8.0.403\Extensions\Microsoft.TestPlatform.TestHostRuntimeProvider.dll
C:\Program Files\dotnet\sdk\8.0.403\Extensions\Microsoft.VisualStudio.TestPlatform.Extensions.Html.TestLogger.dll
C:\Program Files\dotnet\sdk\8.0.403\Extensions\Microsoft.VisualStudio.TestPlatform.Extensions.Trx.TestLogger.dll
TpTrace Verbose: 0 : 164, 1, 2024/10/12, 00:30:18.301, 66531690644, vstest.console.dll, TestPluginCache.GetExtensionPaths: Added unfilterableExtensionPaths: 
TpTrace Verbose: 0 : 164, 1, 2024/10/12, 00:30:18.301, 66531691105, vstest.console.dll, TestPluginCache.DiscoverTestExtensions: Discovering the extensions using allExtensionPaths: C:\Program Files\dotnet\sdk\8.0.403\Extensions\Microsoft.Diagnostics.NETCore.Client.dll
C:\Program Files\dotnet\sdk\8.0.403\Extensions\Microsoft.TestPlatform.Extensions.BlameDataCollector.dll
C:\Program Files\dotnet\sdk\8.0.403\Extensions\Microsoft.TestPlatform.Extensions.EventLogCollector.dll
C:\Program Files\dotnet\sdk\8.0.403\Extensions\Microsoft.TestPlatform.TestHostRuntimeProvider.dll
C:\Program Files\dotnet\sdk\8.0.403\Extensions\Microsoft.VisualStudio.TestPlatform.Extensions.Html.TestLogger.dll
C:\Program Files\dotnet\sdk\8.0.403\Extensions\Microsoft.VisualStudio.TestPlatform.Extensions.Trx.TestLogger.dll
TpTrace Information: 0 : 164, 1, 2024/10/12, 00:30:18.302, 66531692309, vstest.console.dll, AssemblyResolver.AddSearchDirectories: Adding more searchDirectories C:\Program Files\dotnet\sdk\8.0.403\Extensions,C:\Program Files\dotnet\sdk\8.0.403
TpTrace Information: 0 : 164, 1, 2024/10/12, 00:30:18.302, 66531692727, vstest.console.dll, AssemblyResolver.AddSearchDirectories: Adding more searchDirectories C:\Program Files\dotnet\sdk\8.0.403\Extensions,C:\Program Files\dotnet\sdk\8.0.403
TpTrace Information: 0 : 164, 1, 2024/10/12, 00:30:18.302, 66531692995, vstest.console.dll, AssemblyResolver.AddSearchDirectories: Adding more searchDirectories C:\Program Files\dotnet\sdk\8.0.403\Extensions,C:\Program Files\dotnet\sdk\8.0.403
TpTrace Information: 0 : 164, 1, 2024/10/12, 00:30:18.302, 66531693196, vstest.console.dll, AssemblyResolver.AddSearchDirectories: Adding more searchDirectories C:\Program Files\dotnet\sdk\8.0.403\Extensions,C:\Program Files\dotnet\sdk\8.0.403
TpTrace Information: 0 : 164, 1, 2024/10/12, 00:30:18.302, 66531693393, vstest.console.dll, AssemblyResolver.AddSearchDirectories: Adding more searchDirectories C:\Program Files\dotnet\sdk\8.0.403\Extensions,C:\Program Files\dotnet\sdk\8.0.403
TpTrace Information: 0 : 164, 1, 2024/10/12, 00:30:18.302, 66531693584, vstest.console.dll, AssemblyResolver.AddSearchDirectories: Adding more searchDirectories C:\Program Files\dotnet\sdk\8.0.403\Extensions,C:\Program Files\dotnet\sdk\8.0.403
TpTrace Information: 0 : 164, 1, 2024/10/12, 00:30:18.302, 66531697593, vstest.console.dll, AssemblyResolver.OnResolve: Microsoft.Diagnostics.NETCore.Client: Resolving assembly.
TpTrace Information: 0 : 164, 1, 2024/10/12, 00:30:18.302, 66531698166, vstest.console.dll, AssemblyResolver.OnResolve: Microsoft.Diagnostics.NETCore.Client: Searching in: 'C:\Program Files\dotnet\sdk\8.0.403\Extensions'.
TpTrace Information: 0 : 164, 1, 2024/10/12, 00:30:18.307, 66531744009, vstest.console.dll, AssemblyResolver.OnResolve: Microsoft.Diagnostics.NETCore.Client: Loading assembly 'C:\Program Files\dotnet\sdk\8.0.403\Extensions\Microsoft.Diagnostics.NETCore.Client.dll'.
TpTrace Information: 0 : 164, 1, 2024/10/12, 00:30:18.307, 66531747128, vstest.console.dll, AssemblyResolver.OnResolve: Resolved assembly: Microsoft.Diagnostics.NETCore.Client, from path: C:\Program Files\dotnet\sdk\8.0.403\Extensions\Microsoft.Diagnostics.NETCore.Client.dll
TpTrace Verbose: 0 : 164, 1, 2024/10/12, 00:30:18.311, 66531784911, vstest.console.dll, MetadataReaderExtensionsHelper: Discovering extensions inside assembly 'Microsoft.Diagnostics.NETCore.Client, Version=0.2.10.30701, Culture=neutral, PublicKeyToken=31bf3856ad364e35' file path 'C:\Program Files\dotnet\sdk\8.0.403\Extensions\Microsoft.Diagnostics.NETCore.Client.dll'
TpTrace Information: 0 : 164, 1, 2024/10/12, 00:30:18.313, 66531810874, vstest.console.dll, AssemblyResolver.OnResolve: Microsoft.Bcl.AsyncInterfaces: Resolving assembly.
TpTrace Information: 0 : 164, 1, 2024/10/12, 00:30:18.313, 66531811471, vstest.console.dll, AssemblyResolver.OnResolve: Microsoft.Bcl.AsyncInterfaces: Searching in: 'C:\Program Files\dotnet\sdk\8.0.403\Extensions'.
TpTrace Information: 0 : 164, 1, 2024/10/12, 00:30:18.314, 66531811937, vstest.console.dll, AssemblyResolver.OnResolve: Microsoft.Bcl.AsyncInterfaces: Assembly path does not exist: 'C:\Program Files\dotnet\sdk\8.0.403\Extensions\Microsoft.Bcl.AsyncInterfaces.dll', returning.
TpTrace Information: 0 : 164, 1, 2024/10/12, 00:30:18.314, 66531812640, vstest.console.dll, AssemblyResolver.OnResolve: Microsoft.Bcl.AsyncInterfaces: Assembly path does not exist: 'C:\Program Files\dotnet\sdk\8.0.403\Extensions\Microsoft.Bcl.AsyncInterfaces.exe', returning.
TpTrace Information: 0 : 164, 1, 2024/10/12, 00:30:18.314, 66531812875, vstest.console.dll, AssemblyResolver.OnResolve: Microsoft.Bcl.AsyncInterfaces: Searching in: 'C:\Program Files\dotnet\sdk\8.0.403'.
TpTrace Information: 0 : 164, 1, 2024/10/12, 00:30:18.314, 66531813266, vstest.console.dll, AssemblyResolver.OnResolve: Microsoft.Bcl.AsyncInterfaces: Assembly path does not exist: 'C:\Program Files\dotnet\sdk\8.0.403\Microsoft.Bcl.AsyncInterfaces.dll', returning.
TpTrace Information: 0 : 164, 1, 2024/10/12, 00:30:18.314, 66531813598, vstest.console.dll, AssemblyResolver.OnResolve: Microsoft.Bcl.AsyncInterfaces: Assembly path does not exist: 'C:\Program Files\dotnet\sdk\8.0.403\Microsoft.Bcl.AsyncInterfaces.exe', returning.
TpTrace Information: 0 : 164, 1, 2024/10/12, 00:30:18.314, 66531813789, vstest.console.dll, AssemblyResolver.OnResolve: Microsoft.Bcl.AsyncInterfaces: Failed to load assembly.
TpTrace Verbose: 0 : 164, 1, 2024/10/12, 00:30:18.314, 66531814027, vstest.console.dll, CurrentDomainAssemblyResolve: Resolving assembly 'Microsoft.Bcl.AsyncInterfaces'.
TpTrace Information: 0 : 164, 1, 2024/10/12, 00:30:18.314, 66531814415, vstest.console.dll, AssemblyResolver.OnResolve: Microsoft.Bcl.AsyncInterfaces: Resolving assembly.
TpTrace Information: 0 : 164, 1, 2024/10/12, 00:30:18.314, 66531814700, vstest.console.dll, AssemblyResolver.OnResolve: Microsoft.Bcl.AsyncInterfaces: Resolved from cache.
TpTrace Verbose: 0 : 164, 1, 2024/10/12, 00:30:18.314, 66531814874, vstest.console.dll, CurrentDomainAssemblyResolve: Resolving assembly 'Microsoft.Bcl.AsyncInterfaces'.
TpTrace Verbose: 0 : 164, 1, 2024/10/12, 00:30:18.314, 66531815089, vstest.console.dll, CurrentDomainAssemblyResolve: Failed to resolve assembly 'Microsoft.Bcl.AsyncInterfaces'.
TpTrace Verbose: 0 : 164, 1, 2024/10/12, 00:30:18.314, 66531818405, vstest.console.dll, CurrentDomainAssemblyResolve: Failed to resolve assembly 'Microsoft.Bcl.AsyncInterfaces'.
TpTrace Warning: 0 : 164, 1, 2024/10/12, 00:30:18.321, 66531887547, vstest.console.dll, TestPluginDiscoverer: Failed to get types from assembly 'Microsoft.Diagnostics.NETCore.Client, Version=0.2.10.30701, Culture=neutral, PublicKeyToken=31bf3856ad364e35'. Error: System.Reflection.ReflectionTypeLoadException: Unable to load one or more of the requested types.
Could not load file or assembly 'Microsoft.Bcl.AsyncInterfaces, Version=6.0.0.0, Culture=neutral, PublicKeyToken=cc7b13ffcd2ddd51'. The system cannot find the file specified.
   at System.Reflection.RuntimeModule.GetTypes(RuntimeModule module)
   at System.Reflection.RuntimeModule.GetTypes()
   at Microsoft.VisualStudio.TestPlatform.Common.ExtensionFramework.TestPluginDiscoverer.GetTestExtensionsFromAssembly[TPluginInfo,TExtension](Assembly assembly, Dictionary`2 pluginInfos, String filePath) in /_/src/Microsoft.TestPlatform.Common/ExtensionFramework/TestPluginDiscoverer.cs:line 158
System.IO.FileNotFoundException: Could not load file or assembly 'Microsoft.Bcl.AsyncInterfaces, Version=6.0.0.0, Culture=neutral, PublicKeyToken=cc7b13ffcd2ddd51'. The system cannot find the file specified.
File name: 'Microsoft.Bcl.AsyncInterfaces, Version=6.0.0.0, Culture=neutral, PublicKeyToken=cc7b13ffcd2ddd51'
 ---> System.IO.FileNotFoundException: Could not load file or assembly 'Microsoft.Bcl.AsyncInterfaces, Culture=neutral, PublicKeyToken=null'. The system cannot find the file specified.
File name: 'Microsoft.Bcl.AsyncInterfaces, Culture=neutral, PublicKeyToken=null'
   at System.Reflection.RuntimeAssembly.InternalLoad(AssemblyName assemblyName, StackCrawlMark& stackMark, AssemblyLoadContext assemblyLoadContext, RuntimeAssembly requestingAssembly, Boolean throwOnFileNotFound)
   at System.Reflection.Assembly.Load(AssemblyName assemblyRef)
   at Microsoft.VisualStudio.TestPlatform.Common.ExtensionFramework.TestPluginCache.CurrentDomainAssemblyResolve(Object sender, AssemblyResolveEventArgs args) in /_/src/Microsoft.TestPlatform.Common/ExtensionFramework/TestPluginCache.cs:line 513
   at System.Runtime.Loader.AssemblyLoadContext.GetFirstResolvedAssemblyFromResolvingEvent(AssemblyName assemblyName)
   at System.Runtime.Loader.AssemblyLoadContext.ResolveUsingEvent(AssemblyName assemblyName)
   at System.Runtime.Loader.AssemblyLoadContext.ResolveUsingResolvingEvent(IntPtr gchManagedAssemblyLoadContext, AssemblyName assemblyName)
TpTrace Warning: 0 : 164, 1, 2024/10/12, 00:30:18.321, 66531890169, vstest.console.dll, LoaderExceptions: System.IO.FileNotFoundException: Could not load file or assembly 'Microsoft.Bcl.AsyncInterfaces, Version=6.0.0.0, Culture=neutral, PublicKeyToken=cc7b13ffcd2ddd51'. The system cannot find the file specified.
File name: 'Microsoft.Bcl.AsyncInterfaces, Version=6.0.0.0, Culture=neutral, PublicKeyToken=cc7b13ffcd2ddd51'
 ---> System.IO.FileNotFoundException: Could not load file or assembly 'Microsoft.Bcl.AsyncInterfaces, Culture=neutral, PublicKeyToken=null'. The system cannot find the file specified.
File name: 'Microsoft.Bcl.AsyncInterfaces, Culture=neutral, PublicKeyToken=null'
   at System.Reflection.RuntimeAssembly.InternalLoad(AssemblyName assemblyName, StackCrawlMark& stackMark, AssemblyLoadContext assemblyLoadContext, RuntimeAssembly requestingAssembly, Boolean throwOnFileNotFound)
   at System.Reflection.Assembly.Load(AssemblyName assemblyRef)
   at Microsoft.VisualStudio.TestPlatform.Common.ExtensionFramework.TestPluginCache.CurrentDomainAssemblyResolve(Object sender, AssemblyResolveEventArgs args) in /_/src/Microsoft.TestPlatform.Common/ExtensionFramework/TestPluginCache.cs:line 513
   at System.Runtime.Loader.AssemblyLoadContext.GetFirstResolvedAssemblyFromResolvingEvent(AssemblyName assemblyName)
   at System.Runtime.Loader.AssemblyLoadContext.ResolveUsingEvent(AssemblyName assemblyName)
   at System.Runtime.Loader.AssemblyLoadContext.ResolveUsingResolvingEvent(IntPtr gchManagedAssemblyLoadContext, AssemblyName assemblyName)
TpTrace Information: 0 : 164, 1, 2024/10/12, 00:30:18.321, 66531891188, vstest.console.dll, AssemblyResolver.OnResolve: Microsoft.TestPlatform.Extensions.BlameDataCollector: Resolving assembly.
TpTrace Information: 0 : 164, 1, 2024/10/12, 00:30:18.321, 66531891480, vstest.console.dll, AssemblyResolver.OnResolve: Microsoft.TestPlatform.Extensions.BlameDataCollector: Searching in: 'C:\Program Files\dotnet\sdk\8.0.403\Extensions'.
TpTrace Information: 0 : 164, 1, 2024/10/12, 00:30:18.322, 66531893338, vstest.console.dll, AssemblyResolver.OnResolve: Microsoft.TestPlatform.Extensions.BlameDataCollector: Loading assembly 'C:\Program Files\dotnet\sdk\8.0.403\Extensions\Microsoft.TestPlatform.Extensions.BlameDataCollector.dll'.
TpTrace Information: 0 : 164, 1, 2024/10/12, 00:30:18.322, 66531895783, vstest.console.dll, AssemblyResolver.OnResolve: Resolved assembly: Microsoft.TestPlatform.Extensions.BlameDataCollector, from path: C:\Program Files\dotnet\sdk\8.0.403\Extensions\Microsoft.TestPlatform.Extensions.BlameDataCollector.dll
TpTrace Verbose: 0 : 164, 1, 2024/10/12, 00:30:18.322, 66531896280, vstest.console.dll, MetadataReaderExtensionsHelper: Discovering extensions inside assembly 'Microsoft.TestPlatform.Extensions.BlameDataCollector, Version=15.0.0.0, Culture=neutral, PublicKeyToken=b03f5f7f11d50a3a' file path 'C:\Program Files\dotnet\sdk\8.0.403\Extensions\Microsoft.TestPlatform.Extensions.BlameDataCollector.dll'
TpTrace Information: 0 : 164, 1, 2024/10/12, 00:30:18.323, 66531904943, vstest.console.dll, AssemblyResolver.OnResolve: Microsoft.TestPlatform.Extensions.EventLogCollector: Resolving assembly.
TpTrace Information: 0 : 164, 1, 2024/10/12, 00:30:18.323, 66531905361, vstest.console.dll, AssemblyResolver.OnResolve: Microsoft.TestPlatform.Extensions.EventLogCollector: Searching in: 'C:\Program Files\dotnet\sdk\8.0.403\Extensions'.
TpTrace Information: 0 : 164, 1, 2024/10/12, 00:30:18.323, 66531907027, vstest.console.dll, AssemblyResolver.OnResolve: Microsoft.TestPlatform.Extensions.EventLogCollector: Loading assembly 'C:\Program Files\dotnet\sdk\8.0.403\Extensions\Microsoft.TestPlatform.Extensions.EventLogCollector.dll'.
TpTrace Information: 0 : 164, 1, 2024/10/12, 00:30:18.323, 66531908943, vstest.console.dll, AssemblyResolver.OnResolve: Resolved assembly: Microsoft.TestPlatform.Extensions.EventLogCollector, from path: C:\Program Files\dotnet\sdk\8.0.403\Extensions\Microsoft.TestPlatform.Extensions.EventLogCollector.dll
TpTrace Verbose: 0 : 164, 1, 2024/10/12, 00:30:18.323, 66531909370, vstest.console.dll, MetadataReaderExtensionsHelper: Discovering extensions inside assembly 'Microsoft.TestPlatform.Extensions.EventLogCollector, Version=15.0.0.0, Culture=neutral, PublicKeyToken=b03f5f7f11d50a3a' file path 'C:\Program Files\dotnet\sdk\8.0.403\Extensions\Microsoft.TestPlatform.Extensions.EventLogCollector.dll'
TpTrace Information: 0 : 164, 1, 2024/10/12, 00:30:18.324, 66531919777, vstest.console.dll, AssemblyResolver.OnResolve: Microsoft.TestPlatform.TestHostRuntimeProvider: Resolving assembly.
TpTrace Information: 0 : 164, 1, 2024/10/12, 00:30:18.324, 66531920145, vstest.console.dll, AssemblyResolver.OnResolve: Microsoft.TestPlatform.TestHostRuntimeProvider: Searching in: 'C:\Program Files\dotnet\sdk\8.0.403\Extensions'.
TpTrace Information: 0 : 164, 1, 2024/10/12, 00:30:18.324, 66531921450, vstest.console.dll, AssemblyResolver.OnResolve: Microsoft.TestPlatform.TestHostRuntimeProvider: Loading assembly 'C:\Program Files\dotnet\sdk\8.0.403\Extensions\Microsoft.TestPlatform.TestHostRuntimeProvider.dll'.
TpTrace Information: 0 : 164, 1, 2024/10/12, 00:30:18.325, 66531923488, vstest.console.dll, AssemblyResolver.OnResolve: Resolved assembly: Microsoft.TestPlatform.TestHostRuntimeProvider, from path: C:\Program Files\dotnet\sdk\8.0.403\Extensions\Microsoft.TestPlatform.TestHostRuntimeProvider.dll
TpTrace Verbose: 0 : 164, 1, 2024/10/12, 00:30:18.325, 66531923892, vstest.console.dll, MetadataReaderExtensionsHelper: Discovering extensions inside assembly 'Microsoft.TestPlatform.TestHostRuntimeProvider, Version=15.0.0.0, Culture=neutral, PublicKeyToken=b03f5f7f11d50a3a' file path 'C:\Program Files\dotnet\sdk\8.0.403\Extensions\Microsoft.TestPlatform.TestHostRuntimeProvider.dll'
TpTrace Information: 0 : 164, 1, 2024/10/12, 00:30:18.326, 66531933373, vstest.console.dll, GetTestExtensionFromType: Register extension with identifier data 'HostProvider://DefaultTestHost' and type 'Microsoft.VisualStudio.TestPlatform.CrossPlatEngine.Hosting.DefaultTestHostManager, Microsoft.TestPlatform.TestHostRuntimeProvider, Version=15.0.0.0, Culture=neutral, PublicKeyToken=b03f5f7f11d50a3a' inside file 'C:\Program Files\dotnet\sdk\8.0.403\Extensions\Microsoft.TestPlatform.TestHostRuntimeProvider.dll'
TpTrace Information: 0 : 164, 1, 2024/10/12, 00:30:18.326, 66531935157, vstest.console.dll, GetTestExtensionFromType: Register extension with identifier data 'HostProvider://DotnetTestHost' and type 'Microsoft.VisualStudio.TestPlatform.CrossPlatEngine.Hosting.DotnetTestHostManager, Microsoft.TestPlatform.TestHostRuntimeProvider, Version=15.0.0.0, Culture=neutral, PublicKeyToken=b03f5f7f11d50a3a' inside file 'C:\Program Files\dotnet\sdk\8.0.403\Extensions\Microsoft.TestPlatform.TestHostRuntimeProvider.dll'
TpTrace Information: 0 : 164, 1, 2024/10/12, 00:30:18.326, 66531935655, vstest.console.dll, AssemblyResolver.OnResolve: Microsoft.VisualStudio.TestPlatform.Extensions.Html.TestLogger: Resolving assembly.
TpTrace Information: 0 : 164, 1, 2024/10/12, 00:30:18.326, 66531935917, vstest.console.dll, AssemblyResolver.OnResolve: Microsoft.VisualStudio.TestPlatform.Extensions.Html.TestLogger: Searching in: 'C:\Program Files\dotnet\sdk\8.0.403\Extensions'.
TpTrace Information: 0 : 164, 1, 2024/10/12, 00:30:18.326, 66531937259, vstest.console.dll, AssemblyResolver.OnResolve: Microsoft.VisualStudio.TestPlatform.Extensions.Html.TestLogger: Loading assembly 'C:\Program Files\dotnet\sdk\8.0.403\Extensions\Microsoft.VisualStudio.TestPlatform.Extensions.Html.TestLogger.dll'.
TpTrace Information: 0 : 164, 1, 2024/10/12, 00:30:18.326, 66531939529, vstest.console.dll, AssemblyResolver.OnResolve: Resolved assembly: Microsoft.VisualStudio.TestPlatform.Extensions.Html.TestLogger, from path: C:\Program Files\dotnet\sdk\8.0.403\Extensions\Microsoft.VisualStudio.TestPlatform.Extensions.Html.TestLogger.dll
TpTrace Verbose: 0 : 164, 1, 2024/10/12, 00:30:18.326, 66531939963, vstest.console.dll, MetadataReaderExtensionsHelper: Discovering extensions inside assembly 'Microsoft.VisualStudio.TestPlatform.Extensions.Html.TestLogger, Version=15.0.0.0, Culture=neutral, PublicKeyToken=b03f5f7f11d50a3a' file path 'C:\Program Files\dotnet\sdk\8.0.403\Extensions\Microsoft.VisualStudio.TestPlatform.Extensions.Html.TestLogger.dll'
TpTrace Information: 0 : 164, 1, 2024/10/12, 00:30:18.327, 66531944025, vstest.console.dll, AssemblyResolver.OnResolve: Microsoft.VisualStudio.TestPlatform.Extensions.Trx.TestLogger: Resolving assembly.
TpTrace Information: 0 : 164, 1, 2024/10/12, 00:30:18.327, 66531944369, vstest.console.dll, AssemblyResolver.OnResolve: Microsoft.VisualStudio.TestPlatform.Extensions.Trx.TestLogger: Searching in: 'C:\Program Files\dotnet\sdk\8.0.403\Extensions'.
TpTrace Information: 0 : 164, 1, 2024/10/12, 00:30:18.327, 66531945685, vstest.console.dll, AssemblyResolver.OnResolve: Microsoft.VisualStudio.TestPlatform.Extensions.Trx.TestLogger: Loading assembly 'C:\Program Files\dotnet\sdk\8.0.403\Extensions\Microsoft.VisualStudio.TestPlatform.Extensions.Trx.TestLogger.dll'.
TpTrace Information: 0 : 164, 1, 2024/10/12, 00:30:18.327, 66531947989, vstest.console.dll, AssemblyResolver.OnResolve: Resolved assembly: Microsoft.VisualStudio.TestPlatform.Extensions.Trx.TestLogger, from path: C:\Program Files\dotnet\sdk\8.0.403\Extensions\Microsoft.VisualStudio.TestPlatform.Extensions.Trx.TestLogger.dll
TpTrace Verbose: 0 : 164, 1, 2024/10/12, 00:30:18.327, 66531948401, vstest.console.dll, MetadataReaderExtensionsHelper: Discovering extensions inside assembly 'Microsoft.VisualStudio.TestPlatform.Extensions.Trx.TestLogger, Version=15.0.0.0, Culture=neutral, PublicKeyToken=b03f5f7f11d50a3a' file path 'C:\Program Files\dotnet\sdk\8.0.403\Extensions\Microsoft.VisualStudio.TestPlatform.Extensions.Trx.TestLogger.dll'
TpTrace Verbose: 0 : 164, 1, 2024/10/12, 00:30:18.328, 66531954588, vstest.console.dll, TestPluginCache: Discovered the extensions using extension path ''.
TpTrace Verbose: 0 : 164, 1, 2024/10/12, 00:30:18.328, 66531955014, vstest.console.dll, TestPluginCache: Discoverers are ''.
TpTrace Verbose: 0 : 164, 1, 2024/10/12, 00:30:18.328, 66531955203, vstest.console.dll, TestPluginCache: Executors are ''.
TpTrace Verbose: 0 : 164, 1, 2024/10/12, 00:30:18.328, 66531955364, vstest.console.dll, TestPluginCache: Executors2 are ''.
TpTrace Verbose: 0 : 164, 1, 2024/10/12, 00:30:18.328, 66531955532, vstest.console.dll, TestPluginCache: Setting providers are ''.
TpTrace Verbose: 0 : 164, 1, 2024/10/12, 00:30:18.328, 66531955693, vstest.console.dll, TestPluginCache: Loggers are ''.
TpTrace Verbose: 0 : 164, 1, 2024/10/12, 00:30:18.328, 66531957082, vstest.console.dll, TestPluginCache: TestHosts are 'HostProvider://DefaultTestHost,HostProvider://DotnetTestHost'.
TpTrace Verbose: 0 : 164, 1, 2024/10/12, 00:30:18.328, 66531957376, vstest.console.dll, TestPluginCache: DataCollectors are ''.
TpTrace Information: 0 : 164, 1, 2024/10/12, 00:30:18.339, 66532067623, vstest.console.dll, RunTestsArgumentProcessor:Execute: Test run is starting.
TpTrace Verbose: 0 : 164, 1, 2024/10/12, 00:30:18.339, 66532068359, vstest.console.dll, RunTestsArgumentProcessor:Execute: Queuing Test run.
TpTrace Information: 0 : 164, 1, 2024/10/12, 00:30:18.339, 66532070060, vstest.console.dll, TestRequestManager.RunTests: run tests started.
TpTrace Information: 0 : 164, 1, 2024/10/12, 00:30:18.340, 66532081389, vstest.console.dll, AssemblyMetadataProvider.GetFrameworkName: Determined framework:'.NETCoreApp,Version=v8.0' for source: 'D:\projects\kahn_test\kahn_test\bin\Debug\net8.0\kahn_test.dll'
TpTrace Information: 0 : 164, 1, 2024/10/12, 00:30:18.341, 66532082830, vstest.console.dll, Determined framework for all sources: .NETCoreApp,Version=v8.0
TpTrace Verbose: 0 : 164, 1, 2024/10/12, 00:30:18.341, 66532084571, vstest.console.dll, TestRequestManager.UpdateRunSettingsIfRequired: Default architecture: X64 IsDefaultTargetArchitecture: True, Current process architecture: X64 OperatingSystem: Windows.
TpTrace Information: 0 : 164, 1, 2024/10/12, 00:30:18.342, 66532097804, vstest.console.dll, AssemblyMetadataProvider.GetArchitecture: Determined architecture:AnyCPU info for assembly: D:\projects\kahn_test\kahn_test\bin\Debug\net8.0\kahn_test.dll
TpTrace Information: 0 : 164, 1, 2024/10/12, 00:30:18.342, 66532098243, vstest.console.dll, Determined platform for source 'D:\projects\kahn_test\kahn_test\bin\Debug\net8.0\kahn_test.dll' was AnyCPU and it will use the default plaform X64.
TpTrace Information: 0 : 164, 1, 2024/10/12, 00:30:18.342, 66532098423, vstest.console.dll, None of the sources provided any runnable platform, using the default platform: X64
TpTrace Information: 0 : 164, 1, 2024/10/12, 00:30:18.342, 66532099520, vstest.console.dll, Platform was updated to 'X64'.
TpTrace Information: 0 : 164, 1, 2024/10/12, 00:30:18.344, 66532113999, vstest.console.dll, Compatible sources list: 
TpTrace Information: 0 : 164, 1, 2024/10/12, 00:30:18.344, 66532114682, vstest.console.dll, D:\projects\kahn_test\kahn_test\bin\Debug\net8.0\kahn_test.dll
TpTrace Information: 0 : 164, 1, 2024/10/12, 00:30:18.346, 66532136649, vstest.console.dll, InferRunSettingsHelper.IsTestSettingsEnabled: Unable to navigate to RunSettings/MSTest. Current node: RunSettings
TpTrace Information: 0 : 164, 1, 2024/10/12, 00:30:18.347, 66532142226, vstest.console.dll, AssemblyResolver.OnResolve: Microsoft.VisualStudio.TestPlatform.Fakes: Resolving assembly.
TpTrace Information: 0 : 164, 1, 2024/10/12, 00:30:18.347, 66532142691, vstest.console.dll, AssemblyResolver.OnResolve: Microsoft.VisualStudio.TestPlatform.Fakes: Searching in: 'C:\Program Files\dotnet\sdk\8.0.403\Extensions'.
TpTrace Information: 0 : 164, 1, 2024/10/12, 00:30:18.347, 66532143232, vstest.console.dll, AssemblyResolver.OnResolve: Microsoft.VisualStudio.TestPlatform.Fakes: Assembly path does not exist: 'C:\Program Files\dotnet\sdk\8.0.403\Extensions\Microsoft.VisualStudio.TestPlatform.Fakes.dll', returning.
TpTrace Information: 0 : 164, 1, 2024/10/12, 00:30:18.347, 66532143615, vstest.console.dll, AssemblyResolver.OnResolve: Microsoft.VisualStudio.TestPlatform.Fakes: Assembly path does not exist: 'C:\Program Files\dotnet\sdk\8.0.403\Extensions\Microsoft.VisualStudio.TestPlatform.Fakes.exe', returning.
TpTrace Information: 0 : 164, 1, 2024/10/12, 00:30:18.347, 66532143855, vstest.console.dll, AssemblyResolver.OnResolve: Microsoft.VisualStudio.TestPlatform.Fakes: Searching in: 'C:\Program Files\dotnet\sdk\8.0.403'.
TpTrace Information: 0 : 164, 1, 2024/10/12, 00:30:18.347, 66532144215, vstest.console.dll, AssemblyResolver.OnResolve: Microsoft.VisualStudio.TestPlatform.Fakes: Assembly path does not exist: 'C:\Program Files\dotnet\sdk\8.0.403\Microsoft.VisualStudio.TestPlatform.Fakes.dll', returning.
TpTrace Information: 0 : 164, 1, 2024/10/12, 00:30:18.347, 66532144554, vstest.console.dll, AssemblyResolver.OnResolve: Microsoft.VisualStudio.TestPlatform.Fakes: Assembly path does not exist: 'C:\Program Files\dotnet\sdk\8.0.403\Microsoft.VisualStudio.TestPlatform.Fakes.exe', returning.
TpTrace Information: 0 : 164, 1, 2024/10/12, 00:30:18.347, 66532144749, vstest.console.dll, AssemblyResolver.OnResolve: Microsoft.VisualStudio.TestPlatform.Fakes: Failed to load assembly.
TpTrace Information: 0 : 164, 1, 2024/10/12, 00:30:18.347, 66532151182, vstest.console.dll, Failed to load assembly Microsoft.VisualStudio.TestPlatform.Fakes, Version=17.0.0.0, Culture=neutral. Reason:System.IO.FileNotFoundException: Could not load file or assembly 'Microsoft.VisualStudio.TestPlatform.Fakes, Version=17.0.0.0, Culture=neutral, PublicKeyToken=null'. The system cannot find the file specified.
File name: 'Microsoft.VisualStudio.TestPlatform.Fakes, Version=17.0.0.0, Culture=neutral, PublicKeyToken=null'
   at System.Reflection.RuntimeAssembly.InternalLoad(AssemblyName assemblyName, StackCrawlMark& stackMark, AssemblyLoadContext assemblyLoadContext, RuntimeAssembly requestingAssembly, Boolean throwOnFileNotFound)
   at System.Reflection.Assembly.Load(AssemblyName assemblyRef)
   at Microsoft.VisualStudio.TestPlatform.Common.Utilities.FakesUtilities.LoadTestPlatformAssembly() in /_/src/Microsoft.TestPlatform.Common/Utilities/FakesUtilities.cs:line 272
TpTrace Verbose: 0 : 164, 1, 2024/10/12, 00:30:18.360, 66532277932, vstest.console.dll, TestEngine: Initializing Parallel Execution as MaxCpuCount is set to: 1
TpTrace Information: 0 : 164, 1, 2024/10/12, 00:30:18.361, 66532287963, vstest.console.dll, TestPluginManager.CreateTestExtension: Attempting to load test extension: Microsoft.VisualStudio.TestPlatform.CrossPlatEngine.Hosting.DefaultTestHostManager
TpTrace Information: 0 : 164, 1, 2024/10/12, 00:30:18.362, 66532292950, vstest.console.dll, TestPluginManager.CreateTestExtension: Attempting to load test extension: Microsoft.VisualStudio.TestPlatform.CrossPlatEngine.Hosting.DotnetTestHostManager
TpTrace Verbose: 0 : 164, 1, 2024/10/12, 00:30:18.362, 66532294605, vstest.console.dll, TestHostManagerCallbacks.ctor: Forwarding output is enabled.
TpTrace Information: 0 : 164, 1, 2024/10/12, 00:30:18.362, 66532297393, vstest.console.dll, InferRunSettingsHelper.IsTestSettingsEnabled: Unable to navigate to RunSettings/MSTest. Current node: RunSettings
TpTrace Verbose: 0 : 164, 1, 2024/10/12, 00:30:18.362, 66532301003, vstest.console.dll, ParallelOperationManager.ClearSlots: Clearing all slots. Slots should accept more work: True
TpTrace Verbose: 0 : 164, 1, 2024/10/12, 00:30:18.363, 66532305679, vstest.console.dll, ParallelOperationManager.SetOccupiedSlotCount: Setting slot counts AvailableSlotCount = 1, OccupiedSlotCount = 0.
TpTrace Verbose: 0 : 164, 1, 2024/10/12, 00:30:18.363, 66532308408, vstest.console.dll, Occupied slots:

TpTrace Verbose: 0 : 164, 1, 2024/10/12, 00:30:18.366, 66532336970, vstest.console.dll, TestEngine.GetExecutionManager: Chosen execution manager 'Microsoft.VisualStudio.TestPlatform.CrossPlatEngine.Client.Parallel.ParallelProxyExecutionManager, Microsoft.TestPlatform.CrossPlatEngine, Version=15.0.0.0, Culture=neutral, PublicKeyToken=b03f5f7f11d50a3a' ParallelLevel '1'.
TpTrace Verbose: 0 : 164, 1, 2024/10/12, 00:30:18.366, 66532338998, vstest.console.dll, TestPlatform.GetSkipDefaultAdapters: Not skipping default adapters SkipDefaultAdapters was false.
TpTrace Verbose: 0 : 164, 1, 2024/10/12, 00:30:18.366, 66532339833, vstest.console.dll, TestRunRequest.ExecuteAsync: Creating test run request.
TpTrace Verbose: 0 : 164, 1, 2024/10/12, 00:30:18.367, 66532343512, vstest.console.dll, TestRunRequest.ExecuteAsync: Starting.
TpTrace Information: 0 : 164, 1, 2024/10/12, 00:30:18.368, 66532353162, vstest.console.dll, TestRunRequest.ExecuteAsync: Starting run with settings:TestRunCriteria:
   KeepAlive=False,FrequencyOfRunStatsChangeEvent=10,RunStatsChangeEventTimeout=00:00:01.5000000,TestCaseFilter=,TestExecutorLauncher=
   Settingsxml=<RunSettings>
  <RunConfiguration>
    <ResultsDirectory>D:\projects\kahn_test\kahn_test\TestResults</ResultsDirectory>
    <TargetPlatform>X64</TargetPlatform>
    <TargetFrameworkVersion>.NETCoreApp,Version=v8.0</TargetFrameworkVersion>
    <DesignMode>False</DesignMode>
    <CollectSourceInformation>False</CollectSourceInformation>
  </RunConfiguration>
  <LoggerRunSettings>
    <Loggers>
      <Logger friendlyName="Console" assemblyQualifiedName="Microsoft.VisualStudio.TestPlatform.CommandLine.Internal.ConsoleLogger, vstest.console, Version=15.0.0.0, Culture=neutral, PublicKeyToken=b03f5f7f11d50a3a" codeBase="C:\Program Files\dotnet\sdk\8.0.403\vstest.console.dll" enabled="True">
        <Configuration>
          <Verbosity>minimal</Verbosity>
        </Configuration>
      </Logger>
    </Loggers>
  </LoggerRunSettings>
</RunSettings>

TpTrace Verbose: 0 : 164, 1, 2024/10/12, 00:30:18.368, 66532354170, vstest.console.dll, TestRunRequest.ExecuteAsync: Wait for the first run request is over.
TpTrace Verbose: 0 : 164, 1, 2024/10/12, 00:30:18.368, 66532356661, vstest.console.dll, MulticastDelegateUtilities.SafeInvoke: TestRun.TestRunStart: Invoking callbacks was skipped because there are no subscribers.
TpTrace Verbose: 0 : 164, 4, 2024/10/12, 00:30:18.368, 66532359676, vstest.console.dll, MulticastDelegateUtilities.SafeInvoke: InternalTestLoggerEvents.SendTestRunStart: Invoking callback 1/1 for Microsoft.VisualStudio.TestPlatform.CommandLine.Internal.ConsoleLogger., took 0 ms.
TpTrace Verbose: 0 : 164, 1, 2024/10/12, 00:30:18.369, 66532365987, vstest.console.dll, ParallelProxyExecutionManager: Start execution. Total sources: 1
TpTrace Verbose: 0 : 164, 1, 2024/10/12, 00:30:18.369, 66532369101, vstest.console.dll, ParallelOperationManager.StartWork: Starting adding 1 workloads.
TpTrace Verbose: 0 : 164, 1, 2024/10/12, 00:30:18.369, 66532369760, vstest.console.dll, ParallelOperationManager.ClearSlots: Clearing all slots. Slots should accept more work: True
TpTrace Verbose: 0 : 164, 1, 2024/10/12, 00:30:18.369, 66532370491, vstest.console.dll, ParallelOperationManager.SetOccupiedSlotCount: Setting slot counts AvailableSlotCount = 1, OccupiedSlotCount = 0.
TpTrace Verbose: 0 : 164, 1, 2024/10/12, 00:30:18.369, 66532370874, vstest.console.dll, Occupied slots:

TpTrace Verbose: 0 : 164, 1, 2024/10/12, 00:30:18.371, 66532390090, vstest.console.dll, TestHostManagerCallbacks.ctor: Forwarding output is enabled.
TpTrace Verbose: 0 : 164, 1, 2024/10/12, 00:30:18.373, 66532402597, vstest.console.dll, TestRequestSender is acting as server.
TpTrace Verbose: 0 : 164, 1, 2024/10/12, 00:30:18.373, 66532409267, vstest.console.dll, ParallelOperationManager.RunWorkInParallel: Adding 1 workload to slot, remaining workloads 0.
TpTrace Verbose: 0 : 164, 1, 2024/10/12, 00:30:18.373, 66532410339, vstest.console.dll, ParallelOperationManager.SetOccupiedSlotCount: Setting slot counts AvailableSlotCount = 0, OccupiedSlotCount = 1.
TpTrace Verbose: 0 : 164, 1, 2024/10/12, 00:30:18.374, 66532412094, vstest.console.dll, Occupied slots:
0: D:\projects\kahn_test\kahn_test\bin\Debug\net8.0\kahn_test.dll
TpTrace Verbose: 0 : 164, 1, 2024/10/12, 00:30:18.375, 66532427599, vstest.console.dll, ParallelOperationManager.RunWorkInParallel: Started host in slot number 0 for work (source): D:\projects\kahn_test\kahn_test\bin\Debug\net8.0\kahn_test.dll.
TpTrace Verbose: 0 : 164, 1, 2024/10/12, 00:30:18.376, 66532436123, vstest.console.dll, ParallelOperationManager.RunWorkInParallel: We started 1 work items, which is the max parallel level. Won't start more work.
TpTrace Verbose: 0 : 164, 1, 2024/10/12, 00:30:18.376, 66532437030, vstest.console.dll, ParallelOperationManager.RunWorkInParallel: We started 1 work items in here, returning True.
TpTrace Information: 0 : 164, 1, 2024/10/12, 00:30:18.376, 66532437344, vstest.console.dll, TestRunRequest.ExecuteAsync: Started.
TpTrace Verbose: 0 : 164, 5, 2024/10/12, 00:30:18.376, 66532437825, vstest.console.dll, ParallelProxyExecutionManager.StartTestRunOnConcurrentManager: Initializing uninitialized client. Started clients: 0
TpTrace Verbose: 0 : 164, 5, 2024/10/12, 00:30:18.376, 66532438507, vstest.console.dll, ParallelProxyExecutionManager.StartTestRunOnConcurrentManager: Initializing test run. Started clients: 0
TpTrace Verbose: 0 : 164, 5, 2024/10/12, 00:30:18.376, 66532439194, vstest.console.dll, ProxyExecutionManager: Test host is always Lazy initialize.
TpTrace Verbose: 0 : 164, 5, 2024/10/12, 00:30:18.376, 66532441008, vstest.console.dll, TestRequestSender.InitializeCommunication: initialize communication. 
TpTrace Verbose: 0 : 164, 1, 2024/10/12, 00:30:18.377, 66532441965, vstest.console.dll, TestRunRequest.WaitForCompletion: Waiting with timeout -1.
TpTrace Information: 0 : 164, 5, 2024/10/12, 00:30:18.384, 66532513776, vstest.console.dll, SocketServer.Start: Listening on endpoint : 127.0.0.1:53296
TpTrace Verbose: 0 : 164, 5, 2024/10/12, 00:30:18.392, 66532593709, vstest.console.dll, DotnetTestHostmanager.GetTestHostProcessStartInfo: Platform environment 'X64' target architecture 'X64' framework '.NETCoreApp,Version=v8.0' OS 'Windows'
TpTrace Verbose: 0 : 164, 5, 2024/10/12, 00:30:18.392, 66532595417, vstest.console.dll, DotnetTestHostmanager: Adding  --runtimeconfig "D:\projects\kahn_test\kahn_test\bin\Debug\net8.0\kahn_test.runtimeconfig.json" in args
TpTrace Verbose: 0 : 164, 5, 2024/10/12, 00:30:18.392, 66532595942, vstest.console.dll, DotnetTestHostmanager: Adding  --depsfile "D:\projects\kahn_test\kahn_test\bin\Debug\net8.0\kahn_test.deps.json" in args
TpTrace Verbose: 0 : 164, 5, 2024/10/12, 00:30:18.392, 66532597602, vstest.console.dll, DotnetTestHostmanager.IsWinOnArm: Current PROCESSOR_ARCHITECTURE from environment variable 'AMD64'
TpTrace Verbose: 0 : 164, 5, 2024/10/12, 00:30:18.392, 66532598201, vstest.console.dll, DotnetTestHostmanager.IsWinOnArm: Is Windows on ARM 'False'
TpTrace Verbose: 0 : 164, 5, 2024/10/12, 00:30:18.392, 66532598744, vstest.console.dll, DotnetTestHostManager: testhost.exe found at path: D:\projects\kahn_test\kahn_test\bin\Debug\net8.0\testhost.exe
TpTrace Verbose: 0 : 164, 5, 2024/10/12, 00:30:18.392, 66532599214, vstest.console.dll, DotnetTestHostmanager: Full path of host exe is D:\projects\kahn_test\kahn_test\bin\Debug\net8.0\testhost.exe
TpTrace Verbose: 0 : 164, 5, 2024/10/12, 00:30:18.392, 66532600496, vstest.console.dll, DotnetTestHostmanager.LaunchTestHostAsync: Found 'VSTEST_WINAPPHOST_DOTNET_ROOT' in env variables, value 'C:\Program Files\dotnet', forwarding to 'DOTNET_ROOT'
TpTrace Verbose: 0 : 164, 5, 2024/10/12, 00:30:18.393, 66532602531, vstest.console.dll, DotnetTestHostManager: Starting process 'D:\projects\kahn_test\kahn_test\bin\Debug\net8.0\testhost.exe' with command line ' --runtimeconfig "D:\projects\kahn_test\kahn_test\bin\Debug\net8.0\kahn_test.runtimeconfig.json" --depsfile "D:\projects\kahn_test\kahn_test\bin\Debug\net8.0\kahn_test.deps.json" --port 53296 --endpoint 127.0.0.1:053296 --role client --parentprocessid 164 --diag "D:\projects\kahn_test\kahn_test\log.host.24-10-12_00-30-18_39176_5.txt" --tracelevel 4 --telemetryoptedin false'
TpTrace Verbose: 0 : 164, 5, 2024/10/12, 00:30:18.398, 66532652359, vstest.console.dll, Test Runtime launched
TpTrace Verbose: 0 : 164, 5, 2024/10/12, 00:30:18.398, 66532653628, vstest.console.dll, MulticastDelegateUtilities.SafeInvoke: HostProviderEvents.OnHostLaunched: Invoking callback 1/1 for Microsoft.VisualStudio.TestPlatform.CrossPlatEngine.Client.ProxyOperationManager., took 0 ms.
TpTrace Verbose: 0 : 164, 5, 2024/10/12, 00:30:18.398, 66532655899, vstest.console.dll, TestRequestSender.WaitForRequestHandlerConnection: waiting for connection with timeout: 90000.
TpTrace Verbose: 0 : 164, 5, 2024/10/12, 00:30:18.525, 66533922385, vstest.console.dll, TestRequestSender.WaitForRequestHandlerConnection: waiting took 126 ms, with timeout 90000 ms, and result 0, which is success.
TpTrace Verbose: 0 : 164, 10, 2024/10/12, 00:30:18.525, 66533922385, vstest.console.dll, MulticastDelegateUtilities.SafeInvoke: SocketServer: ClientConnected: Invoking callback 1/1 for Microsoft.VisualStudio.TestPlatform.CommunicationUtilities.TestRequestSender., took 0 ms.
TpTrace Verbose: 0 : 164, 10, 2024/10/12, 00:30:18.525, 66533923765, vstest.console.dll, SocketServer.OnClientConnected: Client connected for endPoint: 127.0.0.1:53296, starting MessageLoopAsync:
TpTrace Verbose: 0 : 164, 7, 2024/10/12, 00:30:18.525, 66533928610, vstest.console.dll, TcpClientExtensions.MessageLoopAsync: Polling on remoteEndPoint: 127.0.0.1:53298 localEndPoint: 127.0.0.1:53296 after 0 ms
TpTrace Verbose: 0 : 164, 5, 2024/10/12, 00:30:18.551, 66534186697, vstest.console.dll, TestRequestSender.CheckVersionWithTestHost: Sending check version message: {"MessageType":"ProtocolVersion","Payload":7}
TpTrace Verbose: 0 : 164, 7, 2024/10/12, 00:30:18.653, 66535204378, vstest.console.dll, TcpClientExtensions.MessageLoopAsync: NotifyDataAvailable remoteEndPoint: 127.0.0.1:53298 localEndPoint: 127.0.0.1:53296
TpTrace Verbose: 0 : 164, 7, 2024/10/12, 00:30:18.653, 66535208160, vstest.console.dll, TestRequestSender.CheckVersionWithTestHost: onMessageReceived received message: (ProtocolVersion) -> {"MessageType":"ProtocolVersion","Payload":7}
TpTrace Verbose: 0 : 164, 7, 2024/10/12, 00:30:18.656, 66535237150, vstest.console.dll, MulticastDelegateUtilities.SafeInvoke: LengthPrefixCommunicationChannel: MessageReceived: Invoking callback 1/1 for Microsoft.VisualStudio.TestPlatform.CommunicationUtilities.TestRequestSender+<>c__DisplayClass29_0., took 2 ms.
TpTrace Verbose: 0 : 164, 7, 2024/10/12, 00:30:18.656, 66535238127, vstest.console.dll, TcpClientExtensions.MessageLoopAsync: Polling on remoteEndPoint: 127.0.0.1:53298 localEndPoint: 127.0.0.1:53296 after 130 ms
TpTrace Verbose: 0 : 164, 5, 2024/10/12, 00:30:18.656, 66535238310, vstest.console.dll, TestPluginCache.GetExtensionPaths: Filtered extension paths: 
TpTrace Verbose: 0 : 164, 5, 2024/10/12, 00:30:18.656, 66535238787, vstest.console.dll, TestPluginCache.GetExtensionPaths: Added default extension paths: C:\Program Files\dotnet\sdk\8.0.403\Extensions\Microsoft.Diagnostics.NETCore.Client.dll
C:\Program Files\dotnet\sdk\8.0.403\Extensions\Microsoft.TestPlatform.Extensions.BlameDataCollector.dll
C:\Program Files\dotnet\sdk\8.0.403\Extensions\Microsoft.TestPlatform.Extensions.EventLogCollector.dll
C:\Program Files\dotnet\sdk\8.0.403\Extensions\Microsoft.TestPlatform.TestHostRuntimeProvider.dll
C:\Program Files\dotnet\sdk\8.0.403\Extensions\Microsoft.VisualStudio.TestPlatform.Extensions.Html.TestLogger.dll
C:\Program Files\dotnet\sdk\8.0.403\Extensions\Microsoft.VisualStudio.TestPlatform.Extensions.Trx.TestLogger.dll
TpTrace Verbose: 0 : 164, 5, 2024/10/12, 00:30:18.656, 66535239081, vstest.console.dll, TestPluginCache.GetExtensionPaths: Added unfilterableExtensionPaths: 
TpTrace Verbose: 0 : 164, 5, 2024/10/12, 00:30:18.659, 66535269812, vstest.console.dll, TestRequestSender.InitializeExecution: Sending initialize execution with message: {"Version":7,"MessageType":"TestExecution.Initialize","Payload":["D:\\projects\\kahn_test\\kahn_test\\bin\\Debug\\net8.0\\xunit.runner.visualstudio.testadapter.dll"]}
TpTrace Verbose: 0 : 164, 5, 2024/10/12, 00:30:18.659, 66535271349, vstest.console.dll, ParallelProxyExecutionManager.StartTestRunOnConcurrentManager: Execution starting. Started clients: 1
TpTrace Warning: 0 : 164, 5, 2024/10/12, 00:30:18.660, 66535274107, vstest.console.dll, InferRunSettingsHelper.MakeRunsettingsCompatible: Removing the following settings: TargetPlatform from RunSettings file. To use those settings please move to latest version of Microsoft.NET.Test.Sdk
TpTrace Verbose: 0 : 164, 5, 2024/10/12, 00:30:18.665, 66535330629, vstest.console.dll, TestRequestSender.StartTestRun: Sending test run with message: {"Version":7,"MessageType":"TestExecution.StartWithSources","Payload":{"AdapterSourceMap":{"_none_":["D:\\projects\\kahn_test\\kahn_test\\bin\\Debug\\net8.0\\kahn_test.dll"]},"RunSettings":"<RunSettings>\r\n  <RunConfiguration>\r\n    <ResultsDirectory>D:\\projects\\kahn_test\\kahn_test\\TestResults</ResultsDirectory>\r\n    <TargetFrameworkVersion>.NETCoreApp,Version=v8.0</TargetFrameworkVersion>\r\n    <DesignMode>False</DesignMode>\r\n    <CollectSourceInformation>False</CollectSourceInformation>\r\n  </RunConfiguration>\r\n  <LoggerRunSettings>\r\n    <Loggers>\r\n      <Logger friendlyName=\"Console\" assemblyQualifiedName=\"Microsoft.VisualStudio.TestPlatform.CommandLine.Internal.ConsoleLogger, vstest.console, Version=15.0.0.0, Culture=neutral, PublicKeyToken=b03f5f7f11d50a3a\" codeBase=\"C:\\Program Files\\dotnet\\sdk\\8.0.403\\vstest.console.dll\" enabled=\"True\">\r\n        <Configuration>\r\n          <Verbosity>minimal</Verbosity>\r\n        </Configuration>\r\n      </Logger>\r\n    </Loggers>\r\n  </LoggerRunSettings>\r\n</RunSettings>","TestExecutionContext":{"FrequencyOfRunStatsChangeEvent":10,"RunStatsChangeEventTimeout":"00:00:01.5000000","InIsolation":false,"KeepAlive":false,"AreTestCaseLevelEventsRequired":false,"IsDebug":false,"TestCaseFilter":null,"FilterOptions":null},"Package":null}}
TpTrace Verbose: 0 : 164, 5, 2024/10/12, 00:30:18.666, 66535332079, vstest.console.dll, ParallelProxyExecutionManager.StartTestRunOnConcurrentManager: Execution started. Started clients: 1
TpTrace Verbose: 0 : 164, 7, 2024/10/12, 00:30:18.680, 66535477343, vstest.console.dll, TcpClientExtensions.MessageLoopAsync: NotifyDataAvailable remoteEndPoint: 127.0.0.1:53298 localEndPoint: 127.0.0.1:53296
TpTrace Verbose: 0 : 164, 7, 2024/10/12, 00:30:18.680, 66535481289, vstest.console.dll, TestRequestSender.OnExecutionMessageReceived: Received message: {"Version":7,"MessageType":"TestSession.Message","Payload":{"MessageLevel":0,"Message":"Logging TestHost Diagnostics in file: D:\\projects\\kahn_test\\kahn_test\\log.host.24-10-12_00-30-18_39176_5.txt"}}
TpTrace Verbose: 0 : 164, 7, 2024/10/12, 00:30:18.683, 66535510269, vstest.console.dll, TestRunRequest:SendTestRunMessage: Starting.
TpTrace Verbose: 0 : 164, 7, 2024/10/12, 00:30:18.684, 66535511939, vstest.console.dll, MulticastDelegateUtilities.SafeInvoke: TestRun.LogMessages: Invoking callback 1/1 for Microsoft.VisualStudio.TestPlatform.CommandLine.TestRunResultAggregator., took 0 ms.
TpTrace Information: 0 : 164, 7, 2024/10/12, 00:30:18.684, 66535512420, vstest.console.dll, TestRunRequest:SendTestRunMessage: Completed.
TpTrace Verbose: 0 : 164, 7, 2024/10/12, 00:30:18.684, 66535512941, vstest.console.dll, MulticastDelegateUtilities.SafeInvoke: LengthPrefixCommunicationChannel: MessageReceived: Invoking callback 1/1 for Microsoft.VisualStudio.TestPlatform.CommunicationUtilities.TestRequestSender+<>c__DisplayClass34_0., took 3 ms.
TpTrace Verbose: 0 : 164, 7, 2024/10/12, 00:30:18.684, 66535513403, vstest.console.dll, TcpClientExtensions.MessageLoopAsync: Polling on remoteEndPoint: 127.0.0.1:53298 localEndPoint: 127.0.0.1:53296 after 27 ms
TpTrace Verbose: 0 : 164, 4, 2024/10/12, 00:30:18.684, 66535513417, vstest.console.dll, MulticastDelegateUtilities.SafeInvoke: InternalTestLoggerEvents.SendTestRunMessage: Invoking callback 1/1 for Microsoft.VisualStudio.TestPlatform.CommandLine.Internal.ConsoleLogger., took 0 ms.
TpTrace Verbose: 0 : 164, 7, 2024/10/12, 00:30:18.799, 66536664835, vstest.console.dll, TcpClientExtensions.MessageLoopAsync: NotifyDataAvailable remoteEndPoint: 127.0.0.1:53298 localEndPoint: 127.0.0.1:53296
TpTrace Verbose: 0 : 164, 7, 2024/10/12, 00:30:18.799, 66536666987, vstest.console.dll, TestRequestSender.OnExecutionMessageReceived: Received message: {"Version":7,"MessageType":"TestSession.Message","Payload":{"MessageLevel":0,"Message":"[xUnit.net 00:00:00.00] xUnit.net VSTest Adapter v2.8.2+699d445a1a (64-bit .NET 8.0.10)"}}
TpTrace Verbose: 0 : 164, 7, 2024/10/12, 00:30:18.799, 66536669642, vstest.console.dll, TestRunRequest:SendTestRunMessage: Starting.
TpTrace Verbose: 0 : 164, 7, 2024/10/12, 00:30:18.799, 66536670453, vstest.console.dll, MulticastDelegateUtilities.SafeInvoke: TestRun.LogMessages: Invoking callback 1/1 for Microsoft.VisualStudio.TestPlatform.CommandLine.TestRunResultAggregator., took 0 ms.
TpTrace Verbose: 0 : 164, 4, 2024/10/12, 00:30:18.799, 66536670708, vstest.console.dll, MulticastDelegateUtilities.SafeInvoke: InternalTestLoggerEvents.SendTestRunMessage: Invoking callback 1/1 for Microsoft.VisualStudio.TestPlatform.CommandLine.Internal.ConsoleLogger., took 0 ms.
TpTrace Information: 0 : 164, 7, 2024/10/12, 00:30:18.799, 66536670980, vstest.console.dll, TestRunRequest:SendTestRunMessage: Completed.
TpTrace Verbose: 0 : 164, 7, 2024/10/12, 00:30:18.799, 66536671613, vstest.console.dll, MulticastDelegateUtilities.SafeInvoke: LengthPrefixCommunicationChannel: MessageReceived: Invoking callback 1/1 for Microsoft.VisualStudio.TestPlatform.CommunicationUtilities.TestRequestSender+<>c__DisplayClass34_0., took 0 ms.
TpTrace Verbose: 0 : 164, 7, 2024/10/12, 00:30:18.800, 66536672026, vstest.console.dll, TcpClientExtensions.MessageLoopAsync: Polling on remoteEndPoint: 127.0.0.1:53298 localEndPoint: 127.0.0.1:53296 after 115 ms
TpTrace Verbose: 0 : 164, 7, 2024/10/12, 00:30:18.879, 66537465205, vstest.console.dll, TcpClientExtensions.MessageLoopAsync: NotifyDataAvailable remoteEndPoint: 127.0.0.1:53298 localEndPoint: 127.0.0.1:53296
TpTrace Verbose: 0 : 164, 7, 2024/10/12, 00:30:18.879, 66537466539, vstest.console.dll, TestRequestSender.OnExecutionMessageReceived: Received message: {"Version":7,"MessageType":"TestSession.Message","Payload":{"MessageLevel":0,"Message":"[xUnit.net 00:00:00.08]   Discovering: kahn_test"}}
TpTrace Verbose: 0 : 164, 7, 2024/10/12, 00:30:18.879, 66537467893, vstest.console.dll, TestRunRequest:SendTestRunMessage: Starting.
TpTrace Verbose: 0 : 164, 7, 2024/10/12, 00:30:18.879, 66537468558, vstest.console.dll, MulticastDelegateUtilities.SafeInvoke: TestRun.LogMessages: Invoking callback 1/1 for Microsoft.VisualStudio.TestPlatform.CommandLine.TestRunResultAggregator., took 0 ms.
TpTrace Verbose: 0 : 164, 4, 2024/10/12, 00:30:18.879, 66537468719, vstest.console.dll, MulticastDelegateUtilities.SafeInvoke: InternalTestLoggerEvents.SendTestRunMessage: Invoking callback 1/1 for Microsoft.VisualStudio.TestPlatform.CommandLine.Internal.ConsoleLogger., took 0 ms.
TpTrace Information: 0 : 164, 7, 2024/10/12, 00:30:18.879, 66537469267, vstest.console.dll, TestRunRequest:SendTestRunMessage: Completed.
TpTrace Verbose: 0 : 164, 7, 2024/10/12, 00:30:18.879, 66537469610, vstest.console.dll, MulticastDelegateUtilities.SafeInvoke: LengthPrefixCommunicationChannel: MessageReceived: Invoking callback 1/1 for Microsoft.VisualStudio.TestPlatform.CommunicationUtilities.TestRequestSender+<>c__DisplayClass34_0., took 0 ms.
TpTrace Verbose: 0 : 164, 7, 2024/10/12, 00:30:18.879, 66537469890, vstest.console.dll, TcpClientExtensions.MessageLoopAsync: Polling on remoteEndPoint: 127.0.0.1:53298 localEndPoint: 127.0.0.1:53296 after 79 ms
TpTrace Verbose: 0 : 164, 7, 2024/10/12, 00:30:18.922, 66537893924, vstest.console.dll, TcpClientExtensions.MessageLoopAsync: NotifyDataAvailable remoteEndPoint: 127.0.0.1:53298 localEndPoint: 127.0.0.1:53296
TpTrace Verbose: 0 : 164, 7, 2024/10/12, 00:30:18.922, 66537895525, vstest.console.dll, TestRequestSender.OnExecutionMessageReceived: Received message: {"Version":7,"MessageType":"TestSession.Message","Payload":{"MessageLevel":0,"Message":"[xUnit.net 00:00:00.12]   Discovered:  kahn_test"}}
TpTrace Verbose: 0 : 164, 7, 2024/10/12, 00:30:18.922, 66537897397, vstest.console.dll, TestRunRequest:SendTestRunMessage: Starting.
TpTrace Verbose: 0 : 164, 7, 2024/10/12, 00:30:18.922, 66537898212, vstest.console.dll, MulticastDelegateUtilities.SafeInvoke: TestRun.LogMessages: Invoking callback 1/1 for Microsoft.VisualStudio.TestPlatform.CommandLine.TestRunResultAggregator., took 0 ms.
TpTrace Verbose: 0 : 164, 4, 2024/10/12, 00:30:18.922, 66537898394, vstest.console.dll, MulticastDelegateUtilities.SafeInvoke: InternalTestLoggerEvents.SendTestRunMessage: Invoking callback 1/1 for Microsoft.VisualStudio.TestPlatform.CommandLine.Internal.ConsoleLogger., took 0 ms.
TpTrace Information: 0 : 164, 7, 2024/10/12, 00:30:18.922, 66537899096, vstest.console.dll, TestRunRequest:SendTestRunMessage: Completed.
TpTrace Verbose: 0 : 164, 7, 2024/10/12, 00:30:18.922, 66537899496, vstest.console.dll, MulticastDelegateUtilities.SafeInvoke: LengthPrefixCommunicationChannel: MessageReceived: Invoking callback 1/1 for Microsoft.VisualStudio.TestPlatform.CommunicationUtilities.TestRequestSender+<>c__DisplayClass34_0., took 0 ms.
TpTrace Verbose: 0 : 164, 7, 2024/10/12, 00:30:18.922, 66537899826, vstest.console.dll, TcpClientExtensions.MessageLoopAsync: Polling on remoteEndPoint: 127.0.0.1:53298 localEndPoint: 127.0.0.1:53296 after 42 ms
TpTrace Verbose: 0 : 164, 7, 2024/10/12, 00:30:18.926, 66537935772, vstest.console.dll, TcpClientExtensions.MessageLoopAsync: NotifyDataAvailable remoteEndPoint: 127.0.0.1:53298 localEndPoint: 127.0.0.1:53296
TpTrace Verbose: 0 : 164, 7, 2024/10/12, 00:30:18.926, 66537937476, vstest.console.dll, TestRequestSender.OnExecutionMessageReceived: Received message: {"Version":7,"MessageType":"TestSession.Message","Payload":{"MessageLevel":0,"Message":"[xUnit.net 00:00:00.13]   Starting:    kahn_test"}}
TpTrace Verbose: 0 : 164, 7, 2024/10/12, 00:30:18.926, 66537938745, vstest.console.dll, TestRunRequest:SendTestRunMessage: Starting.
TpTrace Verbose: 0 : 164, 7, 2024/10/12, 00:30:18.926, 66537939298, vstest.console.dll, MulticastDelegateUtilities.SafeInvoke: TestRun.LogMessages: Invoking callback 1/1 for Microsoft.VisualStudio.TestPlatform.CommandLine.TestRunResultAggregator., took 0 ms.
TpTrace Verbose: 0 : 164, 4, 2024/10/12, 00:30:18.926, 66537939443, vstest.console.dll, MulticastDelegateUtilities.SafeInvoke: InternalTestLoggerEvents.SendTestRunMessage: Invoking callback 1/1 for Microsoft.VisualStudio.TestPlatform.CommandLine.Internal.ConsoleLogger., took 0 ms.
TpTrace Information: 0 : 164, 7, 2024/10/12, 00:30:18.926, 66537939610, vstest.console.dll, TestRunRequest:SendTestRunMessage: Completed.
TpTrace Verbose: 0 : 164, 7, 2024/10/12, 00:30:18.926, 66537940183, vstest.console.dll, MulticastDelegateUtilities.SafeInvoke: LengthPrefixCommunicationChannel: MessageReceived: Invoking callback 1/1 for Microsoft.VisualStudio.TestPlatform.CommunicationUtilities.TestRequestSender+<>c__DisplayClass34_0., took 0 ms.
TpTrace Verbose: 0 : 164, 7, 2024/10/12, 00:30:18.926, 66537940406, vstest.console.dll, TcpClientExtensions.MessageLoopAsync: Polling on remoteEndPoint: 127.0.0.1:53298 localEndPoint: 127.0.0.1:53296 after 4 ms
TpTrace Verbose: 0 : 164, 7, 2024/10/12, 00:30:19.130, 66539978954, vstest.console.dll, TcpClientExtensions.MessageLoopAsync: NotifyDataAvailable remoteEndPoint: 127.0.0.1:53298 localEndPoint: 127.0.0.1:53296
TpTrace Verbose: 0 : 164, 7, 2024/10/12, 00:30:19.130, 66539981816, vstest.console.dll, TestRequestSender.OnExecutionMessageReceived: Received message: {"Version":7,"MessageType":"TestSession.Message","Payload":{"MessageLevel":2,"Message":"[xUnit.net 00:00:00.33]     TicketManagement.API.Tests.TicketServiceTests.CreateTicketAsync_ShouldAddTicketToDatabase [FAIL]"}}
TpTrace Verbose: 0 : 164, 7, 2024/10/12, 00:30:19.131, 66539983500, vstest.console.dll, TestRunRequest:SendTestRunMessage: Starting.
TpTrace Verbose: 0 : 164, 7, 2024/10/12, 00:30:19.131, 66539984153, vstest.console.dll, MulticastDelegateUtilities.SafeInvoke: TestRun.LogMessages: Invoking callback 1/1 for Microsoft.VisualStudio.TestPlatform.CommandLine.TestRunResultAggregator., took 0 ms.
TpTrace Information: 0 : 164, 7, 2024/10/12, 00:30:19.131, 66539984521, vstest.console.dll, TestRunRequest:SendTestRunMessage: Completed.
TpTrace Verbose: 0 : 164, 7, 2024/10/12, 00:30:19.131, 66539985234, vstest.console.dll, MulticastDelegateUtilities.SafeInvoke: LengthPrefixCommunicationChannel: MessageReceived: Invoking callback 1/1 for Microsoft.VisualStudio.TestPlatform.CommunicationUtilities.TestRequestSender+<>c__DisplayClass34_0., took 0 ms.
TpTrace Verbose: 0 : 164, 7, 2024/10/12, 00:30:19.131, 66539985667, vstest.console.dll, TcpClientExtensions.MessageLoopAsync: Polling on remoteEndPoint: 127.0.0.1:53298 localEndPoint: 127.0.0.1:53296 after 204 ms
TpTrace Verbose: 0 : 164, 7, 2024/10/12, 00:30:19.131, 66539987036, vstest.console.dll, TcpClientExtensions.MessageLoopAsync: NotifyDataAvailable remoteEndPoint: 127.0.0.1:53298 localEndPoint: 127.0.0.1:53296
TpTrace Verbose: 0 : 164, 7, 2024/10/12, 00:30:19.131, 66539987956, vstest.console.dll, TestRequestSender.OnExecutionMessageReceived: Received message: {"Version":7,"MessageType":"TestSession.Message","Payload":{"MessageLevel":0,"Message":"[xUnit.net 00:00:00.33]       System.NotSupportedException : Unsupported expression: c => c.Tickets"}}
TpTrace Verbose: 0 : 164, 7, 2024/10/12, 00:30:19.131, 66539989021, vstest.console.dll, TestRunRequest:SendTestRunMessage: Starting.
TpTrace Verbose: 0 : 164, 4, 2024/10/12, 00:30:19.131, 66539989211, vstest.console.dll, MulticastDelegateUtilities.SafeInvoke: InternalTestLoggerEvents.SendTestRunMessage: Invoking callback 1/1 for Microsoft.VisualStudio.TestPlatform.CommandLine.Internal.ConsoleLogger., took 0 ms.
TpTrace Verbose: 0 : 164, 7, 2024/10/12, 00:30:19.131, 66539990368, vstest.console.dll, MulticastDelegateUtilities.SafeInvoke: TestRun.LogMessages: Invoking callback 1/1 for Microsoft.VisualStudio.TestPlatform.CommandLine.TestRunResultAggregator., took 0 ms.
TpTrace Verbose: 0 : 164, 4, 2024/10/12, 00:30:19.131, 66539990494, vstest.console.dll, MulticastDelegateUtilities.SafeInvoke: InternalTestLoggerEvents.SendTestRunMessage: Invoking callback 1/1 for Microsoft.VisualStudio.TestPlatform.CommandLine.Internal.ConsoleLogger., took 0 ms.
TpTrace Information: 0 : 164, 7, 2024/10/12, 00:30:19.131, 66539990879, vstest.console.dll, TestRunRequest:SendTestRunMessage: Completed.
TpTrace Verbose: 0 : 164, 7, 2024/10/12, 00:30:19.131, 66539991852, vstest.console.dll, MulticastDelegateUtilities.SafeInvoke: LengthPrefixCommunicationChannel: MessageReceived: Invoking callback 1/1 for Microsoft.VisualStudio.TestPlatform.CommunicationUtilities.TestRequestSender+<>c__DisplayClass34_0., took 0 ms.
TpTrace Verbose: 0 : 164, 7, 2024/10/12, 00:30:19.132, 66539992445, vstest.console.dll, TcpClientExtensions.MessageLoopAsync: Polling on remoteEndPoint: 127.0.0.1:53298 localEndPoint: 127.0.0.1:53296 after 0 ms
TpTrace Verbose: 0 : 164, 7, 2024/10/12, 00:30:19.132, 66539993072, vstest.console.dll, TcpClientExtensions.MessageLoopAsync: NotifyDataAvailable remoteEndPoint: 127.0.0.1:53298 localEndPoint: 127.0.0.1:53296
TpTrace Verbose: 0 : 164, 7, 2024/10/12, 00:30:19.132, 66539993833, vstest.console.dll, TestRequestSender.OnExecutionMessageReceived: Received message: {"Version":7,"MessageType":"TestSession.Message","Payload":{"MessageLevel":0,"Message":"[xUnit.net 00:00:00.33]       Non-overridable members (here: ApplicationDbContext.get_Tickets) may not be used in setup / verification expressions."}}
TpTrace Verbose: 0 : 164, 7, 2024/10/12, 00:30:19.132, 66539996385, vstest.console.dll, TestRunRequest:SendTestRunMessage: Starting.
TpTrace Verbose: 0 : 164, 7, 2024/10/12, 00:30:19.132, 66539997090, vstest.console.dll, MulticastDelegateUtilities.SafeInvoke: TestRun.LogMessages: Invoking callback 1/1 for Microsoft.VisualStudio.TestPlatform.CommandLine.TestRunResultAggregator., took 0 ms.
TpTrace Verbose: 0 : 164, 4, 2024/10/12, 00:30:19.132, 66539997249, vstest.console.dll, MulticastDelegateUtilities.SafeInvoke: InternalTestLoggerEvents.SendTestRunMessage: Invoking callback 1/1 for Microsoft.VisualStudio.TestPlatform.CommandLine.Internal.ConsoleLogger., took 0 ms.
TpTrace Information: 0 : 164, 7, 2024/10/12, 00:30:19.132, 66539998091, vstest.console.dll, TestRunRequest:SendTestRunMessage: Completed.
TpTrace Verbose: 0 : 164, 7, 2024/10/12, 00:30:19.132, 66539998549, vstest.console.dll, MulticastDelegateUtilities.SafeInvoke: LengthPrefixCommunicationChannel: MessageReceived: Invoking callback 1/1 for Microsoft.VisualStudio.TestPlatform.CommunicationUtilities.TestRequestSender+<>c__DisplayClass34_0., took 0 ms.
TpTrace Verbose: 0 : 164, 7, 2024/10/12, 00:30:19.132, 66539998928, vstest.console.dll, TcpClientExtensions.MessageLoopAsync: Polling on remoteEndPoint: 127.0.0.1:53298 localEndPoint: 127.0.0.1:53296 after 0 ms
TpTrace Verbose: 0 : 164, 7, 2024/10/12, 00:30:19.132, 66539999882, vstest.console.dll, TcpClientExtensions.MessageLoopAsync: NotifyDataAvailable remoteEndPoint: 127.0.0.1:53298 localEndPoint: 127.0.0.1:53296
TpTrace Verbose: 0 : 164, 7, 2024/10/12, 00:30:19.132, 66540000656, vstest.console.dll, TestRequestSender.OnExecutionMessageReceived: Received message: {"Version":7,"MessageType":"TestSession.Message","Payload":{"MessageLevel":0,"Message":"[xUnit.net 00:00:00.33]       Stack Trace:"}}
TpTrace Verbose: 0 : 164, 7, 2024/10/12, 00:30:19.132, 66540001631, vstest.console.dll, TestRunRequest:SendTestRunMessage: Starting.
TpTrace Verbose: 0 : 164, 7, 2024/10/12, 00:30:19.133, 66540002312, vstest.console.dll, MulticastDelegateUtilities.SafeInvoke: TestRun.LogMessages: Invoking callback 1/1 for Microsoft.VisualStudio.TestPlatform.CommandLine.TestRunResultAggregator., took 0 ms.
TpTrace Verbose: 0 : 164, 4, 2024/10/12, 00:30:19.133, 66540002450, vstest.console.dll, MulticastDelegateUtilities.SafeInvoke: InternalTestLoggerEvents.SendTestRunMessage: Invoking callback 1/1 for Microsoft.VisualStudio.TestPlatform.CommandLine.Internal.ConsoleLogger., took 0 ms.
TpTrace Information: 0 : 164, 7, 2024/10/12, 00:30:19.133, 66540003175, vstest.console.dll, TestRunRequest:SendTestRunMessage: Completed.
TpTrace Verbose: 0 : 164, 7, 2024/10/12, 00:30:19.133, 66540003693, vstest.console.dll, MulticastDelegateUtilities.SafeInvoke: LengthPrefixCommunicationChannel: MessageReceived: Invoking callback 1/1 for Microsoft.VisualStudio.TestPlatform.CommunicationUtilities.TestRequestSender+<>c__DisplayClass34_0., took 0 ms.
TpTrace Verbose: 0 : 164, 7, 2024/10/12, 00:30:19.133, 66540004069, vstest.console.dll, TcpClientExtensions.MessageLoopAsync: Polling on remoteEndPoint: 127.0.0.1:53298 localEndPoint: 127.0.0.1:53296 after 0 ms
TpTrace Verbose: 0 : 164, 7, 2024/10/12, 00:30:19.133, 66540007872, vstest.console.dll, TcpClientExtensions.MessageLoopAsync: NotifyDataAvailable remoteEndPoint: 127.0.0.1:53298 localEndPoint: 127.0.0.1:53296
TpTrace Verbose: 0 : 164, 7, 2024/10/12, 00:30:19.133, 66540009002, vstest.console.dll, TestRequestSender.OnExecutionMessageReceived: Received message: {"Version":7,"MessageType":"TestSession.Message","Payload":{"MessageLevel":0,"Message":"[xUnit.net 00:00:00.33]         /_/src/Moq/Guard.cs(99,0): at Moq.Guard.IsOverridable(MethodInfo method, Expression expression)"}}
TpTrace Verbose: 0 : 164, 7, 2024/10/12, 00:30:19.133, 66540010419, vstest.console.dll, TestRunRequest:SendTestRunMessage: Starting.
TpTrace Verbose: 0 : 164, 7, 2024/10/12, 00:30:19.133, 66540011306, vstest.console.dll, MulticastDelegateUtilities.SafeInvoke: TestRun.LogMessages: Invoking callback 1/1 for Microsoft.VisualStudio.TestPlatform.CommandLine.TestRunResultAggregator., took 0 ms.
TpTrace Verbose: 0 : 164, 4, 2024/10/12, 00:30:19.133, 66540011432, vstest.console.dll, MulticastDelegateUtilities.SafeInvoke: InternalTestLoggerEvents.SendTestRunMessage: Invoking callback 1/1 for Microsoft.VisualStudio.TestPlatform.CommandLine.Internal.ConsoleLogger., took 0 ms.
TpTrace Information: 0 : 164, 7, 2024/10/12, 00:30:19.134, 66540011928, vstest.console.dll, TestRunRequest:SendTestRunMessage: Completed.
TpTrace Verbose: 0 : 164, 7, 2024/10/12, 00:30:19.134, 66540012609, vstest.console.dll, MulticastDelegateUtilities.SafeInvoke: LengthPrefixCommunicationChannel: MessageReceived: Invoking callback 1/1 for Microsoft.VisualStudio.TestPlatform.CommunicationUtilities.TestRequestSender+<>c__DisplayClass34_0., took 0 ms.
TpTrace Verbose: 0 : 164, 7, 2024/10/12, 00:30:19.134, 66540012992, vstest.console.dll, TcpClientExtensions.MessageLoopAsync: Polling on remoteEndPoint: 127.0.0.1:53298 localEndPoint: 127.0.0.1:53296 after 0 ms
TpTrace Verbose: 0 : 164, 7, 2024/10/12, 00:30:19.134, 66540013425, vstest.console.dll, TcpClientExtensions.MessageLoopAsync: NotifyDataAvailable remoteEndPoint: 127.0.0.1:53298 localEndPoint: 127.0.0.1:53296
TpTrace Verbose: 0 : 164, 7, 2024/10/12, 00:30:19.134, 66540014083, vstest.console.dll, TestRequestSender.OnExecutionMessageReceived: Received message: {"Version":7,"MessageType":"TestSession.Message","Payload":{"MessageLevel":0,"Message":"[xUnit.net 00:00:00.34]         /_/src/Moq/MethodExpectation.cs(87,0): at Moq.MethodExpectation..ctor(LambdaExpression expression, MethodInfo method, IReadOnlyList`1 arguments, Boolean exactGenericTypeArguments, Boolean skipMatcherInitialization, Boolean allowNonOverridable)"}}
TpTrace Verbose: 0 : 164, 7, 2024/10/12, 00:30:19.134, 66540014944, vstest.console.dll, TestRunRequest:SendTestRunMessage: Starting.
TpTrace Verbose: 0 : 164, 7, 2024/10/12, 00:30:19.134, 66540015468, vstest.console.dll, MulticastDelegateUtilities.SafeInvoke: TestRun.LogMessages: Invoking callback 1/1 for Microsoft.VisualStudio.TestPlatform.CommandLine.TestRunResultAggregator., took 0 ms.
TpTrace Verbose: 0 : 164, 4, 2024/10/12, 00:30:19.134, 66540015588, vstest.console.dll, MulticastDelegateUtilities.SafeInvoke: InternalTestLoggerEvents.SendTestRunMessage: Invoking callback 1/1 for Microsoft.VisualStudio.TestPlatform.CommandLine.Internal.ConsoleLogger., took 0 ms.
TpTrace Information: 0 : 164, 7, 2024/10/12, 00:30:19.134, 66540016689, vstest.console.dll, TestRunRequest:SendTestRunMessage: Completed.
TpTrace Verbose: 0 : 164, 7, 2024/10/12, 00:30:19.134, 66540017126, vstest.console.dll, MulticastDelegateUtilities.SafeInvoke: LengthPrefixCommunicationChannel: MessageReceived: Invoking callback 1/1 for Microsoft.VisualStudio.TestPlatform.CommunicationUtilities.TestRequestSender+<>c__DisplayClass34_0., took 0 ms.
TpTrace Verbose: 0 : 164, 7, 2024/10/12, 00:30:19.134, 66540017558, vstest.console.dll, TcpClientExtensions.MessageLoopAsync: Polling on remoteEndPoint: 127.0.0.1:53298 localEndPoint: 127.0.0.1:53296 after 0 ms
TpTrace Verbose: 0 : 164, 7, 2024/10/12, 00:30:19.134, 66540017963, vstest.console.dll, TcpClientExtensions.MessageLoopAsync: NotifyDataAvailable remoteEndPoint: 127.0.0.1:53298 localEndPoint: 127.0.0.1:53296
TpTrace Verbose: 0 : 164, 7, 2024/10/12, 00:30:19.134, 66540018489, vstest.console.dll, TestRequestSender.OnExecutionMessageReceived: Received message: {"Version":7,"MessageType":"TestSession.Message","Payload":{"MessageLevel":0,"Message":"[xUnit.net 00:00:00.34]         /_/src/Moq/ExpressionExtensions.cs(326,0): at Moq.ExpressionExtensions.<Split>g__Split|5_0(Expression e, Expression& r, MethodExpectation& p, Boolean assignment, Boolean allowNonOverridableLastProperty)"}}
TpTrace Verbose: 0 : 164, 7, 2024/10/12, 00:30:19.134, 66540019325, vstest.console.dll, TestRunRequest:SendTestRunMessage: Starting.
TpTrace Verbose: 0 : 164, 7, 2024/10/12, 00:30:19.134, 66540019820, vstest.console.dll, MulticastDelegateUtilities.SafeInvoke: TestRun.LogMessages: Invoking callback 1/1 for Microsoft.VisualStudio.TestPlatform.CommandLine.TestRunResultAggregator., took 0 ms.
TpTrace Verbose: 0 : 164, 4, 2024/10/12, 00:30:19.134, 66540019945, vstest.console.dll, MulticastDelegateUtilities.SafeInvoke: InternalTestLoggerEvents.SendTestRunMessage: Invoking callback 1/1 for Microsoft.VisualStudio.TestPlatform.CommandLine.Internal.ConsoleLogger., took 0 ms.
TpTrace Information: 0 : 164, 7, 2024/10/12, 00:30:19.134, 66540020181, vstest.console.dll, TestRunRequest:SendTestRunMessage: Completed.
TpTrace Verbose: 0 : 164, 7, 2024/10/12, 00:30:19.134, 66540020819, vstest.console.dll, MulticastDelegateUtilities.SafeInvoke: LengthPrefixCommunicationChannel: MessageReceived: Invoking callback 1/1 for Microsoft.VisualStudio.TestPlatform.CommunicationUtilities.TestRequestSender+<>c__DisplayClass34_0., took 0 ms.
TpTrace Verbose: 0 : 164, 7, 2024/10/12, 00:30:19.134, 66540021070, vstest.console.dll, TcpClientExtensions.MessageLoopAsync: Polling on remoteEndPoint: 127.0.0.1:53298 localEndPoint: 127.0.0.1:53296 after 0 ms
TpTrace Verbose: 0 : 164, 7, 2024/10/12, 00:30:19.134, 66540021360, vstest.console.dll, TcpClientExtensions.MessageLoopAsync: NotifyDataAvailable remoteEndPoint: 127.0.0.1:53298 localEndPoint: 127.0.0.1:53296
TpTrace Verbose: 0 : 164, 7, 2024/10/12, 00:30:19.134, 66540021734, vstest.console.dll, TestRequestSender.OnExecutionMessageReceived: Received message: {"Version":7,"MessageType":"TestSession.Message","Payload":{"MessageLevel":0,"Message":"[xUnit.net 00:00:00.34]         /_/src/Moq/ExpressionExtensions.cs(149,0): at Moq.ExpressionExtensions.Split(LambdaExpression expression, Boolean allowNonOverridableLastProperty)"}}
TpTrace Verbose: 0 : 164, 7, 2024/10/12, 00:30:19.135, 66540022300, vstest.console.dll, TestRunRequest:SendTestRunMessage: Starting.
TpTrace Verbose: 0 : 164, 7, 2024/10/12, 00:30:19.135, 66540022646, vstest.console.dll, MulticastDelegateUtilities.SafeInvoke: TestRun.LogMessages: Invoking callback 1/1 for Microsoft.VisualStudio.TestPlatform.CommandLine.TestRunResultAggregator., took 0 ms.
TpTrace Verbose: 0 : 164, 4, 2024/10/12, 00:30:19.135, 66540022719, vstest.console.dll, MulticastDelegateUtilities.SafeInvoke: InternalTestLoggerEvents.SendTestRunMessage: Invoking callback 1/1 for Microsoft.VisualStudio.TestPlatform.CommandLine.Internal.ConsoleLogger., took 0 ms.
TpTrace Information: 0 : 164, 7, 2024/10/12, 00:30:19.135, 66540022970, vstest.console.dll, TestRunRequest:SendTestRunMessage: Completed.
TpTrace Verbose: 0 : 164, 7, 2024/10/12, 00:30:19.135, 66540023893, vstest.console.dll, MulticastDelegateUtilities.SafeInvoke: LengthPrefixCommunicationChannel: MessageReceived: Invoking callback 1/1 for Microsoft.VisualStudio.TestPlatform.CommunicationUtilities.TestRequestSender+<>c__DisplayClass34_0., took 0 ms.
TpTrace Verbose: 0 : 164, 7, 2024/10/12, 00:30:19.135, 66540024118, vstest.console.dll, TcpClientExtensions.MessageLoopAsync: Polling on remoteEndPoint: 127.0.0.1:53298 localEndPoint: 127.0.0.1:53296 after 0 ms
TpTrace Verbose: 0 : 164, 7, 2024/10/12, 00:30:19.135, 66540024355, vstest.console.dll, TcpClientExtensions.MessageLoopAsync: NotifyDataAvailable remoteEndPoint: 127.0.0.1:53298 localEndPoint: 127.0.0.1:53296
TpTrace Verbose: 0 : 164, 7, 2024/10/12, 00:30:19.135, 66540024698, vstest.console.dll, TestRequestSender.OnExecutionMessageReceived: Received message: {"Version":7,"MessageType":"TestSession.Message","Payload":{"MessageLevel":0,"Message":"[xUnit.net 00:00:00.34]         /_/src/Moq/Mock.cs(645,0): at Moq.Mock.SetupRecursive[TSetup](Mock mock, LambdaExpression expression, Func`4 setupLast, Boolean allowNonOverridableLastProperty)"}}
TpTrace Verbose: 0 : 164, 7, 2024/10/12, 00:30:19.135, 66540025183, vstest.console.dll, TestRunRequest:SendTestRunMessage: Starting.
TpTrace Verbose: 0 : 164, 7, 2024/10/12, 00:30:19.135, 66540025526, vstest.console.dll, MulticastDelegateUtilities.SafeInvoke: TestRun.LogMessages: Invoking callback 1/1 for Microsoft.VisualStudio.TestPlatform.CommandLine.TestRunResultAggregator., took 0 ms.
TpTrace Verbose: 0 : 164, 4, 2024/10/12, 00:30:19.135, 66540025610, vstest.console.dll, MulticastDelegateUtilities.SafeInvoke: InternalTestLoggerEvents.SendTestRunMessage: Invoking callback 1/1 for Microsoft.VisualStudio.TestPlatform.CommandLine.Internal.ConsoleLogger., took 0 ms.
TpTrace Information: 0 : 164, 7, 2024/10/12, 00:30:19.135, 66540026067, vstest.console.dll, TestRunRequest:SendTestRunMessage: Completed.
TpTrace Verbose: 0 : 164, 7, 2024/10/12, 00:30:19.135, 66540026390, vstest.console.dll, MulticastDelegateUtilities.SafeInvoke: LengthPrefixCommunicationChannel: MessageReceived: Invoking callback 1/1 for Microsoft.VisualStudio.TestPlatform.CommunicationUtilities.TestRequestSender+<>c__DisplayClass34_0., took 0 ms.
TpTrace Verbose: 0 : 164, 7, 2024/10/12, 00:30:19.135, 66540026600, vstest.console.dll, TcpClientExtensions.MessageLoopAsync: Polling on remoteEndPoint: 127.0.0.1:53298 localEndPoint: 127.0.0.1:53296 after 0 ms
TpTrace Verbose: 0 : 164, 7, 2024/10/12, 00:30:19.135, 66540026832, vstest.console.dll, TcpClientExtensions.MessageLoopAsync: NotifyDataAvailable remoteEndPoint: 127.0.0.1:53298 localEndPoint: 127.0.0.1:53296
TpTrace Verbose: 0 : 164, 7, 2024/10/12, 00:30:19.135, 66540027174, vstest.console.dll, TestRequestSender.OnExecutionMessageReceived: Received message: {"Version":7,"MessageType":"TestSession.Message","Payload":{"MessageLevel":0,"Message":"[xUnit.net 00:00:00.34]         /_/src/Moq/Mock.cs(500,0): at Moq.Mock.Setup(Mock mock, LambdaExpression expression, Condition condition)"}}
TpTrace Verbose: 0 : 164, 7, 2024/10/12, 00:30:19.135, 66540027655, vstest.console.dll, TestRunRequest:SendTestRunMessage: Starting.
TpTrace Verbose: 0 : 164, 7, 2024/10/12, 00:30:19.135, 66540027996, vstest.console.dll, MulticastDelegateUtilities.SafeInvoke: TestRun.LogMessages: Invoking callback 1/1 for Microsoft.VisualStudio.TestPlatform.CommandLine.TestRunResultAggregator., took 0 ms.
TpTrace Verbose: 0 : 164, 4, 2024/10/12, 00:30:19.135, 66540028092, vstest.console.dll, MulticastDelegateUtilities.SafeInvoke: InternalTestLoggerEvents.SendTestRunMessage: Invoking callback 1/1 for Microsoft.VisualStudio.TestPlatform.CommandLine.Internal.ConsoleLogger., took 0 ms.
TpTrace Information: 0 : 164, 7, 2024/10/12, 00:30:19.135, 66540028316, vstest.console.dll, TestRunRequest:SendTestRunMessage: Completed.
TpTrace Verbose: 0 : 164, 7, 2024/10/12, 00:30:19.135, 66540028812, vstest.console.dll, MulticastDelegateUtilities.SafeInvoke: LengthPrefixCommunicationChannel: MessageReceived: Invoking callback 1/1 for Microsoft.VisualStudio.TestPlatform.CommunicationUtilities.TestRequestSender+<>c__DisplayClass34_0., took 0 ms.
TpTrace Verbose: 0 : 164, 7, 2024/10/12, 00:30:19.135, 66540029062, vstest.console.dll, TcpClientExtensions.MessageLoopAsync: Polling on remoteEndPoint: 127.0.0.1:53298 localEndPoint: 127.0.0.1:53296 after 0 ms
TpTrace Verbose: 0 : 164, 7, 2024/10/12, 00:30:19.135, 66540029299, vstest.console.dll, TcpClientExtensions.MessageLoopAsync: NotifyDataAvailable remoteEndPoint: 127.0.0.1:53298 localEndPoint: 127.0.0.1:53296
TpTrace Verbose: 0 : 164, 7, 2024/10/12, 00:30:19.135, 66540029618, vstest.console.dll, TestRequestSender.OnExecutionMessageReceived: Received message: {"Version":7,"MessageType":"TestSession.Message","Payload":{"MessageLevel":0,"Message":"[xUnit.net 00:00:00.34]         /_/src/Moq/Mock`1.cs(452,0): at Moq.Mock`1.Setup[TResult](Expression`1 expression)"}}
TpTrace Verbose: 0 : 164, 7, 2024/10/12, 00:30:19.135, 66540030104, vstest.console.dll, TestRunRequest:SendTestRunMessage: Starting.
TpTrace Verbose: 0 : 164, 7, 2024/10/12, 00:30:19.135, 66540030581, vstest.console.dll, MulticastDelegateUtilities.SafeInvoke: TestRun.LogMessages: Invoking callback 1/1 for Microsoft.VisualStudio.TestPlatform.CommandLine.TestRunResultAggregator., took 0 ms.
TpTrace Verbose: 0 : 164, 4, 2024/10/12, 00:30:19.135, 66540030661, vstest.console.dll, MulticastDelegateUtilities.SafeInvoke: InternalTestLoggerEvents.SendTestRunMessage: Invoking callback 1/1 for Microsoft.VisualStudio.TestPlatform.CommandLine.Internal.ConsoleLogger., took 0 ms.
TpTrace Information: 0 : 164, 7, 2024/10/12, 00:30:19.135, 66540031141, vstest.console.dll, TestRunRequest:SendTestRunMessage: Completed.
TpTrace Verbose: 0 : 164, 7, 2024/10/12, 00:30:19.135, 66540031478, vstest.console.dll, MulticastDelegateUtilities.SafeInvoke: LengthPrefixCommunicationChannel: MessageReceived: Invoking callback 1/1 for Microsoft.VisualStudio.TestPlatform.CommunicationUtilities.TestRequestSender+<>c__DisplayClass34_0., took 0 ms.
TpTrace Verbose: 0 : 164, 7, 2024/10/12, 00:30:19.135, 66540031689, vstest.console.dll, TcpClientExtensions.MessageLoopAsync: Polling on remoteEndPoint: 127.0.0.1:53298 localEndPoint: 127.0.0.1:53296 after 0 ms
TpTrace Verbose: 0 : 164, 7, 2024/10/12, 00:30:19.136, 66540031922, vstest.console.dll, TcpClientExtensions.MessageLoopAsync: NotifyDataAvailable remoteEndPoint: 127.0.0.1:53298 localEndPoint: 127.0.0.1:53296
TpTrace Verbose: 0 : 164, 7, 2024/10/12, 00:30:19.136, 66540032277, vstest.console.dll, TestRequestSender.OnExecutionMessageReceived: Received message: {"Version":7,"MessageType":"TestSession.Message","Payload":{"MessageLevel":0,"Message":"[xUnit.net 00:00:00.34]         D:\\projects\\kahn_test\\kahn_test\\TicketManagement.API\\Tests\\TicketServiceTests.cs(82,0): at TicketManagement.API.Tests.TicketServiceTests.CreateTicketAsync_ShouldAddTicketToDatabase()"}}
TpTrace Verbose: 0 : 164, 7, 2024/10/12, 00:30:19.136, 66540032929, vstest.console.dll, TestRunRequest:SendTestRunMessage: Starting.
TpTrace Verbose: 0 : 164, 7, 2024/10/12, 00:30:19.136, 66540033311, vstest.console.dll, MulticastDelegateUtilities.SafeInvoke: TestRun.LogMessages: Invoking callback 1/1 for Microsoft.VisualStudio.TestPlatform.CommandLine.TestRunResultAggregator., took 0 ms.
TpTrace Verbose: 0 : 164, 4, 2024/10/12, 00:30:19.136, 66540033411, vstest.console.dll, MulticastDelegateUtilities.SafeInvoke: InternalTestLoggerEvents.SendTestRunMessage: Invoking callback 1/1 for Microsoft.VisualStudio.TestPlatform.CommandLine.Internal.ConsoleLogger., took 0 ms.
TpTrace Information: 0 : 164, 7, 2024/10/12, 00:30:19.136, 66540033654, vstest.console.dll, TestRunRequest:SendTestRunMessage: Completed.
TpTrace Verbose: 0 : 164, 7, 2024/10/12, 00:30:19.136, 66540034228, vstest.console.dll, MulticastDelegateUtilities.SafeInvoke: LengthPrefixCommunicationChannel: MessageReceived: Invoking callback 1/1 for Microsoft.VisualStudio.TestPlatform.CommunicationUtilities.TestRequestSender+<>c__DisplayClass34_0., took 0 ms.
TpTrace Verbose: 0 : 164, 7, 2024/10/12, 00:30:19.136, 66540034473, vstest.console.dll, TcpClientExtensions.MessageLoopAsync: Polling on remoteEndPoint: 127.0.0.1:53298 localEndPoint: 127.0.0.1:53296 after 0 ms
TpTrace Verbose: 0 : 164, 7, 2024/10/12, 00:30:19.136, 66540034722, vstest.console.dll, TcpClientExtensions.MessageLoopAsync: NotifyDataAvailable remoteEndPoint: 127.0.0.1:53298 localEndPoint: 127.0.0.1:53296
TpTrace Verbose: 0 : 164, 7, 2024/10/12, 00:30:19.136, 66540035111, vstest.console.dll, TestRequestSender.OnExecutionMessageReceived: Received message: {"Version":7,"MessageType":"TestSession.Message","Payload":{"MessageLevel":0,"Message":"[xUnit.net 00:00:00.34]         --- End of stack trace from previous location ---"}}
TpTrace Verbose: 0 : 164, 7, 2024/10/12, 00:30:19.136, 66540035546, vstest.console.dll, TestRunRequest:SendTestRunMessage: Starting.
TpTrace Verbose: 0 : 164, 7, 2024/10/12, 00:30:19.136, 66540035938, vstest.console.dll, MulticastDelegateUtilities.SafeInvoke: TestRun.LogMessages: Invoking callback 1/1 for Microsoft.VisualStudio.TestPlatform.CommandLine.TestRunResultAggregator., took 0 ms.
TpTrace Verbose: 0 : 164, 4, 2024/10/12, 00:30:19.136, 66540035969, vstest.console.dll, MulticastDelegateUtilities.SafeInvoke: InternalTestLoggerEvents.SendTestRunMessage: Invoking callback 1/1 for Microsoft.VisualStudio.TestPlatform.CommandLine.Internal.ConsoleLogger., took 0 ms.
TpTrace Information: 0 : 164, 7, 2024/10/12, 00:30:19.136, 66540036275, vstest.console.dll, TestRunRequest:SendTestRunMessage: Completed.
TpTrace Verbose: 0 : 164, 7, 2024/10/12, 00:30:19.136, 66540036822, vstest.console.dll, MulticastDelegateUtilities.SafeInvoke: LengthPrefixCommunicationChannel: MessageReceived: Invoking callback 1/1 for Microsoft.VisualStudio.TestPlatform.CommunicationUtilities.TestRequestSender+<>c__DisplayClass34_0., took 0 ms.
TpTrace Verbose: 0 : 164, 7, 2024/10/12, 00:30:19.136, 66540037044, vstest.console.dll, TcpClientExtensions.MessageLoopAsync: Polling on remoteEndPoint: 127.0.0.1:53298 localEndPoint: 127.0.0.1:53296 after 0 ms
TpTrace Verbose: 0 : 164, 7, 2024/10/12, 00:30:19.140, 66540076809, vstest.console.dll, TcpClientExtensions.MessageLoopAsync: NotifyDataAvailable remoteEndPoint: 127.0.0.1:53298 localEndPoint: 127.0.0.1:53296
TpTrace Verbose: 0 : 164, 7, 2024/10/12, 00:30:19.140, 66540078424, vstest.console.dll, TestRequestSender.OnExecutionMessageReceived: Received message: {"Version":7,"MessageType":"TestSession.Message","Payload":{"MessageLevel":2,"Message":"[xUnit.net 00:00:00.34]     TicketManagement.API.Tests.TicketServiceTests.GetTicketsAsync_ReturnsPaginatedResult [FAIL]"}}
TpTrace Verbose: 0 : 164, 7, 2024/10/12, 00:30:19.140, 66540079699, vstest.console.dll, TestRunRequest:SendTestRunMessage: Starting.
TpTrace Verbose: 0 : 164, 7, 2024/10/12, 00:30:19.140, 66540080466, vstest.console.dll, MulticastDelegateUtilities.SafeInvoke: TestRun.LogMessages: Invoking callback 1/1 for Microsoft.VisualStudio.TestPlatform.CommandLine.TestRunResultAggregator., took 0 ms.
TpTrace Information: 0 : 164, 7, 2024/10/12, 00:30:19.140, 66540080819, vstest.console.dll, TestRunRequest:SendTestRunMessage: Completed.
TpTrace Verbose: 0 : 164, 7, 2024/10/12, 00:30:19.140, 66540081086, vstest.console.dll, MulticastDelegateUtilities.SafeInvoke: LengthPrefixCommunicationChannel: MessageReceived: Invoking callback 1/1 for Microsoft.VisualStudio.TestPlatform.CommunicationUtilities.TestRequestSender+<>c__DisplayClass34_0., took 0 ms.
TpTrace Verbose: 0 : 164, 7, 2024/10/12, 00:30:19.140, 66540081332, vstest.console.dll, TcpClientExtensions.MessageLoopAsync: Polling on remoteEndPoint: 127.0.0.1:53298 localEndPoint: 127.0.0.1:53296 after 4 ms
TpTrace Verbose: 0 : 164, 7, 2024/10/12, 00:30:19.140, 66540081678, vstest.console.dll, TcpClientExtensions.MessageLoopAsync: NotifyDataAvailable remoteEndPoint: 127.0.0.1:53298 localEndPoint: 127.0.0.1:53296
TpTrace Verbose: 0 : 164, 7, 2024/10/12, 00:30:19.141, 66540082221, vstest.console.dll, TestRequestSender.OnExecutionMessageReceived: Received message: {"Version":7,"MessageType":"TestSession.Message","Payload":{"MessageLevel":0,"Message":"[xUnit.net 00:00:00.34]       System.NotSupportedException : Unsupported expression: c => c.Tickets"}}
TpTrace Verbose: 0 : 164, 7, 2024/10/12, 00:30:19.141, 66540082947, vstest.console.dll, TestRunRequest:SendTestRunMessage: Starting.
TpTrace Verbose: 0 : 164, 7, 2024/10/12, 00:30:19.141, 66540083447, vstest.console.dll, MulticastDelegateUtilities.SafeInvoke: TestRun.LogMessages: Invoking callback 1/1 for Microsoft.VisualStudio.TestPlatform.CommandLine.TestRunResultAggregator., took 0 ms.
TpTrace Information: 0 : 164, 7, 2024/10/12, 00:30:19.141, 66540083828, vstest.console.dll, TestRunRequest:SendTestRunMessage: Completed.
TpTrace Verbose: 0 : 164, 4, 2024/10/12, 00:30:19.141, 66540083932, vstest.console.dll, MulticastDelegateUtilities.SafeInvoke: InternalTestLoggerEvents.SendTestRunMessage: Invoking callback 1/1 for Microsoft.VisualStudio.TestPlatform.CommandLine.Internal.ConsoleLogger., took 0 ms.
TpTrace Verbose: 0 : 164, 7, 2024/10/12, 00:30:19.141, 66540084132, vstest.console.dll, MulticastDelegateUtilities.SafeInvoke: LengthPrefixCommunicationChannel: MessageReceived: Invoking callback 1/1 for Microsoft.VisualStudio.TestPlatform.CommunicationUtilities.TestRequestSender+<>c__DisplayClass34_0., took 0 ms.
TpTrace Verbose: 0 : 164, 4, 2024/10/12, 00:30:19.141, 66540084775, vstest.console.dll, MulticastDelegateUtilities.SafeInvoke: InternalTestLoggerEvents.SendTestRunMessage: Invoking callback 1/1 for Microsoft.VisualStudio.TestPlatform.CommandLine.Internal.ConsoleLogger., took 0 ms.
TpTrace Verbose: 0 : 164, 7, 2024/10/12, 00:30:19.141, 66540085187, vstest.console.dll, TcpClientExtensions.MessageLoopAsync: Polling on remoteEndPoint: 127.0.0.1:53298 localEndPoint: 127.0.0.1:53296 after 0 ms
TpTrace Verbose: 0 : 164, 7, 2024/10/12, 00:30:19.141, 66540085972, vstest.console.dll, TcpClientExtensions.MessageLoopAsync: NotifyDataAvailable remoteEndPoint: 127.0.0.1:53298 localEndPoint: 127.0.0.1:53296
TpTrace Verbose: 0 : 164, 7, 2024/10/12, 00:30:19.141, 66540086494, vstest.console.dll, TestRequestSender.OnExecutionMessageReceived: Received message: {"Version":7,"MessageType":"TestSession.Message","Payload":{"MessageLevel":0,"Message":"[xUnit.net 00:00:00.34]       Non-overridable members (here: ApplicationDbContext.get_Tickets) may not be used in setup / verification expressions."}}
TpTrace Verbose: 0 : 164, 7, 2024/10/12, 00:30:19.141, 66540087324, vstest.console.dll, TestRunRequest:SendTestRunMessage: Starting.
TpTrace Verbose: 0 : 164, 4, 2024/10/12, 00:30:19.141, 66540088047, vstest.console.dll, MulticastDelegateUtilities.SafeInvoke: InternalTestLoggerEvents.SendTestRunMessage: Invoking callback 1/1 for Microsoft.VisualStudio.TestPlatform.CommandLine.Internal.ConsoleLogger., took 0 ms.
TpTrace Verbose: 0 : 164, 7, 2024/10/12, 00:30:19.141, 66540088009, vstest.console.dll, MulticastDelegateUtilities.SafeInvoke: TestRun.LogMessages: Invoking callback 1/1 for Microsoft.VisualStudio.TestPlatform.CommandLine.TestRunResultAggregator., took 0 ms.
TpTrace Information: 0 : 164, 7, 2024/10/12, 00:30:19.141, 66540088903, vstest.console.dll, TestRunRequest:SendTestRunMessage: Completed.
TpTrace Verbose: 0 : 164, 7, 2024/10/12, 00:30:19.141, 66540089306, vstest.console.dll, MulticastDelegateUtilities.SafeInvoke: LengthPrefixCommunicationChannel: MessageReceived: Invoking callback 1/1 for Microsoft.VisualStudio.TestPlatform.CommunicationUtilities.TestRequestSender+<>c__DisplayClass34_0., took 0 ms.
TpTrace Verbose: 0 : 164, 7, 2024/10/12, 00:30:19.141, 66540089662, vstest.console.dll, TcpClientExtensions.MessageLoopAsync: Polling on remoteEndPoint: 127.0.0.1:53298 localEndPoint: 127.0.0.1:53296 after 0 ms
TpTrace Verbose: 0 : 164, 7, 2024/10/12, 00:30:19.141, 66540090095, vstest.console.dll, TcpClientExtensions.MessageLoopAsync: NotifyDataAvailable remoteEndPoint: 127.0.0.1:53298 localEndPoint: 127.0.0.1:53296
TpTrace Verbose: 0 : 164, 7, 2024/10/12, 00:30:19.141, 66540090791, vstest.console.dll, TestRequestSender.OnExecutionMessageReceived: Received message: {"Version":7,"MessageType":"TestSession.Message","Payload":{"MessageLevel":0,"Message":"[xUnit.net 00:00:00.34]       Stack Trace:"}}
TpTrace Verbose: 0 : 164, 7, 2024/10/12, 00:30:19.141, 66540091837, vstest.console.dll, TestRunRequest:SendTestRunMessage: Starting.
TpTrace Verbose: 0 : 164, 7, 2024/10/12, 00:30:19.142, 66540092619, vstest.console.dll, MulticastDelegateUtilities.SafeInvoke: TestRun.LogMessages: Invoking callback 1/1 for Microsoft.VisualStudio.TestPlatform.CommandLine.TestRunResultAggregator., took 0 ms.
TpTrace Verbose: 0 : 164, 4, 2024/10/12, 00:30:19.142, 66540092756, vstest.console.dll, MulticastDelegateUtilities.SafeInvoke: InternalTestLoggerEvents.SendTestRunMessage: Invoking callback 1/1 for Microsoft.VisualStudio.TestPlatform.CommandLine.Internal.ConsoleLogger., took 0 ms.
TpTrace Information: 0 : 164, 7, 2024/10/12, 00:30:19.142, 66540093651, vstest.console.dll, TestRunRequest:SendTestRunMessage: Completed.
TpTrace Verbose: 0 : 164, 7, 2024/10/12, 00:30:19.142, 66540094113, vstest.console.dll, MulticastDelegateUtilities.SafeInvoke: LengthPrefixCommunicationChannel: MessageReceived: Invoking callback 1/1 for Microsoft.VisualStudio.TestPlatform.CommunicationUtilities.TestRequestSender+<>c__DisplayClass34_0., took 0 ms.
TpTrace Verbose: 0 : 164, 7, 2024/10/12, 00:30:19.142, 66540094560, vstest.console.dll, TcpClientExtensions.MessageLoopAsync: Polling on remoteEndPoint: 127.0.0.1:53298 localEndPoint: 127.0.0.1:53296 after 0 ms
TpTrace Verbose: 0 : 164, 7, 2024/10/12, 00:30:19.142, 66540094938, vstest.console.dll, TcpClientExtensions.MessageLoopAsync: NotifyDataAvailable remoteEndPoint: 127.0.0.1:53298 localEndPoint: 127.0.0.1:53296
TpTrace Verbose: 0 : 164, 7, 2024/10/12, 00:30:19.142, 66540095551, vstest.console.dll, TestRequestSender.OnExecutionMessageReceived: Received message: {"Version":7,"MessageType":"TestSession.Message","Payload":{"MessageLevel":0,"Message":"[xUnit.net 00:00:00.34]         /_/src/Moq/Guard.cs(99,0): at Moq.Guard.IsOverridable(MethodInfo method, Expression expression)"}}
TpTrace Verbose: 0 : 164, 7, 2024/10/12, 00:30:19.142, 66540096335, vstest.console.dll, TestRunRequest:SendTestRunMessage: Starting.
TpTrace Verbose: 0 : 164, 7, 2024/10/12, 00:30:19.142, 66540096704, vstest.console.dll, MulticastDelegateUtilities.SafeInvoke: TestRun.LogMessages: Invoking callback 1/1 for Microsoft.VisualStudio.TestPlatform.CommandLine.TestRunResultAggregator., took 0 ms.
TpTrace Verbose: 0 : 164, 4, 2024/10/12, 00:30:19.142, 66540096805, vstest.console.dll, MulticastDelegateUtilities.SafeInvoke: InternalTestLoggerEvents.SendTestRunMessage: Invoking callback 1/1 for Microsoft.VisualStudio.TestPlatform.CommandLine.Internal.ConsoleLogger., took 0 ms.
TpTrace Information: 0 : 164, 7, 2024/10/12, 00:30:19.142, 66540096999, vstest.console.dll, TestRunRequest:SendTestRunMessage: Completed.
TpTrace Verbose: 0 : 164, 7, 2024/10/12, 00:30:19.142, 66540097380, vstest.console.dll, MulticastDelegateUtilities.SafeInvoke: LengthPrefixCommunicationChannel: MessageReceived: Invoking callback 1/1 for Microsoft.VisualStudio.TestPlatform.CommunicationUtilities.TestRequestSender+<>c__DisplayClass34_0., took 0 ms.
TpTrace Verbose: 0 : 164, 7, 2024/10/12, 00:30:19.142, 66540097586, vstest.console.dll, TcpClientExtensions.MessageLoopAsync: Polling on remoteEndPoint: 127.0.0.1:53298 localEndPoint: 127.0.0.1:53296 after 0 ms
TpTrace Verbose: 0 : 164, 7, 2024/10/12, 00:30:19.142, 66540097960, vstest.console.dll, TcpClientExtensions.MessageLoopAsync: NotifyDataAvailable remoteEndPoint: 127.0.0.1:53298 localEndPoint: 127.0.0.1:53296
TpTrace Verbose: 0 : 164, 7, 2024/10/12, 00:30:19.142, 66540098453, vstest.console.dll, TestRequestSender.OnExecutionMessageReceived: Received message: {"Version":7,"MessageType":"TestSession.Message","Payload":{"MessageLevel":0,"Message":"[xUnit.net 00:00:00.34]         /_/src/Moq/MethodExpectation.cs(87,0): at Moq.MethodExpectation..ctor(LambdaExpression expression, MethodInfo method, IReadOnlyList`1 arguments, Boolean exactGenericTypeArguments, Boolean skipMatcherInitialization, Boolean allowNonOverridable)"}}
TpTrace Verbose: 0 : 164, 7, 2024/10/12, 00:30:19.142, 66540099021, vstest.console.dll, TestRunRequest:SendTestRunMessage: Starting.
TpTrace Verbose: 0 : 164, 7, 2024/10/12, 00:30:19.142, 66540099408, vstest.console.dll, MulticastDelegateUtilities.SafeInvoke: TestRun.LogMessages: Invoking callback 1/1 for Microsoft.VisualStudio.TestPlatform.CommandLine.TestRunResultAggregator., took 0 ms.
TpTrace Verbose: 0 : 164, 4, 2024/10/12, 00:30:19.142, 66540099512, vstest.console.dll, MulticastDelegateUtilities.SafeInvoke: InternalTestLoggerEvents.SendTestRunMessage: Invoking callback 1/1 for Microsoft.VisualStudio.TestPlatform.CommandLine.Internal.ConsoleLogger., took 0 ms.
TpTrace Information: 0 : 164, 7, 2024/10/12, 00:30:19.142, 66540099858, vstest.console.dll, TestRunRequest:SendTestRunMessage: Completed.
TpTrace Verbose: 0 : 164, 7, 2024/10/12, 00:30:19.142, 66540100111, vstest.console.dll, MulticastDelegateUtilities.SafeInvoke: LengthPrefixCommunicationChannel: MessageReceived: Invoking callback 1/1 for Microsoft.VisualStudio.TestPlatform.CommunicationUtilities.TestRequestSender+<>c__DisplayClass34_0., took 0 ms.
TpTrace Verbose: 0 : 164, 7, 2024/10/12, 00:30:19.142, 66540100323, vstest.console.dll, TcpClientExtensions.MessageLoopAsync: Polling on remoteEndPoint: 127.0.0.1:53298 localEndPoint: 127.0.0.1:53296 after 0 ms
TpTrace Verbose: 0 : 164, 7, 2024/10/12, 00:30:19.142, 66540100555, vstest.console.dll, TcpClientExtensions.MessageLoopAsync: NotifyDataAvailable remoteEndPoint: 127.0.0.1:53298 localEndPoint: 127.0.0.1:53296
TpTrace Verbose: 0 : 164, 7, 2024/10/12, 00:30:19.142, 66540100929, vstest.console.dll, TestRequestSender.OnExecutionMessageReceived: Received message: {"Version":7,"MessageType":"TestSession.Message","Payload":{"MessageLevel":0,"Message":"[xUnit.net 00:00:00.34]         /_/src/Moq/ExpressionExtensions.cs(326,0): at Moq.ExpressionExtensions.<Split>g__Split|5_0(Expression e, Expression& r, MethodExpectation& p, Boolean assignment, Boolean allowNonOverridableLastProperty)"}}
TpTrace Verbose: 0 : 164, 7, 2024/10/12, 00:30:19.142, 66540101421, vstest.console.dll, TestRunRequest:SendTestRunMessage: Starting.
TpTrace Verbose: 0 : 164, 7, 2024/10/12, 00:30:19.142, 66540101750, vstest.console.dll, MulticastDelegateUtilities.SafeInvoke: TestRun.LogMessages: Invoking callback 1/1 for Microsoft.VisualStudio.TestPlatform.CommandLine.TestRunResultAggregator., took 0 ms.
TpTrace Verbose: 0 : 164, 4, 2024/10/12, 00:30:19.142, 66540101808, vstest.console.dll, MulticastDelegateUtilities.SafeInvoke: InternalTestLoggerEvents.SendTestRunMessage: Invoking callback 1/1 for Microsoft.VisualStudio.TestPlatform.CommandLine.Internal.ConsoleLogger., took 0 ms.
TpTrace Information: 0 : 164, 7, 2024/10/12, 00:30:19.143, 66540102003, vstest.console.dll, TestRunRequest:SendTestRunMessage: Completed.
TpTrace Verbose: 0 : 164, 7, 2024/10/12, 00:30:19.143, 66540102498, vstest.console.dll, MulticastDelegateUtilities.SafeInvoke: LengthPrefixCommunicationChannel: MessageReceived: Invoking callback 1/1 for Microsoft.VisualStudio.TestPlatform.CommunicationUtilities.TestRequestSender+<>c__DisplayClass34_0., took 0 ms.
TpTrace Verbose: 0 : 164, 7, 2024/10/12, 00:30:19.143, 66540102714, vstest.console.dll, TcpClientExtensions.MessageLoopAsync: Polling on remoteEndPoint: 127.0.0.1:53298 localEndPoint: 127.0.0.1:53296 after 0 ms
TpTrace Verbose: 0 : 164, 7, 2024/10/12, 00:30:19.143, 66540102978, vstest.console.dll, TcpClientExtensions.MessageLoopAsync: NotifyDataAvailable remoteEndPoint: 127.0.0.1:53298 localEndPoint: 127.0.0.1:53296
TpTrace Verbose: 0 : 164, 7, 2024/10/12, 00:30:19.143, 66540103310, vstest.console.dll, TestRequestSender.OnExecutionMessageReceived: Received message: {"Version":7,"MessageType":"TestSession.Message","Payload":{"MessageLevel":0,"Message":"[xUnit.net 00:00:00.34]         /_/src/Moq/ExpressionExtensions.cs(149,0): at Moq.ExpressionExtensions.Split(LambdaExpression expression, Boolean allowNonOverridableLastProperty)"}}
TpTrace Verbose: 0 : 164, 7, 2024/10/12, 00:30:19.143, 66540103849, vstest.console.dll, TestRunRequest:SendTestRunMessage: Starting.
TpTrace Verbose: 0 : 164, 7, 2024/10/12, 00:30:19.143, 66540104202, vstest.console.dll, MulticastDelegateUtilities.SafeInvoke: TestRun.LogMessages: Invoking callback 1/1 for Microsoft.VisualStudio.TestPlatform.CommandLine.TestRunResultAggregator., took 0 ms.
TpTrace Verbose: 0 : 164, 4, 2024/10/12, 00:30:19.143, 66540104245, vstest.console.dll, MulticastDelegateUtilities.SafeInvoke: InternalTestLoggerEvents.SendTestRunMessage: Invoking callback 1/1 for Microsoft.VisualStudio.TestPlatform.CommandLine.Internal.ConsoleLogger., took 0 ms.
TpTrace Information: 0 : 164, 7, 2024/10/12, 00:30:19.143, 66540104608, vstest.console.dll, TestRunRequest:SendTestRunMessage: Completed.
TpTrace Verbose: 0 : 164, 7, 2024/10/12, 00:30:19.143, 66540104977, vstest.console.dll, MulticastDelegateUtilities.SafeInvoke: LengthPrefixCommunicationChannel: MessageReceived: Invoking callback 1/1 for Microsoft.VisualStudio.TestPlatform.CommunicationUtilities.TestRequestSender+<>c__DisplayClass34_0., took 0 ms.
TpTrace Verbose: 0 : 164, 7, 2024/10/12, 00:30:19.143, 66540105254, vstest.console.dll, TcpClientExtensions.MessageLoopAsync: Polling on remoteEndPoint: 127.0.0.1:53298 localEndPoint: 127.0.0.1:53296 after 0 ms
TpTrace Verbose: 0 : 164, 7, 2024/10/12, 00:30:19.143, 66540105507, vstest.console.dll, TcpClientExtensions.MessageLoopAsync: NotifyDataAvailable remoteEndPoint: 127.0.0.1:53298 localEndPoint: 127.0.0.1:53296
TpTrace Verbose: 0 : 164, 7, 2024/10/12, 00:30:19.143, 66540105850, vstest.console.dll, TestRequestSender.OnExecutionMessageReceived: Received message: {"Version":7,"MessageType":"TestSession.Message","Payload":{"MessageLevel":0,"Message":"[xUnit.net 00:00:00.34]         /_/src/Moq/Mock.cs(645,0): at Moq.Mock.SetupRecursive[TSetup](Mock mock, LambdaExpression expression, Func`4 setupLast, Boolean allowNonOverridableLastProperty)"}}
TpTrace Verbose: 0 : 164, 7, 2024/10/12, 00:30:19.143, 66540106351, vstest.console.dll, TestRunRequest:SendTestRunMessage: Starting.
TpTrace Verbose: 0 : 164, 7, 2024/10/12, 00:30:19.143, 66540106681, vstest.console.dll, MulticastDelegateUtilities.SafeInvoke: TestRun.LogMessages: Invoking callback 1/1 for Microsoft.VisualStudio.TestPlatform.CommandLine.TestRunResultAggregator., took 0 ms.
TpTrace Verbose: 0 : 164, 4, 2024/10/12, 00:30:19.143, 66540106747, vstest.console.dll, MulticastDelegateUtilities.SafeInvoke: InternalTestLoggerEvents.SendTestRunMessage: Invoking callback 1/1 for Microsoft.VisualStudio.TestPlatform.CommandLine.Internal.ConsoleLogger., took 0 ms.
TpTrace Information: 0 : 164, 7, 2024/10/12, 00:30:19.143, 66540106904, vstest.console.dll, TestRunRequest:SendTestRunMessage: Completed.
TpTrace Verbose: 0 : 164, 7, 2024/10/12, 00:30:19.143, 66540107361, vstest.console.dll, MulticastDelegateUtilities.SafeInvoke: LengthPrefixCommunicationChannel: MessageReceived: Invoking callback 1/1 for Microsoft.VisualStudio.TestPlatform.CommunicationUtilities.TestRequestSender+<>c__DisplayClass34_0., took 0 ms.
TpTrace Verbose: 0 : 164, 7, 2024/10/12, 00:30:19.143, 66540107654, vstest.console.dll, TcpClientExtensions.MessageLoopAsync: Polling on remoteEndPoint: 127.0.0.1:53298 localEndPoint: 127.0.0.1:53296 after 0 ms
TpTrace Verbose: 0 : 164, 7, 2024/10/12, 00:30:19.143, 66540107907, vstest.console.dll, TcpClientExtensions.MessageLoopAsync: NotifyDataAvailable remoteEndPoint: 127.0.0.1:53298 localEndPoint: 127.0.0.1:53296
TpTrace Verbose: 0 : 164, 7, 2024/10/12, 00:30:19.143, 66540108229, vstest.console.dll, TestRequestSender.OnExecutionMessageReceived: Received message: {"Version":7,"MessageType":"TestSession.Message","Payload":{"MessageLevel":0,"Message":"[xUnit.net 00:00:00.34]         /_/src/Moq/Mock.cs(500,0): at Moq.Mock.Setup(Mock mock, LambdaExpression expression, Condition condition)"}}
TpTrace Verbose: 0 : 164, 7, 2024/10/12, 00:30:19.143, 66540108704, vstest.console.dll, TestRunRequest:SendTestRunMessage: Starting.
TpTrace Verbose: 0 : 164, 7, 2024/10/12, 00:30:19.143, 66540109056, vstest.console.dll, MulticastDelegateUtilities.SafeInvoke: TestRun.LogMessages: Invoking callback 1/1 for Microsoft.VisualStudio.TestPlatform.CommandLine.TestRunResultAggregator., took 0 ms.
TpTrace Verbose: 0 : 164, 4, 2024/10/12, 00:30:19.143, 66540109172, vstest.console.dll, MulticastDelegateUtilities.SafeInvoke: InternalTestLoggerEvents.SendTestRunMessage: Invoking callback 1/1 for Microsoft.VisualStudio.TestPlatform.CommandLine.Internal.ConsoleLogger., took 0 ms.
TpTrace Information: 0 : 164, 7, 2024/10/12, 00:30:19.143, 66540109268, vstest.console.dll, TestRunRequest:SendTestRunMessage: Completed.
TpTrace Verbose: 0 : 164, 7, 2024/10/12, 00:30:19.143, 66540109706, vstest.console.dll, MulticastDelegateUtilities.SafeInvoke: LengthPrefixCommunicationChannel: MessageReceived: Invoking callback 1/1 for Microsoft.VisualStudio.TestPlatform.CommunicationUtilities.TestRequestSender+<>c__DisplayClass34_0., took 0 ms.
TpTrace Verbose: 0 : 164, 7, 2024/10/12, 00:30:19.143, 66540109955, vstest.console.dll, TcpClientExtensions.MessageLoopAsync: Polling on remoteEndPoint: 127.0.0.1:53298 localEndPoint: 127.0.0.1:53296 after 0 ms
TpTrace Verbose: 0 : 164, 7, 2024/10/12, 00:30:19.143, 66540110209, vstest.console.dll, TcpClientExtensions.MessageLoopAsync: NotifyDataAvailable remoteEndPoint: 127.0.0.1:53298 localEndPoint: 127.0.0.1:53296
TpTrace Verbose: 0 : 164, 7, 2024/10/12, 00:30:19.143, 66540110530, vstest.console.dll, TestRequestSender.OnExecutionMessageReceived: Received message: {"Version":7,"MessageType":"TestSession.Message","Payload":{"MessageLevel":0,"Message":"[xUnit.net 00:00:00.34]         /_/src/Moq/Mock`1.cs(452,0): at Moq.Mock`1.Setup[TResult](Expression`1 expression)"}}
TpTrace Verbose: 0 : 164, 7, 2024/10/12, 00:30:19.143, 66540110997, vstest.console.dll, TestRunRequest:SendTestRunMessage: Starting.
TpTrace Verbose: 0 : 164, 7, 2024/10/12, 00:30:19.143, 66540111380, vstest.console.dll, MulticastDelegateUtilities.SafeInvoke: TestRun.LogMessages: Invoking callback 1/1 for Microsoft.VisualStudio.TestPlatform.CommandLine.TestRunResultAggregator., took 0 ms.
TpTrace Verbose: 0 : 164, 4, 2024/10/12, 00:30:19.143, 66540111461, vstest.console.dll, MulticastDelegateUtilities.SafeInvoke: InternalTestLoggerEvents.SendTestRunMessage: Invoking callback 1/1 for Microsoft.VisualStudio.TestPlatform.CommandLine.Internal.ConsoleLogger., took 0 ms.
TpTrace Information: 0 : 164, 7, 2024/10/12, 00:30:19.143, 66540111799, vstest.console.dll, TestRunRequest:SendTestRunMessage: Completed.
TpTrace Verbose: 0 : 164, 7, 2024/10/12, 00:30:19.144, 66540112035, vstest.console.dll, MulticastDelegateUtilities.SafeInvoke: LengthPrefixCommunicationChannel: MessageReceived: Invoking callback 1/1 for Microsoft.VisualStudio.TestPlatform.CommunicationUtilities.TestRequestSender+<>c__DisplayClass34_0., took 0 ms.
TpTrace Verbose: 0 : 164, 7, 2024/10/12, 00:30:19.144, 66540112294, vstest.console.dll, TcpClientExtensions.MessageLoopAsync: Polling on remoteEndPoint: 127.0.0.1:53298 localEndPoint: 127.0.0.1:53296 after 0 ms
TpTrace Verbose: 0 : 164, 7, 2024/10/12, 00:30:19.144, 66540112554, vstest.console.dll, TcpClientExtensions.MessageLoopAsync: NotifyDataAvailable remoteEndPoint: 127.0.0.1:53298 localEndPoint: 127.0.0.1:53296
TpTrace Verbose: 0 : 164, 7, 2024/10/12, 00:30:19.144, 66540112873, vstest.console.dll, TestRequestSender.OnExecutionMessageReceived: Received message: {"Version":7,"MessageType":"TestSession.Message","Payload":{"MessageLevel":0,"Message":"[xUnit.net 00:00:00.34]         D:\\projects\\kahn_test\\kahn_test\\TicketManagement.API\\Tests\\TicketServiceTests.cs(46,0): at TicketManagement.API.Tests.TicketServiceTests.GetTicketsAsync_ReturnsPaginatedResult()"}}
TpTrace Verbose: 0 : 164, 7, 2024/10/12, 00:30:19.144, 66540113428, vstest.console.dll, TestRunRequest:SendTestRunMessage: Starting.
TpTrace Verbose: 0 : 164, 7, 2024/10/12, 00:30:19.144, 66540113806, vstest.console.dll, MulticastDelegateUtilities.SafeInvoke: TestRun.LogMessages: Invoking callback 1/1 for Microsoft.VisualStudio.TestPlatform.CommandLine.TestRunResultAggregator., took 0 ms.
TpTrace Verbose: 0 : 164, 4, 2024/10/12, 00:30:19.144, 66540113888, vstest.console.dll, MulticastDelegateUtilities.SafeInvoke: InternalTestLoggerEvents.SendTestRunMessage: Invoking callback 1/1 for Microsoft.VisualStudio.TestPlatform.CommandLine.Internal.ConsoleLogger., took 0 ms.
TpTrace Information: 0 : 164, 7, 2024/10/12, 00:30:19.144, 66540114035, vstest.console.dll, TestRunRequest:SendTestRunMessage: Completed.
TpTrace Verbose: 0 : 164, 7, 2024/10/12, 00:30:19.144, 66540114546, vstest.console.dll, MulticastDelegateUtilities.SafeInvoke: LengthPrefixCommunicationChannel: MessageReceived: Invoking callback 1/1 for Microsoft.VisualStudio.TestPlatform.CommunicationUtilities.TestRequestSender+<>c__DisplayClass34_0., took 0 ms.
TpTrace Verbose: 0 : 164, 7, 2024/10/12, 00:30:19.144, 66540114772, vstest.console.dll, TcpClientExtensions.MessageLoopAsync: Polling on remoteEndPoint: 127.0.0.1:53298 localEndPoint: 127.0.0.1:53296 after 0 ms
TpTrace Verbose: 0 : 164, 7, 2024/10/12, 00:30:19.144, 66540115005, vstest.console.dll, TcpClientExtensions.MessageLoopAsync: NotifyDataAvailable remoteEndPoint: 127.0.0.1:53298 localEndPoint: 127.0.0.1:53296
TpTrace Verbose: 0 : 164, 7, 2024/10/12, 00:30:19.144, 66540115314, vstest.console.dll, TestRequestSender.OnExecutionMessageReceived: Received message: {"Version":7,"MessageType":"TestSession.Message","Payload":{"MessageLevel":0,"Message":"[xUnit.net 00:00:00.34]         --- End of stack trace from previous location ---"}}
TpTrace Verbose: 0 : 164, 7, 2024/10/12, 00:30:19.144, 66540115779, vstest.console.dll, TestRunRequest:SendTestRunMessage: Starting.
TpTrace Verbose: 0 : 164, 7, 2024/10/12, 00:30:19.144, 66540116107, vstest.console.dll, MulticastDelegateUtilities.SafeInvoke: TestRun.LogMessages: Invoking callback 1/1 for Microsoft.VisualStudio.TestPlatform.CommandLine.TestRunResultAggregator., took 0 ms.
TpTrace Verbose: 0 : 164, 4, 2024/10/12, 00:30:19.144, 66540116224, vstest.console.dll, MulticastDelegateUtilities.SafeInvoke: InternalTestLoggerEvents.SendTestRunMessage: Invoking callback 1/1 for Microsoft.VisualStudio.TestPlatform.CommandLine.Internal.ConsoleLogger., took 0 ms.
TpTrace Information: 0 : 164, 7, 2024/10/12, 00:30:19.144, 66540116309, vstest.console.dll, TestRunRequest:SendTestRunMessage: Completed.
TpTrace Verbose: 0 : 164, 7, 2024/10/12, 00:30:19.144, 66540116796, vstest.console.dll, MulticastDelegateUtilities.SafeInvoke: LengthPrefixCommunicationChannel: MessageReceived: Invoking callback 1/1 for Microsoft.VisualStudio.TestPlatform.CommunicationUtilities.TestRequestSender+<>c__DisplayClass34_0., took 0 ms.
TpTrace Verbose: 0 : 164, 7, 2024/10/12, 00:30:19.144, 66540117016, vstest.console.dll, TcpClientExtensions.MessageLoopAsync: Polling on remoteEndPoint: 127.0.0.1:53298 localEndPoint: 127.0.0.1:53296 after 0 ms
TpTrace Verbose: 0 : 164, 7, 2024/10/12, 00:30:19.144, 66540117248, vstest.console.dll, TcpClientExtensions.MessageLoopAsync: NotifyDataAvailable remoteEndPoint: 127.0.0.1:53298 localEndPoint: 127.0.0.1:53296
TpTrace Verbose: 0 : 164, 7, 2024/10/12, 00:30:19.144, 66540117654, vstest.console.dll, TestRequestSender.OnExecutionMessageReceived: Received message: {"Version":7,"MessageType":"TestSession.Message","Payload":{"MessageLevel":2,"Message":"[xUnit.net 00:00:00.34]     TicketManagement.API.Tests.TicketServiceTests.UpdateTicketAsync_ShouldReturnNull_WhenTicketDoesNotExist [FAIL]"}}
TpTrace Verbose: 0 : 164, 7, 2024/10/12, 00:30:19.144, 66540118368, vstest.console.dll, TestRunRequest:SendTestRunMessage: Starting.
TpTrace Verbose: 0 : 164, 7, 2024/10/12, 00:30:19.144, 66540118721, vstest.console.dll, MulticastDelegateUtilities.SafeInvoke: TestRun.LogMessages: Invoking callback 1/1 for Microsoft.VisualStudio.TestPlatform.CommandLine.TestRunResultAggregator., took 0 ms.
TpTrace Information: 0 : 164, 7, 2024/10/12, 00:30:19.144, 66540118946, vstest.console.dll, TestRunRequest:SendTestRunMessage: Completed.
TpTrace Verbose: 0 : 164, 7, 2024/10/12, 00:30:19.144, 66540119190, vstest.console.dll, MulticastDelegateUtilities.SafeInvoke: LengthPrefixCommunicationChannel: MessageReceived: Invoking callback 1/1 for Microsoft.VisualStudio.TestPlatform.CommunicationUtilities.TestRequestSender+<>c__DisplayClass34_0., took 0 ms.
TpTrace Verbose: 0 : 164, 7, 2024/10/12, 00:30:19.144, 66540119406, vstest.console.dll, TcpClientExtensions.MessageLoopAsync: Polling on remoteEndPoint: 127.0.0.1:53298 localEndPoint: 127.0.0.1:53296 after 0 ms
TpTrace Verbose: 0 : 164, 7, 2024/10/12, 00:30:19.144, 66540119668, vstest.console.dll, TcpClientExtensions.MessageLoopAsync: NotifyDataAvailable remoteEndPoint: 127.0.0.1:53298 localEndPoint: 127.0.0.1:53296
TpTrace Verbose: 0 : 164, 7, 2024/10/12, 00:30:19.144, 66540119979, vstest.console.dll, TestRequestSender.OnExecutionMessageReceived: Received message: {"Version":7,"MessageType":"TestSession.Message","Payload":{"MessageLevel":0,"Message":"[xUnit.net 00:00:00.34]       System.NotSupportedException : Unsupported expression: c => c.Tickets"}}
TpTrace Verbose: 0 : 164, 7, 2024/10/12, 00:30:19.144, 66540120411, vstest.console.dll, TestRunRequest:SendTestRunMessage: Starting.
TpTrace Verbose: 0 : 164, 7, 2024/10/12, 00:30:19.144, 66540120805, vstest.console.dll, MulticastDelegateUtilities.SafeInvoke: TestRun.LogMessages: Invoking callback 1/1 for Microsoft.VisualStudio.TestPlatform.CommandLine.TestRunResultAggregator., took 0 ms.
TpTrace Information: 0 : 164, 7, 2024/10/12, 00:30:19.144, 66540121144, vstest.console.dll, TestRunRequest:SendTestRunMessage: Completed.
TpTrace Verbose: 0 : 164, 4, 2024/10/12, 00:30:19.144, 66540121102, vstest.console.dll, MulticastDelegateUtilities.SafeInvoke: InternalTestLoggerEvents.SendTestRunMessage: Invoking callback 1/1 for Microsoft.VisualStudio.TestPlatform.CommandLine.Internal.ConsoleLogger., took 0 ms.
TpTrace Verbose: 0 : 164, 7, 2024/10/12, 00:30:19.144, 66540121530, vstest.console.dll, MulticastDelegateUtilities.SafeInvoke: LengthPrefixCommunicationChannel: MessageReceived: Invoking callback 1/1 for Microsoft.VisualStudio.TestPlatform.CommunicationUtilities.TestRequestSender+<>c__DisplayClass34_0., took 0 ms.
TpTrace Verbose: 0 : 164, 7, 2024/10/12, 00:30:19.145, 66540122037, vstest.console.dll, TcpClientExtensions.MessageLoopAsync: Polling on remoteEndPoint: 127.0.0.1:53298 localEndPoint: 127.0.0.1:53296 after 0 ms
TpTrace Verbose: 0 : 164, 4, 2024/10/12, 00:30:19.145, 66540122162, vstest.console.dll, MulticastDelegateUtilities.SafeInvoke: InternalTestLoggerEvents.SendTestRunMessage: Invoking callback 1/1 for Microsoft.VisualStudio.TestPlatform.CommandLine.Internal.ConsoleLogger., took 0 ms.
TpTrace Verbose: 0 : 164, 7, 2024/10/12, 00:30:19.145, 66540122719, vstest.console.dll, TcpClientExtensions.MessageLoopAsync: NotifyDataAvailable remoteEndPoint: 127.0.0.1:53298 localEndPoint: 127.0.0.1:53296
TpTrace Verbose: 0 : 164, 7, 2024/10/12, 00:30:19.145, 66540123328, vstest.console.dll, TestRequestSender.OnExecutionMessageReceived: Received message: {"Version":7,"MessageType":"TestSession.Message","Payload":{"MessageLevel":0,"Message":"[xUnit.net 00:00:00.35]       Non-overridable members (here: ApplicationDbContext.get_Tickets) may not be used in setup / verification expressions."}}
TpTrace Verbose: 0 : 164, 7, 2024/10/12, 00:30:19.145, 66540124112, vstest.console.dll, TestRunRequest:SendTestRunMessage: Starting.
TpTrace Verbose: 0 : 164, 7, 2024/10/12, 00:30:19.145, 66540124630, vstest.console.dll, MulticastDelegateUtilities.SafeInvoke: TestRun.LogMessages: Invoking callback 1/1 for Microsoft.VisualStudio.TestPlatform.CommandLine.TestRunResultAggregator., took 0 ms.
TpTrace Verbose: 0 : 164, 4, 2024/10/12, 00:30:19.145, 66540124696, vstest.console.dll, MulticastDelegateUtilities.SafeInvoke: InternalTestLoggerEvents.SendTestRunMessage: Invoking callback 1/1 for Microsoft.VisualStudio.TestPlatform.CommandLine.Internal.ConsoleLogger., took 0 ms.
TpTrace Information: 0 : 164, 7, 2024/10/12, 00:30:19.145, 66540125035, vstest.console.dll, TestRunRequest:SendTestRunMessage: Completed.
TpTrace Verbose: 0 : 164, 7, 2024/10/12, 00:30:19.145, 66540125598, vstest.console.dll, MulticastDelegateUtilities.SafeInvoke: LengthPrefixCommunicationChannel: MessageReceived: Invoking callback 1/1 for Microsoft.VisualStudio.TestPlatform.CommunicationUtilities.TestRequestSender+<>c__DisplayClass34_0., took 0 ms.
TpTrace Verbose: 0 : 164, 7, 2024/10/12, 00:30:19.145, 66540126002, vstest.console.dll, TcpClientExtensions.MessageLoopAsync: Polling on remoteEndPoint: 127.0.0.1:53298 localEndPoint: 127.0.0.1:53296 after 0 ms
TpTrace Verbose: 0 : 164, 7, 2024/10/12, 00:30:19.145, 66540126399, vstest.console.dll, TcpClientExtensions.MessageLoopAsync: NotifyDataAvailable remoteEndPoint: 127.0.0.1:53298 localEndPoint: 127.0.0.1:53296
TpTrace Verbose: 0 : 164, 7, 2024/10/12, 00:30:19.145, 66540126871, vstest.console.dll, TestRequestSender.OnExecutionMessageReceived: Received message: {"Version":7,"MessageType":"TestSession.Message","Payload":{"MessageLevel":0,"Message":"[xUnit.net 00:00:00.35]       Stack Trace:"}}
TpTrace Verbose: 0 : 164, 7, 2024/10/12, 00:30:19.145, 66540127439, vstest.console.dll, TestRunRequest:SendTestRunMessage: Starting.
TpTrace Verbose: 0 : 164, 7, 2024/10/12, 00:30:19.145, 66540127771, vstest.console.dll, MulticastDelegateUtilities.SafeInvoke: TestRun.LogMessages: Invoking callback 1/1 for Microsoft.VisualStudio.TestPlatform.CommandLine.TestRunResultAggregator., took 0 ms.
TpTrace Verbose: 0 : 164, 4, 2024/10/12, 00:30:19.145, 66540127918, vstest.console.dll, MulticastDelegateUtilities.SafeInvoke: InternalTestLoggerEvents.SendTestRunMessage: Invoking callback 1/1 for Microsoft.VisualStudio.TestPlatform.CommandLine.Internal.ConsoleLogger., took 0 ms.
TpTrace Information: 0 : 164, 7, 2024/10/12, 00:30:19.145, 66540128038, vstest.console.dll, TestRunRequest:SendTestRunMessage: Completed.
TpTrace Verbose: 0 : 164, 7, 2024/10/12, 00:30:19.145, 66540128525, vstest.console.dll, MulticastDelegateUtilities.SafeInvoke: LengthPrefixCommunicationChannel: MessageReceived: Invoking callback 1/1 for Microsoft.VisualStudio.TestPlatform.CommunicationUtilities.TestRequestSender+<>c__DisplayClass34_0., took 0 ms.
TpTrace Verbose: 0 : 164, 7, 2024/10/12, 00:30:19.145, 66540128792, vstest.console.dll, TcpClientExtensions.MessageLoopAsync: Polling on remoteEndPoint: 127.0.0.1:53298 localEndPoint: 127.0.0.1:53296 after 0 ms
TpTrace Verbose: 0 : 164, 7, 2024/10/12, 00:30:19.145, 66540129026, vstest.console.dll, TcpClientExtensions.MessageLoopAsync: NotifyDataAvailable remoteEndPoint: 127.0.0.1:53298 localEndPoint: 127.0.0.1:53296
TpTrace Verbose: 0 : 164, 7, 2024/10/12, 00:30:19.145, 66540129355, vstest.console.dll, TestRequestSender.OnExecutionMessageReceived: Received message: {"Version":7,"MessageType":"TestSession.Message","Payload":{"MessageLevel":0,"Message":"[xUnit.net 00:00:00.35]         /_/src/Moq/Guard.cs(99,0): at Moq.Guard.IsOverridable(MethodInfo method, Expression expression)"}}
TpTrace Verbose: 0 : 164, 7, 2024/10/12, 00:30:19.145, 66540129813, vstest.console.dll, TestRunRequest:SendTestRunMessage: Starting.
TpTrace Verbose: 0 : 164, 7, 2024/10/12, 00:30:19.145, 66540130137, vstest.console.dll, MulticastDelegateUtilities.SafeInvoke: TestRun.LogMessages: Invoking callback 1/1 for Microsoft.VisualStudio.TestPlatform.CommandLine.TestRunResultAggregator., took 0 ms.
TpTrace Verbose: 0 : 164, 4, 2024/10/12, 00:30:19.145, 66540130227, vstest.console.dll, MulticastDelegateUtilities.SafeInvoke: InternalTestLoggerEvents.SendTestRunMessage: Invoking callback 1/1 for Microsoft.VisualStudio.TestPlatform.CommandLine.Internal.ConsoleLogger., took 0 ms.
TpTrace Information: 0 : 164, 7, 2024/10/12, 00:30:19.145, 66540130419, vstest.console.dll, TestRunRequest:SendTestRunMessage: Completed.
TpTrace Verbose: 0 : 164, 7, 2024/10/12, 00:30:19.145, 66540130857, vstest.console.dll, MulticastDelegateUtilities.SafeInvoke: LengthPrefixCommunicationChannel: MessageReceived: Invoking callback 1/1 for Microsoft.VisualStudio.TestPlatform.CommunicationUtilities.TestRequestSender+<>c__DisplayClass34_0., took 0 ms.
TpTrace Verbose: 0 : 164, 7, 2024/10/12, 00:30:19.145, 66540131138, vstest.console.dll, TcpClientExtensions.MessageLoopAsync: Polling on remoteEndPoint: 127.0.0.1:53298 localEndPoint: 127.0.0.1:53296 after 0 ms
TpTrace Verbose: 0 : 164, 7, 2024/10/12, 00:30:19.145, 66540131380, vstest.console.dll, TcpClientExtensions.MessageLoopAsync: NotifyDataAvailable remoteEndPoint: 127.0.0.1:53298 localEndPoint: 127.0.0.1:53296
TpTrace Verbose: 0 : 164, 7, 2024/10/12, 00:30:19.145, 66540131733, vstest.console.dll, TestRequestSender.OnExecutionMessageReceived: Received message: {"Version":7,"MessageType":"TestSession.Message","Payload":{"MessageLevel":0,"Message":"[xUnit.net 00:00:00.35]         /_/src/Moq/MethodExpectation.cs(87,0): at Moq.MethodExpectation..ctor(LambdaExpression expression, MethodInfo method, IReadOnlyList`1 arguments, Boolean exactGenericTypeArguments, Boolean skipMatcherInitialization, Boolean allowNonOverridable)"}}
TpTrace Verbose: 0 : 164, 7, 2024/10/12, 00:30:19.146, 66540132330, vstest.console.dll, TestRunRequest:SendTestRunMessage: Starting.
TpTrace Verbose: 0 : 164, 7, 2024/10/12, 00:30:19.146, 66540132757, vstest.console.dll, MulticastDelegateUtilities.SafeInvoke: TestRun.LogMessages: Invoking callback 1/1 for Microsoft.VisualStudio.TestPlatform.CommandLine.TestRunResultAggregator., took 0 ms.
TpTrace Verbose: 0 : 164, 4, 2024/10/12, 00:30:19.146, 66540132871, vstest.console.dll, MulticastDelegateUtilities.SafeInvoke: InternalTestLoggerEvents.SendTestRunMessage: Invoking callback 1/1 for Microsoft.VisualStudio.TestPlatform.CommandLine.Internal.ConsoleLogger., took 0 ms.
TpTrace Information: 0 : 164, 7, 2024/10/12, 00:30:19.146, 66540133152, vstest.console.dll, TestRunRequest:SendTestRunMessage: Completed.
TpTrace Verbose: 0 : 164, 7, 2024/10/12, 00:30:19.146, 66540133957, vstest.console.dll, MulticastDelegateUtilities.SafeInvoke: LengthPrefixCommunicationChannel: MessageReceived: Invoking callback 1/1 for Microsoft.VisualStudio.TestPlatform.CommunicationUtilities.TestRequestSender+<>c__DisplayClass34_0., took 0 ms.
TpTrace Verbose: 0 : 164, 7, 2024/10/12, 00:30:19.146, 66540134390, vstest.console.dll, TcpClientExtensions.MessageLoopAsync: Polling on remoteEndPoint: 127.0.0.1:53298 localEndPoint: 127.0.0.1:53296 after 0 ms
TpTrace Verbose: 0 : 164, 7, 2024/10/12, 00:30:19.146, 66540134811, vstest.console.dll, TcpClientExtensions.MessageLoopAsync: NotifyDataAvailable remoteEndPoint: 127.0.0.1:53298 localEndPoint: 127.0.0.1:53296
TpTrace Verbose: 0 : 164, 7, 2024/10/12, 00:30:19.146, 66540135491, vstest.console.dll, TestRequestSender.OnExecutionMessageReceived: Received message: {"Version":7,"MessageType":"TestSession.Message","Payload":{"MessageLevel":0,"Message":"[xUnit.net 00:00:00.35]         /_/src/Moq/ExpressionExtensions.cs(326,0): at Moq.ExpressionExtensions.<Split>g__Split|5_0(Expression e, Expression& r, MethodExpectation& p, Boolean assignment, Boolean allowNonOverridableLastProperty)"}}
TpTrace Verbose: 0 : 164, 7, 2024/10/12, 00:30:19.146, 66540136266, vstest.console.dll, TestRunRequest:SendTestRunMessage: Starting.
TpTrace Verbose: 0 : 164, 7, 2024/10/12, 00:30:19.146, 66540136849, vstest.console.dll, MulticastDelegateUtilities.SafeInvoke: TestRun.LogMessages: Invoking callback 1/1 for Microsoft.VisualStudio.TestPlatform.CommandLine.TestRunResultAggregator., took 0 ms.
TpTrace Verbose: 0 : 164, 4, 2024/10/12, 00:30:19.146, 66540136879, vstest.console.dll, MulticastDelegateUtilities.SafeInvoke: InternalTestLoggerEvents.SendTestRunMessage: Invoking callback 1/1 for Microsoft.VisualStudio.TestPlatform.CommandLine.Internal.ConsoleLogger., took 0 ms.
TpTrace Information: 0 : 164, 7, 2024/10/12, 00:30:19.146, 66540137337, vstest.console.dll, TestRunRequest:SendTestRunMessage: Completed.
TpTrace Verbose: 0 : 164, 7, 2024/10/12, 00:30:19.146, 66540138040, vstest.console.dll, MulticastDelegateUtilities.SafeInvoke: LengthPrefixCommunicationChannel: MessageReceived: Invoking callback 1/1 for Microsoft.VisualStudio.TestPlatform.CommunicationUtilities.TestRequestSender+<>c__DisplayClass34_0., took 0 ms.
TpTrace Verbose: 0 : 164, 7, 2024/10/12, 00:30:19.146, 66540138376, vstest.console.dll, TcpClientExtensions.MessageLoopAsync: Polling on remoteEndPoint: 127.0.0.1:53298 localEndPoint: 127.0.0.1:53296 after 0 ms
TpTrace Verbose: 0 : 164, 7, 2024/10/12, 00:30:19.146, 66540138769, vstest.console.dll, TcpClientExtensions.MessageLoopAsync: NotifyDataAvailable remoteEndPoint: 127.0.0.1:53298 localEndPoint: 127.0.0.1:53296
TpTrace Verbose: 0 : 164, 7, 2024/10/12, 00:30:19.146, 66540139256, vstest.console.dll, TestRequestSender.OnExecutionMessageReceived: Received message: {"Version":7,"MessageType":"TestSession.Message","Payload":{"MessageLevel":0,"Message":"[xUnit.net 00:00:00.35]         /_/src/Moq/ExpressionExtensions.cs(149,0): at Moq.ExpressionExtensions.Split(LambdaExpression expression, Boolean allowNonOverridableLastProperty)"}}
TpTrace Verbose: 0 : 164, 7, 2024/10/12, 00:30:19.146, 66540139821, vstest.console.dll, TestRunRequest:SendTestRunMessage: Starting.
TpTrace Verbose: 0 : 164, 7, 2024/10/12, 00:30:19.146, 66540140253, vstest.console.dll, MulticastDelegateUtilities.SafeInvoke: TestRun.LogMessages: Invoking callback 1/1 for Microsoft.VisualStudio.TestPlatform.CommandLine.TestRunResultAggregator., took 0 ms.
TpTrace Verbose: 0 : 164, 4, 2024/10/12, 00:30:19.146, 66540140264, vstest.console.dll, MulticastDelegateUtilities.SafeInvoke: InternalTestLoggerEvents.SendTestRunMessage: Invoking callback 1/1 for Microsoft.VisualStudio.TestPlatform.CommandLine.Internal.ConsoleLogger., took 0 ms.
TpTrace Information: 0 : 164, 7, 2024/10/12, 00:30:19.146, 66540140600, vstest.console.dll, TestRunRequest:SendTestRunMessage: Completed.
TpTrace Verbose: 0 : 164, 7, 2024/10/12, 00:30:19.146, 66540141316, vstest.console.dll, MulticastDelegateUtilities.SafeInvoke: LengthPrefixCommunicationChannel: MessageReceived: Invoking callback 1/1 for Microsoft.VisualStudio.TestPlatform.CommunicationUtilities.TestRequestSender+<>c__DisplayClass34_0., took 0 ms.
TpTrace Verbose: 0 : 164, 7, 2024/10/12, 00:30:19.146, 66540141701, vstest.console.dll, TcpClientExtensions.MessageLoopAsync: Polling on remoteEndPoint: 127.0.0.1:53298 localEndPoint: 127.0.0.1:53296 after 0 ms
TpTrace Verbose: 0 : 164, 7, 2024/10/12, 00:30:19.147, 66540142190, vstest.console.dll, TcpClientExtensions.MessageLoopAsync: NotifyDataAvailable remoteEndPoint: 127.0.0.1:53298 localEndPoint: 127.0.0.1:53296
TpTrace Verbose: 0 : 164, 7, 2024/10/12, 00:30:19.147, 66540142891, vstest.console.dll, TestRequestSender.OnExecutionMessageReceived: Received message: {"Version":7,"MessageType":"TestSession.Message","Payload":{"MessageLevel":0,"Message":"[xUnit.net 00:00:00.35]         /_/src/Moq/Mock.cs(645,0): at Moq.Mock.SetupRecursive[TSetup](Mock mock, LambdaExpression expression, Func`4 setupLast, Boolean allowNonOverridableLastProperty)"}}
TpTrace Verbose: 0 : 164, 7, 2024/10/12, 00:30:19.147, 66540143668, vstest.console.dll, TestRunRequest:SendTestRunMessage: Starting.
TpTrace Verbose: 0 : 164, 7, 2024/10/12, 00:30:19.147, 66540144244, vstest.console.dll, MulticastDelegateUtilities.SafeInvoke: TestRun.LogMessages: Invoking callback 1/1 for Microsoft.VisualStudio.TestPlatform.CommandLine.TestRunResultAggregator., took 0 ms.
TpTrace Verbose: 0 : 164, 4, 2024/10/12, 00:30:19.147, 66540144324, vstest.console.dll, MulticastDelegateUtilities.SafeInvoke: InternalTestLoggerEvents.SendTestRunMessage: Invoking callback 1/1 for Microsoft.VisualStudio.TestPlatform.CommandLine.Internal.ConsoleLogger., took 0 ms.
TpTrace Information: 0 : 164, 7, 2024/10/12, 00:30:19.147, 66540144623, vstest.console.dll, TestRunRequest:SendTestRunMessage: Completed.
TpTrace Verbose: 0 : 164, 7, 2024/10/12, 00:30:19.147, 66540145205, vstest.console.dll, MulticastDelegateUtilities.SafeInvoke: LengthPrefixCommunicationChannel: MessageReceived: Invoking callback 1/1 for Microsoft.VisualStudio.TestPlatform.CommunicationUtilities.TestRequestSender+<>c__DisplayClass34_0., took 0 ms.
TpTrace Verbose: 0 : 164, 7, 2024/10/12, 00:30:19.147, 66540145466, vstest.console.dll, TcpClientExtensions.MessageLoopAsync: Polling on remoteEndPoint: 127.0.0.1:53298 localEndPoint: 127.0.0.1:53296 after 0 ms
TpTrace Verbose: 0 : 164, 7, 2024/10/12, 00:30:19.147, 66540145735, vstest.console.dll, TcpClientExtensions.MessageLoopAsync: NotifyDataAvailable remoteEndPoint: 127.0.0.1:53298 localEndPoint: 127.0.0.1:53296
TpTrace Verbose: 0 : 164, 7, 2024/10/12, 00:30:19.147, 66540146134, vstest.console.dll, TestRequestSender.OnExecutionMessageReceived: Received message: {"Version":7,"MessageType":"TestSession.Message","Payload":{"MessageLevel":0,"Message":"[xUnit.net 00:00:00.35]         /_/src/Moq/Mock.cs(500,0): at Moq.Mock.Setup(Mock mock, LambdaExpression expression, Condition condition)"}}
TpTrace Verbose: 0 : 164, 7, 2024/10/12, 00:30:19.147, 66540146613, vstest.console.dll, TestRunRequest:SendTestRunMessage: Starting.
TpTrace Verbose: 0 : 164, 7, 2024/10/12, 00:30:19.147, 66540146996, vstest.console.dll, MulticastDelegateUtilities.SafeInvoke: TestRun.LogMessages: Invoking callback 1/1 for Microsoft.VisualStudio.TestPlatform.CommandLine.TestRunResultAggregator., took 0 ms.
TpTrace Verbose: 0 : 164, 4, 2024/10/12, 00:30:19.147, 66540147059, vstest.console.dll, MulticastDelegateUtilities.SafeInvoke: InternalTestLoggerEvents.SendTestRunMessage: Invoking callback 1/1 for Microsoft.VisualStudio.TestPlatform.CommandLine.Internal.ConsoleLogger., took 0 ms.
TpTrace Information: 0 : 164, 7, 2024/10/12, 00:30:19.147, 66540147244, vstest.console.dll, TestRunRequest:SendTestRunMessage: Completed.
TpTrace Verbose: 0 : 164, 7, 2024/10/12, 00:30:19.147, 66540147692, vstest.console.dll, MulticastDelegateUtilities.SafeInvoke: LengthPrefixCommunicationChannel: MessageReceived: Invoking callback 1/1 for Microsoft.VisualStudio.TestPlatform.CommunicationUtilities.TestRequestSender+<>c__DisplayClass34_0., took 0 ms.
TpTrace Verbose: 0 : 164, 7, 2024/10/12, 00:30:19.147, 66540147918, vstest.console.dll, TcpClientExtensions.MessageLoopAsync: Polling on remoteEndPoint: 127.0.0.1:53298 localEndPoint: 127.0.0.1:53296 after 0 ms
TpTrace Verbose: 0 : 164, 7, 2024/10/12, 00:30:19.147, 66540148156, vstest.console.dll, TcpClientExtensions.MessageLoopAsync: NotifyDataAvailable remoteEndPoint: 127.0.0.1:53298 localEndPoint: 127.0.0.1:53296
TpTrace Verbose: 0 : 164, 7, 2024/10/12, 00:30:19.147, 66540148523, vstest.console.dll, TestRequestSender.OnExecutionMessageReceived: Received message: {"Version":7,"MessageType":"TestSession.Message","Payload":{"MessageLevel":0,"Message":"[xUnit.net 00:00:00.35]         /_/src/Moq/Mock`1.cs(452,0): at Moq.Mock`1.Setup[TResult](Expression`1 expression)"}}
TpTrace Verbose: 0 : 164, 7, 2024/10/12, 00:30:19.147, 66540148954, vstest.console.dll, TestRunRequest:SendTestRunMessage: Starting.
TpTrace Verbose: 0 : 164, 7, 2024/10/12, 00:30:19.147, 66540149314, vstest.console.dll, MulticastDelegateUtilities.SafeInvoke: TestRun.LogMessages: Invoking callback 1/1 for Microsoft.VisualStudio.TestPlatform.CommandLine.TestRunResultAggregator., took 0 ms.
TpTrace Verbose: 0 : 164, 4, 2024/10/12, 00:30:19.147, 66540149323, vstest.console.dll, MulticastDelegateUtilities.SafeInvoke: InternalTestLoggerEvents.SendTestRunMessage: Invoking callback 1/1 for Microsoft.VisualStudio.TestPlatform.CommandLine.Internal.ConsoleLogger., took 0 ms.
TpTrace Information: 0 : 164, 7, 2024/10/12, 00:30:19.147, 66540149586, vstest.console.dll, TestRunRequest:SendTestRunMessage: Completed.
TpTrace Verbose: 0 : 164, 7, 2024/10/12, 00:30:19.147, 66540150063, vstest.console.dll, MulticastDelegateUtilities.SafeInvoke: LengthPrefixCommunicationChannel: MessageReceived: Invoking callback 1/1 for Microsoft.VisualStudio.TestPlatform.CommunicationUtilities.TestRequestSender+<>c__DisplayClass34_0., took 0 ms.
TpTrace Verbose: 0 : 164, 7, 2024/10/12, 00:30:19.147, 66540150274, vstest.console.dll, TcpClientExtensions.MessageLoopAsync: Polling on remoteEndPoint: 127.0.0.1:53298 localEndPoint: 127.0.0.1:53296 after 0 ms
TpTrace Verbose: 0 : 164, 7, 2024/10/12, 00:30:19.147, 66540150520, vstest.console.dll, TcpClientExtensions.MessageLoopAsync: NotifyDataAvailable remoteEndPoint: 127.0.0.1:53298 localEndPoint: 127.0.0.1:53296
TpTrace Verbose: 0 : 164, 7, 2024/10/12, 00:30:19.147, 66540150898, vstest.console.dll, TestRequestSender.OnExecutionMessageReceived: Received message: {"Version":7,"MessageType":"TestSession.Message","Payload":{"MessageLevel":0,"Message":"[xUnit.net 00:00:00.35]         D:\\projects\\kahn_test\\kahn_test\\TicketManagement.API\\Tests\\TicketServiceTests.cs(97,0): at TicketManagement.API.Tests.TicketServiceTests.UpdateTicketAsync_ShouldReturnNull_WhenTicketDoesNotExist()"}}
TpTrace Verbose: 0 : 164, 7, 2024/10/12, 00:30:19.147, 66540151623, vstest.console.dll, TestRunRequest:SendTestRunMessage: Starting.
TpTrace Verbose: 0 : 164, 7, 2024/10/12, 00:30:19.148, 66540152003, vstest.console.dll, MulticastDelegateUtilities.SafeInvoke: TestRun.LogMessages: Invoking callback 1/1 for Microsoft.VisualStudio.TestPlatform.CommandLine.TestRunResultAggregator., took 0 ms.
TpTrace Verbose: 0 : 164, 4, 2024/10/12, 00:30:19.148, 66540152116, vstest.console.dll, MulticastDelegateUtilities.SafeInvoke: InternalTestLoggerEvents.SendTestRunMessage: Invoking callback 1/1 for Microsoft.VisualStudio.TestPlatform.CommandLine.Internal.ConsoleLogger., took 0 ms.
TpTrace Information: 0 : 164, 7, 2024/10/12, 00:30:19.148, 66540152411, vstest.console.dll, TestRunRequest:SendTestRunMessage: Completed.
TpTrace Verbose: 0 : 164, 7, 2024/10/12, 00:30:19.148, 66540153202, vstest.console.dll, MulticastDelegateUtilities.SafeInvoke: LengthPrefixCommunicationChannel: MessageReceived: Invoking callback 1/1 for Microsoft.VisualStudio.TestPlatform.CommunicationUtilities.TestRequestSender+<>c__DisplayClass34_0., took 0 ms.
TpTrace Verbose: 0 : 164, 7, 2024/10/12, 00:30:19.148, 66540153647, vstest.console.dll, TcpClientExtensions.MessageLoopAsync: Polling on remoteEndPoint: 127.0.0.1:53298 localEndPoint: 127.0.0.1:53296 after 0 ms
TpTrace Verbose: 0 : 164, 7, 2024/10/12, 00:30:19.148, 66540154041, vstest.console.dll, TcpClientExtensions.MessageLoopAsync: NotifyDataAvailable remoteEndPoint: 127.0.0.1:53298 localEndPoint: 127.0.0.1:53296
TpTrace Verbose: 0 : 164, 7, 2024/10/12, 00:30:19.148, 66540154530, vstest.console.dll, TestRequestSender.OnExecutionMessageReceived: Received message: {"Version":7,"MessageType":"TestSession.Message","Payload":{"MessageLevel":0,"Message":"[xUnit.net 00:00:00.35]         --- End of stack trace from previous location ---"}}
TpTrace Verbose: 0 : 164, 7, 2024/10/12, 00:30:19.148, 66540155346, vstest.console.dll, TestRunRequest:SendTestRunMessage: Starting.
TpTrace Verbose: 0 : 164, 7, 2024/10/12, 00:30:19.148, 66540155917, vstest.console.dll, MulticastDelegateUtilities.SafeInvoke: TestRun.LogMessages: Invoking callback 1/1 for Microsoft.VisualStudio.TestPlatform.CommandLine.TestRunResultAggregator., took 0 ms.
TpTrace Verbose: 0 : 164, 4, 2024/10/12, 00:30:19.148, 66540155976, vstest.console.dll, MulticastDelegateUtilities.SafeInvoke: InternalTestLoggerEvents.SendTestRunMessage: Invoking callback 1/1 for Microsoft.VisualStudio.TestPlatform.CommandLine.Internal.ConsoleLogger., took 0 ms.
TpTrace Information: 0 : 164, 7, 2024/10/12, 00:30:19.148, 66540156266, vstest.console.dll, TestRunRequest:SendTestRunMessage: Completed.
TpTrace Verbose: 0 : 164, 7, 2024/10/12, 00:30:19.148, 66540157006, vstest.console.dll, MulticastDelegateUtilities.SafeInvoke: LengthPrefixCommunicationChannel: MessageReceived: Invoking callback 1/1 for Microsoft.VisualStudio.TestPlatform.CommunicationUtilities.TestRequestSender+<>c__DisplayClass34_0., took 0 ms.
TpTrace Verbose: 0 : 164, 7, 2024/10/12, 00:30:19.148, 66540157457, vstest.console.dll, TcpClientExtensions.MessageLoopAsync: Polling on remoteEndPoint: 127.0.0.1:53298 localEndPoint: 127.0.0.1:53296 after 0 ms
TpTrace Verbose: 0 : 164, 7, 2024/10/12, 00:30:19.148, 66540158004, vstest.console.dll, TcpClientExtensions.MessageLoopAsync: NotifyDataAvailable remoteEndPoint: 127.0.0.1:53298 localEndPoint: 127.0.0.1:53296
TpTrace Verbose: 0 : 164, 7, 2024/10/12, 00:30:19.148, 66540158652, vstest.console.dll, TestRequestSender.OnExecutionMessageReceived: Received message: {"Version":7,"MessageType":"TestSession.Message","Payload":{"MessageLevel":2,"Message":"[xUnit.net 00:00:00.35]     TicketManagement.API.Tests.TicketServiceTests.DeleteTicketAsync_ShouldReturnFalse_WhenTicketDoesNotExist [FAIL]"}}
TpTrace Verbose: 0 : 164, 7, 2024/10/12, 00:30:19.148, 66540159653, vstest.console.dll, TestRunRequest:SendTestRunMessage: Starting.
TpTrace Verbose: 0 : 164, 7, 2024/10/12, 00:30:19.148, 66540160120, vstest.console.dll, MulticastDelegateUtilities.SafeInvoke: TestRun.LogMessages: Invoking callback 1/1 for Microsoft.VisualStudio.TestPlatform.CommandLine.TestRunResultAggregator., took 0 ms.
TpTrace Information: 0 : 164, 7, 2024/10/12, 00:30:19.148, 66540160436, vstest.console.dll, TestRunRequest:SendTestRunMessage: Completed.
TpTrace Verbose: 0 : 164, 7, 2024/10/12, 00:30:19.148, 66540160699, vstest.console.dll, MulticastDelegateUtilities.SafeInvoke: LengthPrefixCommunicationChannel: MessageReceived: Invoking callback 1/1 for Microsoft.VisualStudio.TestPlatform.CommunicationUtilities.TestRequestSender+<>c__DisplayClass34_0., took 0 ms.
TpTrace Verbose: 0 : 164, 7, 2024/10/12, 00:30:19.148, 66540161098, vstest.console.dll, TcpClientExtensions.MessageLoopAsync: Polling on remoteEndPoint: 127.0.0.1:53298 localEndPoint: 127.0.0.1:53296 after 0 ms
TpTrace Verbose: 0 : 164, 7, 2024/10/12, 00:30:19.148, 66540161550, vstest.console.dll, TcpClientExtensions.MessageLoopAsync: NotifyDataAvailable remoteEndPoint: 127.0.0.1:53298 localEndPoint: 127.0.0.1:53296
TpTrace Verbose: 0 : 164, 7, 2024/10/12, 00:30:19.149, 66540162012, vstest.console.dll, TestRequestSender.OnExecutionMessageReceived: Received message: {"Version":7,"MessageType":"TestSession.Message","Payload":{"MessageLevel":0,"Message":"[xUnit.net 00:00:00.35]       System.NotSupportedException : Unsupported expression: c => c.Tickets"}}
TpTrace Verbose: 0 : 164, 7, 2024/10/12, 00:30:19.149, 66540162801, vstest.console.dll, TestRunRequest:SendTestRunMessage: Starting.
TpTrace Verbose: 0 : 164, 7, 2024/10/12, 00:30:19.149, 66540163285, vstest.console.dll, MulticastDelegateUtilities.SafeInvoke: TestRun.LogMessages: Invoking callback 1/1 for Microsoft.VisualStudio.TestPlatform.CommandLine.TestRunResultAggregator., took 0 ms.
TpTrace Verbose: 0 : 164, 4, 2024/10/12, 00:30:19.149, 66540163495, vstest.console.dll, MulticastDelegateUtilities.SafeInvoke: InternalTestLoggerEvents.SendTestRunMessage: Invoking callback 1/1 for Microsoft.VisualStudio.TestPlatform.CommandLine.Internal.ConsoleLogger., took 0 ms.
TpTrace Information: 0 : 164, 7, 2024/10/12, 00:30:19.149, 66540163581, vstest.console.dll, TestRunRequest:SendTestRunMessage: Completed.
TpTrace Verbose: 0 : 164, 4, 2024/10/12, 00:30:19.149, 66540164200, vstest.console.dll, MulticastDelegateUtilities.SafeInvoke: InternalTestLoggerEvents.SendTestRunMessage: Invoking callback 1/1 for Microsoft.VisualStudio.TestPlatform.CommandLine.Internal.ConsoleLogger., took 0 ms.
TpTrace Verbose: 0 : 164, 7, 2024/10/12, 00:30:19.149, 66540164352, vstest.console.dll, MulticastDelegateUtilities.SafeInvoke: LengthPrefixCommunicationChannel: MessageReceived: Invoking callback 1/1 for Microsoft.VisualStudio.TestPlatform.CommunicationUtilities.TestRequestSender+<>c__DisplayClass34_0., took 0 ms.
TpTrace Verbose: 0 : 164, 7, 2024/10/12, 00:30:19.149, 66540164880, vstest.console.dll, TcpClientExtensions.MessageLoopAsync: Polling on remoteEndPoint: 127.0.0.1:53298 localEndPoint: 127.0.0.1:53296 after 0 ms
TpTrace Verbose: 0 : 164, 7, 2024/10/12, 00:30:19.149, 66540165348, vstest.console.dll, TcpClientExtensions.MessageLoopAsync: NotifyDataAvailable remoteEndPoint: 127.0.0.1:53298 localEndPoint: 127.0.0.1:53296
TpTrace Verbose: 0 : 164, 7, 2024/10/12, 00:30:19.149, 66540165833, vstest.console.dll, TestRequestSender.OnExecutionMessageReceived: Received message: {"Version":7,"MessageType":"TestSession.Message","Payload":{"MessageLevel":0,"Message":"[xUnit.net 00:00:00.35]       Non-overridable members (here: ApplicationDbContext.get_Tickets) may not be used in setup / verification expressions."}}
TpTrace Verbose: 0 : 164, 7, 2024/10/12, 00:30:19.149, 66540166688, vstest.console.dll, TestRunRequest:SendTestRunMessage: Starting.
TpTrace Verbose: 0 : 164, 7, 2024/10/12, 00:30:19.149, 66540167440, vstest.console.dll, MulticastDelegateUtilities.SafeInvoke: TestRun.LogMessages: Invoking callback 1/1 for Microsoft.VisualStudio.TestPlatform.CommandLine.TestRunResultAggregator., took 0 ms.
TpTrace Verbose: 0 : 164, 4, 2024/10/12, 00:30:19.149, 66540167556, vstest.console.dll, MulticastDelegateUtilities.SafeInvoke: InternalTestLoggerEvents.SendTestRunMessage: Invoking callback 1/1 for Microsoft.VisualStudio.TestPlatform.CommandLine.Internal.ConsoleLogger., took 0 ms.
TpTrace Information: 0 : 164, 7, 2024/10/12, 00:30:19.149, 66540167948, vstest.console.dll, TestRunRequest:SendTestRunMessage: Completed.
TpTrace Verbose: 0 : 164, 7, 2024/10/12, 00:30:19.149, 66540168707, vstest.console.dll, MulticastDelegateUtilities.SafeInvoke: LengthPrefixCommunicationChannel: MessageReceived: Invoking callback 1/1 for Microsoft.VisualStudio.TestPlatform.CommunicationUtilities.TestRequestSender+<>c__DisplayClass34_0., took 0 ms.
TpTrace Verbose: 0 : 164, 7, 2024/10/12, 00:30:19.149, 66540169130, vstest.console.dll, TcpClientExtensions.MessageLoopAsync: Polling on remoteEndPoint: 127.0.0.1:53298 localEndPoint: 127.0.0.1:53296 after 0 ms
TpTrace Verbose: 0 : 164, 7, 2024/10/12, 00:30:19.149, 66540169755, vstest.console.dll, TcpClientExtensions.MessageLoopAsync: NotifyDataAvailable remoteEndPoint: 127.0.0.1:53298 localEndPoint: 127.0.0.1:53296
TpTrace Verbose: 0 : 164, 7, 2024/10/12, 00:30:19.149, 66540170438, vstest.console.dll, TestRequestSender.OnExecutionMessageReceived: Received message: {"Version":7,"MessageType":"TestSession.Message","Payload":{"MessageLevel":0,"Message":"[xUnit.net 00:00:00.35]       Stack Trace:"}}
TpTrace Verbose: 0 : 164, 7, 2024/10/12, 00:30:19.149, 66540171019, vstest.console.dll, TestRunRequest:SendTestRunMessage: Starting.
TpTrace Verbose: 0 : 164, 7, 2024/10/12, 00:30:19.149, 66540171475, vstest.console.dll, MulticastDelegateUtilities.SafeInvoke: TestRun.LogMessages: Invoking callback 1/1 for Microsoft.VisualStudio.TestPlatform.CommandLine.TestRunResultAggregator., took 0 ms.
TpTrace Verbose: 0 : 164, 4, 2024/10/12, 00:30:19.149, 66540171567, vstest.console.dll, MulticastDelegateUtilities.SafeInvoke: InternalTestLoggerEvents.SendTestRunMessage: Invoking callback 1/1 for Microsoft.VisualStudio.TestPlatform.CommandLine.Internal.ConsoleLogger., took 0 ms.
TpTrace Information: 0 : 164, 7, 2024/10/12, 00:30:19.149, 66540171811, vstest.console.dll, TestRunRequest:SendTestRunMessage: Completed.
TpTrace Verbose: 0 : 164, 7, 2024/10/12, 00:30:19.150, 66540172764, vstest.console.dll, MulticastDelegateUtilities.SafeInvoke: LengthPrefixCommunicationChannel: MessageReceived: Invoking callback 1/1 for Microsoft.VisualStudio.TestPlatform.CommunicationUtilities.TestRequestSender+<>c__DisplayClass34_0., took 0 ms.
TpTrace Verbose: 0 : 164, 7, 2024/10/12, 00:30:19.150, 66540173119, vstest.console.dll, TcpClientExtensions.MessageLoopAsync: Polling on remoteEndPoint: 127.0.0.1:53298 localEndPoint: 127.0.0.1:53296 after 0 ms
TpTrace Verbose: 0 : 164, 7, 2024/10/12, 00:30:19.150, 66540173512, vstest.console.dll, TcpClientExtensions.MessageLoopAsync: NotifyDataAvailable remoteEndPoint: 127.0.0.1:53298 localEndPoint: 127.0.0.1:53296
TpTrace Verbose: 0 : 164, 7, 2024/10/12, 00:30:19.150, 66540174057, vstest.console.dll, TestRequestSender.OnExecutionMessageReceived: Received message: {"Version":7,"MessageType":"TestSession.Message","Payload":{"MessageLevel":0,"Message":"[xUnit.net 00:00:00.35]         /_/src/Moq/Guard.cs(99,0): at Moq.Guard.IsOverridable(MethodInfo method, Expression expression)"}}
TpTrace Verbose: 0 : 164, 7, 2024/10/12, 00:30:19.150, 66540174750, vstest.console.dll, TestRunRequest:SendTestRunMessage: Starting.
TpTrace Verbose: 0 : 164, 7, 2024/10/12, 00:30:19.150, 66540175319, vstest.console.dll, MulticastDelegateUtilities.SafeInvoke: TestRun.LogMessages: Invoking callback 1/1 for Microsoft.VisualStudio.TestPlatform.CommandLine.TestRunResultAggregator., took 0 ms.
TpTrace Verbose: 0 : 164, 4, 2024/10/12, 00:30:19.150, 66540175446, vstest.console.dll, MulticastDelegateUtilities.SafeInvoke: InternalTestLoggerEvents.SendTestRunMessage: Invoking callback 1/1 for Microsoft.VisualStudio.TestPlatform.CommandLine.Internal.ConsoleLogger., took 0 ms.
TpTrace Information: 0 : 164, 7, 2024/10/12, 00:30:19.150, 66540175716, vstest.console.dll, TestRunRequest:SendTestRunMessage: Completed.
TpTrace Verbose: 0 : 164, 7, 2024/10/12, 00:30:19.150, 66540176406, vstest.console.dll, MulticastDelegateUtilities.SafeInvoke: LengthPrefixCommunicationChannel: MessageReceived: Invoking callback 1/1 for Microsoft.VisualStudio.TestPlatform.CommunicationUtilities.TestRequestSender+<>c__DisplayClass34_0., took 0 ms.
TpTrace Verbose: 0 : 164, 7, 2024/10/12, 00:30:19.150, 66540176648, vstest.console.dll, TcpClientExtensions.MessageLoopAsync: Polling on remoteEndPoint: 127.0.0.1:53298 localEndPoint: 127.0.0.1:53296 after 0 ms
TpTrace Verbose: 0 : 164, 7, 2024/10/12, 00:30:19.150, 66540176893, vstest.console.dll, TcpClientExtensions.MessageLoopAsync: NotifyDataAvailable remoteEndPoint: 127.0.0.1:53298 localEndPoint: 127.0.0.1:53296
TpTrace Verbose: 0 : 164, 7, 2024/10/12, 00:30:19.150, 66540177328, vstest.console.dll, TestRequestSender.OnExecutionMessageReceived: Received message: {"Version":7,"MessageType":"TestSession.Message","Payload":{"MessageLevel":0,"Message":"[xUnit.net 00:00:00.35]         /_/src/Moq/MethodExpectation.cs(87,0): at Moq.MethodExpectation..ctor(LambdaExpression expression, MethodInfo method, IReadOnlyList`1 arguments, Boolean exactGenericTypeArguments, Boolean skipMatcherInitialization, Boolean allowNonOverridable)"}}
TpTrace Verbose: 0 : 164, 7, 2024/10/12, 00:30:19.150, 66540177892, vstest.console.dll, TestRunRequest:SendTestRunMessage: Starting.
TpTrace Verbose: 0 : 164, 7, 2024/10/12, 00:30:19.150, 66540178222, vstest.console.dll, MulticastDelegateUtilities.SafeInvoke: TestRun.LogMessages: Invoking callback 1/1 for Microsoft.VisualStudio.TestPlatform.CommandLine.TestRunResultAggregator., took 0 ms.
TpTrace Verbose: 0 : 164, 4, 2024/10/12, 00:30:19.150, 66540178364, vstest.console.dll, MulticastDelegateUtilities.SafeInvoke: InternalTestLoggerEvents.SendTestRunMessage: Invoking callback 1/1 for Microsoft.VisualStudio.TestPlatform.CommandLine.Internal.ConsoleLogger., took 0 ms.
TpTrace Information: 0 : 164, 7, 2024/10/12, 00:30:19.150, 66540178438, vstest.console.dll, TestRunRequest:SendTestRunMessage: Completed.
TpTrace Verbose: 0 : 164, 7, 2024/10/12, 00:30:19.150, 66540178909, vstest.console.dll, MulticastDelegateUtilities.SafeInvoke: LengthPrefixCommunicationChannel: MessageReceived: Invoking callback 1/1 for Microsoft.VisualStudio.TestPlatform.CommunicationUtilities.TestRequestSender+<>c__DisplayClass34_0., took 0 ms.
TpTrace Verbose: 0 : 164, 7, 2024/10/12, 00:30:19.150, 66540179210, vstest.console.dll, TcpClientExtensions.MessageLoopAsync: Polling on remoteEndPoint: 127.0.0.1:53298 localEndPoint: 127.0.0.1:53296 after 0 ms
TpTrace Verbose: 0 : 164, 7, 2024/10/12, 00:30:19.150, 66540179461, vstest.console.dll, TcpClientExtensions.MessageLoopAsync: NotifyDataAvailable remoteEndPoint: 127.0.0.1:53298 localEndPoint: 127.0.0.1:53296
TpTrace Verbose: 0 : 164, 7, 2024/10/12, 00:30:19.150, 66540179787, vstest.console.dll, TestRequestSender.OnExecutionMessageReceived: Received message: {"Version":7,"MessageType":"TestSession.Message","Payload":{"MessageLevel":0,"Message":"[xUnit.net 00:00:00.35]         /_/src/Moq/ExpressionExtensions.cs(326,0): at Moq.ExpressionExtensions.<Split>g__Split|5_0(Expression e, Expression& r, MethodExpectation& p, Boolean assignment, Boolean allowNonOverridableLastProperty)"}}
TpTrace Verbose: 0 : 164, 7, 2024/10/12, 00:30:19.150, 66540180264, vstest.console.dll, TestRunRequest:SendTestRunMessage: Starting.
TpTrace Verbose: 0 : 164, 7, 2024/10/12, 00:30:19.150, 66540180603, vstest.console.dll, MulticastDelegateUtilities.SafeInvoke: TestRun.LogMessages: Invoking callback 1/1 for Microsoft.VisualStudio.TestPlatform.CommandLine.TestRunResultAggregator., took 0 ms.
TpTrace Verbose: 0 : 164, 4, 2024/10/12, 00:30:19.150, 66540180666, vstest.console.dll, MulticastDelegateUtilities.SafeInvoke: InternalTestLoggerEvents.SendTestRunMessage: Invoking callback 1/1 for Microsoft.VisualStudio.TestPlatform.CommandLine.Internal.ConsoleLogger., took 0 ms.
TpTrace Information: 0 : 164, 7, 2024/10/12, 00:30:19.150, 66540181093, vstest.console.dll, TestRunRequest:SendTestRunMessage: Completed.
TpTrace Verbose: 0 : 164, 7, 2024/10/12, 00:30:19.150, 66540181390, vstest.console.dll, MulticastDelegateUtilities.SafeInvoke: LengthPrefixCommunicationChannel: MessageReceived: Invoking callback 1/1 for Microsoft.VisualStudio.TestPlatform.CommunicationUtilities.TestRequestSender+<>c__DisplayClass34_0., took 0 ms.
TpTrace Verbose: 0 : 164, 7, 2024/10/12, 00:30:19.150, 66540181606, vstest.console.dll, TcpClientExtensions.MessageLoopAsync: Polling on remoteEndPoint: 127.0.0.1:53298 localEndPoint: 127.0.0.1:53296 after 0 ms
TpTrace Verbose: 0 : 164, 7, 2024/10/12, 00:30:19.150, 66540181838, vstest.console.dll, TcpClientExtensions.MessageLoopAsync: NotifyDataAvailable remoteEndPoint: 127.0.0.1:53298 localEndPoint: 127.0.0.1:53296
TpTrace Verbose: 0 : 164, 7, 2024/10/12, 00:30:19.151, 66540182161, vstest.console.dll, TestRequestSender.OnExecutionMessageReceived: Received message: {"Version":7,"MessageType":"TestSession.Message","Payload":{"MessageLevel":0,"Message":"[xUnit.net 00:00:00.35]         /_/src/Moq/ExpressionExtensions.cs(149,0): at Moq.ExpressionExtensions.Split(LambdaExpression expression, Boolean allowNonOverridableLastProperty)"}}
TpTrace Verbose: 0 : 164, 7, 2024/10/12, 00:30:19.151, 66540182664, vstest.console.dll, TestRunRequest:SendTestRunMessage: Starting.
TpTrace Verbose: 0 : 164, 7, 2024/10/12, 00:30:19.151, 66540182979, vstest.console.dll, MulticastDelegateUtilities.SafeInvoke: TestRun.LogMessages: Invoking callback 1/1 for Microsoft.VisualStudio.TestPlatform.CommandLine.TestRunResultAggregator., took 0 ms.
TpTrace Verbose: 0 : 164, 4, 2024/10/12, 00:30:19.151, 66540183038, vstest.console.dll, MulticastDelegateUtilities.SafeInvoke: InternalTestLoggerEvents.SendTestRunMessage: Invoking callback 1/1 for Microsoft.VisualStudio.TestPlatform.CommandLine.Internal.ConsoleLogger., took 0 ms.
TpTrace Information: 0 : 164, 7, 2024/10/12, 00:30:19.151, 66540183204, vstest.console.dll, TestRunRequest:SendTestRunMessage: Completed.
TpTrace Verbose: 0 : 164, 7, 2024/10/12, 00:30:19.151, 66540183697, vstest.console.dll, MulticastDelegateUtilities.SafeInvoke: LengthPrefixCommunicationChannel: MessageReceived: Invoking callback 1/1 for Microsoft.VisualStudio.TestPlatform.CommunicationUtilities.TestRequestSender+<>c__DisplayClass34_0., took 0 ms.
TpTrace Verbose: 0 : 164, 7, 2024/10/12, 00:30:19.151, 66540183913, vstest.console.dll, TcpClientExtensions.MessageLoopAsync: Polling on remoteEndPoint: 127.0.0.1:53298 localEndPoint: 127.0.0.1:53296 after 0 ms
TpTrace Verbose: 0 : 164, 7, 2024/10/12, 00:30:19.151, 66540184247, vstest.console.dll, TcpClientExtensions.MessageLoopAsync: NotifyDataAvailable remoteEndPoint: 127.0.0.1:53298 localEndPoint: 127.0.0.1:53296
TpTrace Verbose: 0 : 164, 7, 2024/10/12, 00:30:19.151, 66540184586, vstest.console.dll, TestRequestSender.OnExecutionMessageReceived: Received message: {"Version":7,"MessageType":"TestSession.Message","Payload":{"MessageLevel":0,"Message":"[xUnit.net 00:00:00.35]         /_/src/Moq/Mock.cs(645,0): at Moq.Mock.SetupRecursive[TSetup](Mock mock, LambdaExpression expression, Func`4 setupLast, Boolean allowNonOverridableLastProperty)"}}
TpTrace Verbose: 0 : 164, 7, 2024/10/12, 00:30:19.151, 66540185063, vstest.console.dll, TestRunRequest:SendTestRunMessage: Starting.
TpTrace Verbose: 0 : 164, 7, 2024/10/12, 00:30:19.151, 66540185378, vstest.console.dll, MulticastDelegateUtilities.SafeInvoke: TestRun.LogMessages: Invoking callback 1/1 for Microsoft.VisualStudio.TestPlatform.CommandLine.TestRunResultAggregator., took 0 ms.
TpTrace Verbose: 0 : 164, 4, 2024/10/12, 00:30:19.151, 66540185483, vstest.console.dll, MulticastDelegateUtilities.SafeInvoke: InternalTestLoggerEvents.SendTestRunMessage: Invoking callback 1/1 for Microsoft.VisualStudio.TestPlatform.CommandLine.Internal.ConsoleLogger., took 0 ms.
TpTrace Information: 0 : 164, 7, 2024/10/12, 00:30:19.151, 66540185600, vstest.console.dll, TestRunRequest:SendTestRunMessage: Completed.
TpTrace Verbose: 0 : 164, 7, 2024/10/12, 00:30:19.151, 66540186107, vstest.console.dll, MulticastDelegateUtilities.SafeInvoke: LengthPrefixCommunicationChannel: MessageReceived: Invoking callback 1/1 for Microsoft.VisualStudio.TestPlatform.CommunicationUtilities.TestRequestSender+<>c__DisplayClass34_0., took 0 ms.
TpTrace Verbose: 0 : 164, 7, 2024/10/12, 00:30:19.151, 66540186321, vstest.console.dll, TcpClientExtensions.MessageLoopAsync: Polling on remoteEndPoint: 127.0.0.1:53298 localEndPoint: 127.0.0.1:53296 after 0 ms
TpTrace Verbose: 0 : 164, 7, 2024/10/12, 00:30:19.151, 66540186554, vstest.console.dll, TcpClientExtensions.MessageLoopAsync: NotifyDataAvailable remoteEndPoint: 127.0.0.1:53298 localEndPoint: 127.0.0.1:53296
TpTrace Verbose: 0 : 164, 7, 2024/10/12, 00:30:19.151, 66540186867, vstest.console.dll, TestRequestSender.OnExecutionMessageReceived: Received message: {"Version":7,"MessageType":"TestSession.Message","Payload":{"MessageLevel":0,"Message":"[xUnit.net 00:00:00.35]         /_/src/Moq/Mock.cs(500,0): at Moq.Mock.Setup(Mock mock, LambdaExpression expression, Condition condition)"}}
TpTrace Verbose: 0 : 164, 7, 2024/10/12, 00:30:19.151, 66540187435, vstest.console.dll, TestRunRequest:SendTestRunMessage: Starting.
TpTrace Verbose: 0 : 164, 7, 2024/10/12, 00:30:19.151, 66540187776, vstest.console.dll, MulticastDelegateUtilities.SafeInvoke: TestRun.LogMessages: Invoking callback 1/1 for Microsoft.VisualStudio.TestPlatform.CommandLine.TestRunResultAggregator., took 0 ms.
TpTrace Verbose: 0 : 164, 4, 2024/10/12, 00:30:19.151, 66540187867, vstest.console.dll, MulticastDelegateUtilities.SafeInvoke: InternalTestLoggerEvents.SendTestRunMessage: Invoking callback 1/1 for Microsoft.VisualStudio.TestPlatform.CommandLine.Internal.ConsoleLogger., took 0 ms.
TpTrace Information: 0 : 164, 7, 2024/10/12, 00:30:19.151, 66540188327, vstest.console.dll, TestRunRequest:SendTestRunMessage: Completed.
TpTrace Verbose: 0 : 164, 7, 2024/10/12, 00:30:19.151, 66540188725, vstest.console.dll, MulticastDelegateUtilities.SafeInvoke: LengthPrefixCommunicationChannel: MessageReceived: Invoking callback 1/1 for Microsoft.VisualStudio.TestPlatform.CommunicationUtilities.TestRequestSender+<>c__DisplayClass34_0., took 0 ms.
TpTrace Verbose: 0 : 164, 7, 2024/10/12, 00:30:19.151, 66540188947, vstest.console.dll, TcpClientExtensions.MessageLoopAsync: Polling on remoteEndPoint: 127.0.0.1:53298 localEndPoint: 127.0.0.1:53296 after 0 ms
TpTrace Verbose: 0 : 164, 7, 2024/10/12, 00:30:19.151, 66540189193, vstest.console.dll, TcpClientExtensions.MessageLoopAsync: NotifyDataAvailable remoteEndPoint: 127.0.0.1:53298 localEndPoint: 127.0.0.1:53296
TpTrace Verbose: 0 : 164, 7, 2024/10/12, 00:30:19.151, 66540189540, vstest.console.dll, TestRequestSender.OnExecutionMessageReceived: Received message: {"Version":7,"MessageType":"TestSession.Message","Payload":{"MessageLevel":0,"Message":"[xUnit.net 00:00:00.35]         /_/src/Moq/Mock`1.cs(452,0): at Moq.Mock`1.Setup[TResult](Expression`1 expression)"}}
TpTrace Verbose: 0 : 164, 7, 2024/10/12, 00:30:19.151, 66540190099, vstest.console.dll, TestRunRequest:SendTestRunMessage: Starting.
TpTrace Verbose: 0 : 164, 7, 2024/10/12, 00:30:19.151, 66540190449, vstest.console.dll, MulticastDelegateUtilities.SafeInvoke: TestRun.LogMessages: Invoking callback 1/1 for Microsoft.VisualStudio.TestPlatform.CommandLine.TestRunResultAggregator., took 0 ms.
TpTrace Verbose: 0 : 164, 4, 2024/10/12, 00:30:19.151, 66540190549, vstest.console.dll, MulticastDelegateUtilities.SafeInvoke: InternalTestLoggerEvents.SendTestRunMessage: Invoking callback 1/1 for Microsoft.VisualStudio.TestPlatform.CommandLine.Internal.ConsoleLogger., took 0 ms.
TpTrace Information: 0 : 164, 7, 2024/10/12, 00:30:19.151, 66540191032, vstest.console.dll, TestRunRequest:SendTestRunMessage: Completed.
TpTrace Verbose: 0 : 164, 7, 2024/10/12, 00:30:19.151, 66540191425, vstest.console.dll, MulticastDelegateUtilities.SafeInvoke: LengthPrefixCommunicationChannel: MessageReceived: Invoking callback 1/1 for Microsoft.VisualStudio.TestPlatform.CommunicationUtilities.TestRequestSender+<>c__DisplayClass34_0., took 0 ms.
TpTrace Verbose: 0 : 164, 7, 2024/10/12, 00:30:19.151, 66540191645, vstest.console.dll, TcpClientExtensions.MessageLoopAsync: Polling on remoteEndPoint: 127.0.0.1:53298 localEndPoint: 127.0.0.1:53296 after 0 ms
TpTrace Verbose: 0 : 164, 7, 2024/10/12, 00:30:19.152, 66540191890, vstest.console.dll, TcpClientExtensions.MessageLoopAsync: NotifyDataAvailable remoteEndPoint: 127.0.0.1:53298 localEndPoint: 127.0.0.1:53296
TpTrace Verbose: 0 : 164, 7, 2024/10/12, 00:30:19.152, 66540192290, vstest.console.dll, TestRequestSender.OnExecutionMessageReceived: Received message: {"Version":7,"MessageType":"TestSession.Message","Payload":{"MessageLevel":0,"Message":"[xUnit.net 00:00:00.35]         D:\\projects\\kahn_test\\kahn_test\\TicketManagement.API\\Tests\\TicketServiceTests.cs(128,0): at TicketManagement.API.Tests.TicketServiceTests.DeleteTicketAsync_ShouldReturnFalse_WhenTicketDoesNotExist()"}}
TpTrace Verbose: 0 : 164, 7, 2024/10/12, 00:30:19.152, 66540192882, vstest.console.dll, TestRunRequest:SendTestRunMessage: Starting.
TpTrace Verbose: 0 : 164, 7, 2024/10/12, 00:30:19.152, 66540193249, vstest.console.dll, MulticastDelegateUtilities.SafeInvoke: TestRun.LogMessages: Invoking callback 1/1 for Microsoft.VisualStudio.TestPlatform.CommandLine.TestRunResultAggregator., took 0 ms.
TpTrace Verbose: 0 : 164, 4, 2024/10/12, 00:30:19.152, 66540193388, vstest.console.dll, MulticastDelegateUtilities.SafeInvoke: InternalTestLoggerEvents.SendTestRunMessage: Invoking callback 1/1 for Microsoft.VisualStudio.TestPlatform.CommandLine.Internal.ConsoleLogger., took 0 ms.
TpTrace Information: 0 : 164, 7, 2024/10/12, 00:30:19.152, 66540193457, vstest.console.dll, TestRunRequest:SendTestRunMessage: Completed.
TpTrace Verbose: 0 : 164, 7, 2024/10/12, 00:30:19.152, 66540193963, vstest.console.dll, MulticastDelegateUtilities.SafeInvoke: LengthPrefixCommunicationChannel: MessageReceived: Invoking callback 1/1 for Microsoft.VisualStudio.TestPlatform.CommunicationUtilities.TestRequestSender+<>c__DisplayClass34_0., took 0 ms.
TpTrace Verbose: 0 : 164, 7, 2024/10/12, 00:30:19.152, 66540194172, vstest.console.dll, TcpClientExtensions.MessageLoopAsync: Polling on remoteEndPoint: 127.0.0.1:53298 localEndPoint: 127.0.0.1:53296 after 0 ms
TpTrace Verbose: 0 : 164, 7, 2024/10/12, 00:30:19.152, 66540194410, vstest.console.dll, TcpClientExtensions.MessageLoopAsync: NotifyDataAvailable remoteEndPoint: 127.0.0.1:53298 localEndPoint: 127.0.0.1:53296
TpTrace Verbose: 0 : 164, 7, 2024/10/12, 00:30:19.154, 66540220229, vstest.console.dll, TestRequestSender.OnExecutionMessageReceived: Received message: {"Version":7,"MessageType":"TestSession.Message","Payload":{"MessageLevel":0,"Message":"[xUnit.net 00:00:00.35]         --- End of stack trace from previous location ---"}}
TpTrace Verbose: 0 : 164, 7, 2024/10/12, 00:30:19.155, 66540222132, vstest.console.dll, TestRunRequest:SendTestRunMessage: Starting.
TpTrace Verbose: 0 : 164, 7, 2024/10/12, 00:30:19.155, 66540223050, vstest.console.dll, MulticastDelegateUtilities.SafeInvoke: TestRun.LogMessages: Invoking callback 1/1 for Microsoft.VisualStudio.TestPlatform.CommandLine.TestRunResultAggregator., took 0 ms.
TpTrace Verbose: 0 : 164, 4, 2024/10/12, 00:30:19.155, 66540223238, vstest.console.dll, MulticastDelegateUtilities.SafeInvoke: InternalTestLoggerEvents.SendTestRunMessage: Invoking callback 1/1 for Microsoft.VisualStudio.TestPlatform.CommandLine.Internal.ConsoleLogger., took 0 ms.
TpTrace Information: 0 : 164, 7, 2024/10/12, 00:30:19.155, 66540223347, vstest.console.dll, TestRunRequest:SendTestRunMessage: Completed.
TpTrace Verbose: 0 : 164, 7, 2024/10/12, 00:30:19.155, 66540224358, vstest.console.dll, MulticastDelegateUtilities.SafeInvoke: LengthPrefixCommunicationChannel: MessageReceived: Invoking callback 1/1 for Microsoft.VisualStudio.TestPlatform.CommunicationUtilities.TestRequestSender+<>c__DisplayClass34_0., took 0 ms.
TpTrace Verbose: 0 : 164, 7, 2024/10/12, 00:30:19.155, 66540224667, vstest.console.dll, TcpClientExtensions.MessageLoopAsync: Polling on remoteEndPoint: 127.0.0.1:53298 localEndPoint: 127.0.0.1:53296 after 3 ms
TpTrace Verbose: 0 : 164, 7, 2024/10/12, 00:30:19.155, 66540225085, vstest.console.dll, TcpClientExtensions.MessageLoopAsync: NotifyDataAvailable remoteEndPoint: 127.0.0.1:53298 localEndPoint: 127.0.0.1:53296
TpTrace Verbose: 0 : 164, 7, 2024/10/12, 00:30:19.155, 66540225880, vstest.console.dll, TestRequestSender.OnExecutionMessageReceived: Received message: {"Version":7,"MessageType":"TestSession.Message","Payload":{"MessageLevel":2,"Message":"[xUnit.net 00:00:00.35]     TicketManagement.API.Tests.TicketServiceTests.GetTicketByIdAsync_ShouldReturnTicket_WhenTicketExists [FAIL]"}}
TpTrace Verbose: 0 : 164, 7, 2024/10/12, 00:30:19.155, 66540227028, vstest.console.dll, TestRunRequest:SendTestRunMessage: Starting.
TpTrace Verbose: 0 : 164, 7, 2024/10/12, 00:30:19.155, 66540227632, vstest.console.dll, MulticastDelegateUtilities.SafeInvoke: TestRun.LogMessages: Invoking callback 1/1 for Microsoft.VisualStudio.TestPlatform.CommandLine.TestRunResultAggregator., took 0 ms.
TpTrace Information: 0 : 164, 7, 2024/10/12, 00:30:19.155, 66540228015, vstest.console.dll, TestRunRequest:SendTestRunMessage: Completed.
TpTrace Verbose: 0 : 164, 7, 2024/10/12, 00:30:19.155, 66540228385, vstest.console.dll, MulticastDelegateUtilities.SafeInvoke: LengthPrefixCommunicationChannel: MessageReceived: Invoking callback 1/1 for Microsoft.VisualStudio.TestPlatform.CommunicationUtilities.TestRequestSender+<>c__DisplayClass34_0., took 0 ms.
TpTrace Verbose: 0 : 164, 7, 2024/10/12, 00:30:19.155, 66540228824, vstest.console.dll, TcpClientExtensions.MessageLoopAsync: Polling on remoteEndPoint: 127.0.0.1:53298 localEndPoint: 127.0.0.1:53296 after 0 ms
TpTrace Verbose: 0 : 164, 7, 2024/10/12, 00:30:19.155, 66540229174, vstest.console.dll, TcpClientExtensions.MessageLoopAsync: NotifyDataAvailable remoteEndPoint: 127.0.0.1:53298 localEndPoint: 127.0.0.1:53296
TpTrace Verbose: 0 : 164, 7, 2024/10/12, 00:30:19.155, 66540229633, vstest.console.dll, TestRequestSender.OnExecutionMessageReceived: Received message: {"Version":7,"MessageType":"TestSession.Message","Payload":{"MessageLevel":0,"Message":"[xUnit.net 00:00:00.35]       System.NotSupportedException : Unsupported expression: c => c.Tickets"}}
TpTrace Verbose: 0 : 164, 7, 2024/10/12, 00:30:19.155, 66540230559, vstest.console.dll, TestRunRequest:SendTestRunMessage: Starting.
TpTrace Verbose: 0 : 164, 4, 2024/10/12, 00:30:19.155, 66540230918, vstest.console.dll, MulticastDelegateUtilities.SafeInvoke: InternalTestLoggerEvents.SendTestRunMessage: Invoking callback 1/1 for Microsoft.VisualStudio.TestPlatform.CommandLine.Internal.ConsoleLogger., took 0 ms.
TpTrace Verbose: 0 : 164, 7, 2024/10/12, 00:30:19.155, 66540231050, vstest.console.dll, MulticastDelegateUtilities.SafeInvoke: TestRun.LogMessages: Invoking callback 1/1 for Microsoft.VisualStudio.TestPlatform.CommandLine.TestRunResultAggregator., took 0 ms.
TpTrace Verbose: 0 : 164, 4, 2024/10/12, 00:30:19.155, 66540231659, vstest.console.dll, MulticastDelegateUtilities.SafeInvoke: InternalTestLoggerEvents.SendTestRunMessage: Invoking callback 1/1 for Microsoft.VisualStudio.TestPlatform.CommandLine.Internal.ConsoleLogger., took 0 ms.
TpTrace Information: 0 : 164, 7, 2024/10/12, 00:30:19.155, 66540231835, vstest.console.dll, TestRunRequest:SendTestRunMessage: Completed.
TpTrace Verbose: 0 : 164, 7, 2024/10/12, 00:30:19.156, 66540232443, vstest.console.dll, MulticastDelegateUtilities.SafeInvoke: LengthPrefixCommunicationChannel: MessageReceived: Invoking callback 1/1 for Microsoft.VisualStudio.TestPlatform.CommunicationUtilities.TestRequestSender+<>c__DisplayClass34_0., took 0 ms.
TpTrace Verbose: 0 : 164, 7, 2024/10/12, 00:30:19.156, 66540232745, vstest.console.dll, TcpClientExtensions.MessageLoopAsync: Polling on remoteEndPoint: 127.0.0.1:53298 localEndPoint: 127.0.0.1:53296 after 0 ms
TpTrace Verbose: 0 : 164, 7, 2024/10/12, 00:30:19.156, 66540233798, vstest.console.dll, TcpClientExtensions.MessageLoopAsync: NotifyDataAvailable remoteEndPoint: 127.0.0.1:53298 localEndPoint: 127.0.0.1:53296
TpTrace Verbose: 0 : 164, 7, 2024/10/12, 00:30:19.156, 66540235166, vstest.console.dll, TestRequestSender.OnExecutionMessageReceived: Received message: {"Version":7,"MessageType":"TestSession.Message","Payload":{"MessageLevel":0,"Message":"[xUnit.net 00:00:00.35]       Non-overridable members (here: ApplicationDbContext.get_Tickets) may not be used in setup / verification expressions."}}
TpTrace Verbose: 0 : 164, 7, 2024/10/12, 00:30:19.156, 66540236448, vstest.console.dll, TestRunRequest:SendTestRunMessage: Starting.
TpTrace Verbose: 0 : 164, 7, 2024/10/12, 00:30:19.156, 66540238734, vstest.console.dll, MulticastDelegateUtilities.SafeInvoke: TestRun.LogMessages: Invoking callback 1/1 for Microsoft.VisualStudio.TestPlatform.CommandLine.TestRunResultAggregator., took 0 ms.
TpTrace Verbose: 0 : 164, 4, 2024/10/12, 00:30:19.156, 66540238983, vstest.console.dll, MulticastDelegateUtilities.SafeInvoke: InternalTestLoggerEvents.SendTestRunMessage: Invoking callback 1/1 for Microsoft.VisualStudio.TestPlatform.CommandLine.Internal.ConsoleLogger., took 0 ms.
TpTrace Information: 0 : 164, 7, 2024/10/12, 00:30:19.156, 66540240316, vstest.console.dll, TestRunRequest:SendTestRunMessage: Completed.
TpTrace Verbose: 0 : 164, 7, 2024/10/12, 00:30:19.157, 66540243182, vstest.console.dll, MulticastDelegateUtilities.SafeInvoke: LengthPrefixCommunicationChannel: MessageReceived: Invoking callback 1/1 for Microsoft.VisualStudio.TestPlatform.CommunicationUtilities.TestRequestSender+<>c__DisplayClass34_0., took 0 ms.
TpTrace Verbose: 0 : 164, 7, 2024/10/12, 00:30:19.157, 66540244265, vstest.console.dll, TcpClientExtensions.MessageLoopAsync: Polling on remoteEndPoint: 127.0.0.1:53298 localEndPoint: 127.0.0.1:53296 after 1 ms
TpTrace Verbose: 0 : 164, 7, 2024/10/12, 00:30:19.157, 66540245113, vstest.console.dll, TcpClientExtensions.MessageLoopAsync: NotifyDataAvailable remoteEndPoint: 127.0.0.1:53298 localEndPoint: 127.0.0.1:53296
TpTrace Verbose: 0 : 164, 7, 2024/10/12, 00:30:19.157, 66540246025, vstest.console.dll, TestRequestSender.OnExecutionMessageReceived: Received message: {"Version":7,"MessageType":"TestSession.Message","Payload":{"MessageLevel":0,"Message":"[xUnit.net 00:00:00.35]       Stack Trace:"}}
TpTrace Verbose: 0 : 164, 7, 2024/10/12, 00:30:19.157, 66540247876, vstest.console.dll, TestRunRequest:SendTestRunMessage: Starting.
TpTrace Verbose: 0 : 164, 7, 2024/10/12, 00:30:19.157, 66540248553, vstest.console.dll, MulticastDelegateUtilities.SafeInvoke: TestRun.LogMessages: Invoking callback 1/1 for Microsoft.VisualStudio.TestPlatform.CommandLine.TestRunResultAggregator., took 0 ms.
TpTrace Information: 0 : 164, 7, 2024/10/12, 00:30:19.157, 66540248883, vstest.console.dll, TestRunRequest:SendTestRunMessage: Completed.
TpTrace Verbose: 0 : 164, 7, 2024/10/12, 00:30:19.157, 66540249213, vstest.console.dll, MulticastDelegateUtilities.SafeInvoke: LengthPrefixCommunicationChannel: MessageReceived: Invoking callback 1/1 for Microsoft.VisualStudio.TestPlatform.CommunicationUtilities.TestRequestSender+<>c__DisplayClass34_0., took 0 ms.
TpTrace Verbose: 0 : 164, 4, 2024/10/12, 00:30:19.157, 66540249337, vstest.console.dll, MulticastDelegateUtilities.SafeInvoke: InternalTestLoggerEvents.SendTestRunMessage: Invoking callback 1/1 for Microsoft.VisualStudio.TestPlatform.CommandLine.Internal.ConsoleLogger., took 0 ms.
TpTrace Verbose: 0 : 164, 7, 2024/10/12, 00:30:19.157, 66540249527, vstest.console.dll, TcpClientExtensions.MessageLoopAsync: Polling on remoteEndPoint: 127.0.0.1:53298 localEndPoint: 127.0.0.1:53296 after 0 ms
TpTrace Verbose: 0 : 164, 7, 2024/10/12, 00:30:19.157, 66540250724, vstest.console.dll, TcpClientExtensions.MessageLoopAsync: NotifyDataAvailable remoteEndPoint: 127.0.0.1:53298 localEndPoint: 127.0.0.1:53296
TpTrace Verbose: 0 : 164, 7, 2024/10/12, 00:30:19.157, 66540251704, vstest.console.dll, TestRequestSender.OnExecutionMessageReceived: Received message: {"Version":7,"MessageType":"TestSession.Message","Payload":{"MessageLevel":0,"Message":"[xUnit.net 00:00:00.35]         /_/src/Moq/Guard.cs(99,0): at Moq.Guard.IsOverridable(MethodInfo method, Expression expression)"}}
TpTrace Verbose: 0 : 164, 7, 2024/10/12, 00:30:19.158, 66540252999, vstest.console.dll, TestRunRequest:SendTestRunMessage: Starting.
TpTrace Verbose: 0 : 164, 7, 2024/10/12, 00:30:19.158, 66540253626, vstest.console.dll, MulticastDelegateUtilities.SafeInvoke: TestRun.LogMessages: Invoking callback 1/1 for Microsoft.VisualStudio.TestPlatform.CommandLine.TestRunResultAggregator., took 0 ms.
TpTrace Verbose: 0 : 164, 4, 2024/10/12, 00:30:19.158, 66540253801, vstest.console.dll, MulticastDelegateUtilities.SafeInvoke: InternalTestLoggerEvents.SendTestRunMessage: Invoking callback 1/1 for Microsoft.VisualStudio.TestPlatform.CommandLine.Internal.ConsoleLogger., took 0 ms.
TpTrace Information: 0 : 164, 7, 2024/10/12, 00:30:19.158, 66540253952, vstest.console.dll, TestRunRequest:SendTestRunMessage: Completed.
TpTrace Verbose: 0 : 164, 7, 2024/10/12, 00:30:19.158, 66540254972, vstest.console.dll, MulticastDelegateUtilities.SafeInvoke: LengthPrefixCommunicationChannel: MessageReceived: Invoking callback 1/1 for Microsoft.VisualStudio.TestPlatform.CommunicationUtilities.TestRequestSender+<>c__DisplayClass34_0., took 0 ms.
TpTrace Verbose: 0 : 164, 7, 2024/10/12, 00:30:19.158, 66540255482, vstest.console.dll, TcpClientExtensions.MessageLoopAsync: Polling on remoteEndPoint: 127.0.0.1:53298 localEndPoint: 127.0.0.1:53296 after 0 ms
TpTrace Verbose: 0 : 164, 7, 2024/10/12, 00:30:19.158, 66540256048, vstest.console.dll, TcpClientExtensions.MessageLoopAsync: NotifyDataAvailable remoteEndPoint: 127.0.0.1:53298 localEndPoint: 127.0.0.1:53296
TpTrace Verbose: 0 : 164, 7, 2024/10/12, 00:30:19.158, 66540256674, vstest.console.dll, TestRequestSender.OnExecutionMessageReceived: Received message: {"Version":7,"MessageType":"TestSession.Message","Payload":{"MessageLevel":0,"Message":"[xUnit.net 00:00:00.35]         /_/src/Moq/MethodExpectation.cs(87,0): at Moq.MethodExpectation..ctor(LambdaExpression expression, MethodInfo method, IReadOnlyList`1 arguments, Boolean exactGenericTypeArguments, Boolean skipMatcherInitialization, Boolean allowNonOverridable)"}}
TpTrace Verbose: 0 : 164, 7, 2024/10/12, 00:30:19.158, 66540257653, vstest.console.dll, TestRunRequest:SendTestRunMessage: Starting.
TpTrace Verbose: 0 : 164, 7, 2024/10/12, 00:30:19.158, 66540258105, vstest.console.dll, MulticastDelegateUtilities.SafeInvoke: TestRun.LogMessages: Invoking callback 1/1 for Microsoft.VisualStudio.TestPlatform.CommandLine.TestRunResultAggregator., took 0 ms.
TpTrace Verbose: 0 : 164, 4, 2024/10/12, 00:30:19.158, 66540258304, vstest.console.dll, MulticastDelegateUtilities.SafeInvoke: InternalTestLoggerEvents.SendTestRunMessage: Invoking callback 1/1 for Microsoft.VisualStudio.TestPlatform.CommandLine.Internal.ConsoleLogger., took 0 ms.
TpTrace Information: 0 : 164, 7, 2024/10/12, 00:30:19.158, 66540258433, vstest.console.dll, TestRunRequest:SendTestRunMessage: Completed.
TpTrace Verbose: 0 : 164, 7, 2024/10/12, 00:30:19.158, 66540259070, vstest.console.dll, MulticastDelegateUtilities.SafeInvoke: LengthPrefixCommunicationChannel: MessageReceived: Invoking callback 1/1 for Microsoft.VisualStudio.TestPlatform.CommunicationUtilities.TestRequestSender+<>c__DisplayClass34_0., took 0 ms.
TpTrace Verbose: 0 : 164, 7, 2024/10/12, 00:30:19.158, 66540259327, vstest.console.dll, TcpClientExtensions.MessageLoopAsync: Polling on remoteEndPoint: 127.0.0.1:53298 localEndPoint: 127.0.0.1:53296 after 0 ms
TpTrace Verbose: 0 : 164, 7, 2024/10/12, 00:30:19.158, 66540259639, vstest.console.dll, TcpClientExtensions.MessageLoopAsync: NotifyDataAvailable remoteEndPoint: 127.0.0.1:53298 localEndPoint: 127.0.0.1:53296
TpTrace Verbose: 0 : 164, 7, 2024/10/12, 00:30:19.158, 66540260102, vstest.console.dll, TestRequestSender.OnExecutionMessageReceived: Received message: {"Version":7,"MessageType":"TestSession.Message","Payload":{"MessageLevel":0,"Message":"[xUnit.net 00:00:00.35]         /_/src/Moq/ExpressionExtensions.cs(326,0): at Moq.ExpressionExtensions.<Split>g__Split|5_0(Expression e, Expression& r, MethodExpectation& p, Boolean assignment, Boolean allowNonOverridableLastProperty)"}}
TpTrace Verbose: 0 : 164, 7, 2024/10/12, 00:30:19.158, 66540260683, vstest.console.dll, TestRunRequest:SendTestRunMessage: Starting.
TpTrace Verbose: 0 : 164, 7, 2024/10/12, 00:30:19.158, 66540261030, vstest.console.dll, MulticastDelegateUtilities.SafeInvoke: TestRun.LogMessages: Invoking callback 1/1 for Microsoft.VisualStudio.TestPlatform.CommandLine.TestRunResultAggregator., took 0 ms.
TpTrace Verbose: 0 : 164, 4, 2024/10/12, 00:30:19.158, 66540261348, vstest.console.dll, MulticastDelegateUtilities.SafeInvoke: InternalTestLoggerEvents.SendTestRunMessage: Invoking callback 1/1 for Microsoft.VisualStudio.TestPlatform.CommandLine.Internal.ConsoleLogger., took 0 ms.
TpTrace Information: 0 : 164, 7, 2024/10/12, 00:30:19.158, 66540261640, vstest.console.dll, TestRunRequest:SendTestRunMessage: Completed.
TpTrace Verbose: 0 : 164, 7, 2024/10/12, 00:30:19.159, 66540263223, vstest.console.dll, MulticastDelegateUtilities.SafeInvoke: LengthPrefixCommunicationChannel: MessageReceived: Invoking callback 1/1 for Microsoft.VisualStudio.TestPlatform.CommunicationUtilities.TestRequestSender+<>c__DisplayClass34_0., took 0 ms.
TpTrace Verbose: 0 : 164, 7, 2024/10/12, 00:30:19.159, 66540263854, vstest.console.dll, TcpClientExtensions.MessageLoopAsync: Polling on remoteEndPoint: 127.0.0.1:53298 localEndPoint: 127.0.0.1:53296 after 0 ms
TpTrace Verbose: 0 : 164, 7, 2024/10/12, 00:30:19.159, 66540264456, vstest.console.dll, TcpClientExtensions.MessageLoopAsync: NotifyDataAvailable remoteEndPoint: 127.0.0.1:53298 localEndPoint: 127.0.0.1:53296
TpTrace Verbose: 0 : 164, 7, 2024/10/12, 00:30:19.159, 66540264829, vstest.console.dll, TestRequestSender.OnExecutionMessageReceived: Received message: {"Version":7,"MessageType":"TestSession.Message","Payload":{"MessageLevel":0,"Message":"[xUnit.net 00:00:00.35]         /_/src/Moq/ExpressionExtensions.cs(149,0): at Moq.ExpressionExtensions.Split(LambdaExpression expression, Boolean allowNonOverridableLastProperty)"}}
TpTrace Verbose: 0 : 164, 7, 2024/10/12, 00:30:19.159, 66540265270, vstest.console.dll, TestRunRequest:SendTestRunMessage: Starting.
TpTrace Verbose: 0 : 164, 7, 2024/10/12, 00:30:19.159, 66540265581, vstest.console.dll, MulticastDelegateUtilities.SafeInvoke: TestRun.LogMessages: Invoking callback 1/1 for Microsoft.VisualStudio.TestPlatform.CommandLine.TestRunResultAggregator., took 0 ms.
TpTrace Verbose: 0 : 164, 4, 2024/10/12, 00:30:19.159, 66540265651, vstest.console.dll, MulticastDelegateUtilities.SafeInvoke: InternalTestLoggerEvents.SendTestRunMessage: Invoking callback 1/1 for Microsoft.VisualStudio.TestPlatform.CommandLine.Internal.ConsoleLogger., took 0 ms.
TpTrace Information: 0 : 164, 7, 2024/10/12, 00:30:19.159, 66540265970, vstest.console.dll, TestRunRequest:SendTestRunMessage: Completed.
TpTrace Verbose: 0 : 164, 7, 2024/10/12, 00:30:19.159, 66540266222, vstest.console.dll, MulticastDelegateUtilities.SafeInvoke: LengthPrefixCommunicationChannel: MessageReceived: Invoking callback 1/1 for Microsoft.VisualStudio.TestPlatform.CommunicationUtilities.TestRequestSender+<>c__DisplayClass34_0., took 0 ms.
TpTrace Verbose: 0 : 164, 7, 2024/10/12, 00:30:19.159, 66540266429, vstest.console.dll, TcpClientExtensions.MessageLoopAsync: Polling on remoteEndPoint: 127.0.0.1:53298 localEndPoint: 127.0.0.1:53296 after 0 ms
TpTrace Verbose: 0 : 164, 7, 2024/10/12, 00:30:19.159, 66540266659, vstest.console.dll, TcpClientExtensions.MessageLoopAsync: NotifyDataAvailable remoteEndPoint: 127.0.0.1:53298 localEndPoint: 127.0.0.1:53296
TpTrace Verbose: 0 : 164, 7, 2024/10/12, 00:30:19.159, 66540267000, vstest.console.dll, TestRequestSender.OnExecutionMessageReceived: Received message: {"Version":7,"MessageType":"TestSession.Message","Payload":{"MessageLevel":0,"Message":"[xUnit.net 00:00:00.35]         /_/src/Moq/Mock.cs(645,0): at Moq.Mock.SetupRecursive[TSetup](Mock mock, LambdaExpression expression, Func`4 setupLast, Boolean allowNonOverridableLastProperty)"}}
TpTrace Verbose: 0 : 164, 7, 2024/10/12, 00:30:19.159, 66540267437, vstest.console.dll, TestRunRequest:SendTestRunMessage: Starting.
TpTrace Verbose: 0 : 164, 7, 2024/10/12, 00:30:19.159, 66540267767, vstest.console.dll, MulticastDelegateUtilities.SafeInvoke: TestRun.LogMessages: Invoking callback 1/1 for Microsoft.VisualStudio.TestPlatform.CommandLine.TestRunResultAggregator., took 0 ms.
TpTrace Verbose: 0 : 164, 4, 2024/10/12, 00:30:19.159, 66540267824, vstest.console.dll, MulticastDelegateUtilities.SafeInvoke: InternalTestLoggerEvents.SendTestRunMessage: Invoking callback 1/1 for Microsoft.VisualStudio.TestPlatform.CommandLine.Internal.ConsoleLogger., took 0 ms.
TpTrace Information: 0 : 164, 7, 2024/10/12, 00:30:19.159, 66540268173, vstest.console.dll, TestRunRequest:SendTestRunMessage: Completed.
TpTrace Verbose: 0 : 164, 7, 2024/10/12, 00:30:19.159, 66540268426, vstest.console.dll, MulticastDelegateUtilities.SafeInvoke: LengthPrefixCommunicationChannel: MessageReceived: Invoking callback 1/1 for Microsoft.VisualStudio.TestPlatform.CommunicationUtilities.TestRequestSender+<>c__DisplayClass34_0., took 0 ms.
TpTrace Verbose: 0 : 164, 7, 2024/10/12, 00:30:19.159, 66540268632, vstest.console.dll, TcpClientExtensions.MessageLoopAsync: Polling on remoteEndPoint: 127.0.0.1:53298 localEndPoint: 127.0.0.1:53296 after 0 ms
TpTrace Verbose: 0 : 164, 7, 2024/10/12, 00:30:19.159, 66540268859, vstest.console.dll, TcpClientExtensions.MessageLoopAsync: NotifyDataAvailable remoteEndPoint: 127.0.0.1:53298 localEndPoint: 127.0.0.1:53296
TpTrace Verbose: 0 : 164, 7, 2024/10/12, 00:30:19.159, 66540269174, vstest.console.dll, TestRequestSender.OnExecutionMessageReceived: Received message: {"Version":7,"MessageType":"TestSession.Message","Payload":{"MessageLevel":0,"Message":"[xUnit.net 00:00:00.35]         /_/src/Moq/Mock.cs(500,0): at Moq.Mock.Setup(Mock mock, LambdaExpression expression, Condition condition)"}}
TpTrace Verbose: 0 : 164, 7, 2024/10/12, 00:30:19.159, 66540269594, vstest.console.dll, TestRunRequest:SendTestRunMessage: Starting.
TpTrace Verbose: 0 : 164, 7, 2024/10/12, 00:30:19.159, 66540269908, vstest.console.dll, MulticastDelegateUtilities.SafeInvoke: TestRun.LogMessages: Invoking callback 1/1 for Microsoft.VisualStudio.TestPlatform.CommandLine.TestRunResultAggregator., took 0 ms.
TpTrace Verbose: 0 : 164, 4, 2024/10/12, 00:30:19.159, 66540269951, vstest.console.dll, MulticastDelegateUtilities.SafeInvoke: InternalTestLoggerEvents.SendTestRunMessage: Invoking callback 1/1 for Microsoft.VisualStudio.TestPlatform.CommandLine.Internal.ConsoleLogger., took 0 ms.
TpTrace Information: 0 : 164, 7, 2024/10/12, 00:30:19.159, 66540270297, vstest.console.dll, TestRunRequest:SendTestRunMessage: Completed.
TpTrace Verbose: 0 : 164, 7, 2024/10/12, 00:30:19.159, 66540270550, vstest.console.dll, MulticastDelegateUtilities.SafeInvoke: LengthPrefixCommunicationChannel: MessageReceived: Invoking callback 1/1 for Microsoft.VisualStudio.TestPlatform.CommunicationUtilities.TestRequestSender+<>c__DisplayClass34_0., took 0 ms.
TpTrace Verbose: 0 : 164, 7, 2024/10/12, 00:30:19.159, 66540270756, vstest.console.dll, TcpClientExtensions.MessageLoopAsync: Polling on remoteEndPoint: 127.0.0.1:53298 localEndPoint: 127.0.0.1:53296 after 0 ms
TpTrace Verbose: 0 : 164, 7, 2024/10/12, 00:30:19.159, 66540270981, vstest.console.dll, TcpClientExtensions.MessageLoopAsync: NotifyDataAvailable remoteEndPoint: 127.0.0.1:53298 localEndPoint: 127.0.0.1:53296
TpTrace Verbose: 0 : 164, 7, 2024/10/12, 00:30:19.159, 66540271295, vstest.console.dll, TestRequestSender.OnExecutionMessageReceived: Received message: {"Version":7,"MessageType":"TestSession.Message","Payload":{"MessageLevel":0,"Message":"[xUnit.net 00:00:00.35]         /_/src/Moq/Mock`1.cs(452,0): at Moq.Mock`1.Setup[TResult](Expression`1 expression)"}}
TpTrace Verbose: 0 : 164, 7, 2024/10/12, 00:30:19.159, 66540271815, vstest.console.dll, TestRunRequest:SendTestRunMessage: Starting.
TpTrace Verbose: 0 : 164, 7, 2024/10/12, 00:30:19.160, 66540272309, vstest.console.dll, MulticastDelegateUtilities.SafeInvoke: TestRun.LogMessages: Invoking callback 1/1 for Microsoft.VisualStudio.TestPlatform.CommandLine.TestRunResultAggregator., took 0 ms.
TpTrace Verbose: 0 : 164, 4, 2024/10/12, 00:30:19.160, 66540272349, vstest.console.dll, MulticastDelegateUtilities.SafeInvoke: InternalTestLoggerEvents.SendTestRunMessage: Invoking callback 1/1 for Microsoft.VisualStudio.TestPlatform.CommandLine.Internal.ConsoleLogger., took 0 ms.
TpTrace Information: 0 : 164, 7, 2024/10/12, 00:30:19.160, 66540272553, vstest.console.dll, TestRunRequest:SendTestRunMessage: Completed.
TpTrace Verbose: 0 : 164, 7, 2024/10/12, 00:30:19.160, 66540272979, vstest.console.dll, MulticastDelegateUtilities.SafeInvoke: LengthPrefixCommunicationChannel: MessageReceived: Invoking callback 1/1 for Microsoft.VisualStudio.TestPlatform.CommunicationUtilities.TestRequestSender+<>c__DisplayClass34_0., took 0 ms.
TpTrace Verbose: 0 : 164, 7, 2024/10/12, 00:30:19.160, 66540273191, vstest.console.dll, TcpClientExtensions.MessageLoopAsync: Polling on remoteEndPoint: 127.0.0.1:53298 localEndPoint: 127.0.0.1:53296 after 0 ms
TpTrace Verbose: 0 : 164, 7, 2024/10/12, 00:30:19.160, 66540273421, vstest.console.dll, TcpClientExtensions.MessageLoopAsync: NotifyDataAvailable remoteEndPoint: 127.0.0.1:53298 localEndPoint: 127.0.0.1:53296
TpTrace Verbose: 0 : 164, 7, 2024/10/12, 00:30:19.160, 66540273751, vstest.console.dll, TestRequestSender.OnExecutionMessageReceived: Received message: {"Version":7,"MessageType":"TestSession.Message","Payload":{"MessageLevel":0,"Message":"[xUnit.net 00:00:00.35]         D:\\projects\\kahn_test\\kahn_test\\TicketManagement.API\\Tests\\TicketServiceTests.cs(63,0): at TicketManagement.API.Tests.TicketServiceTests.GetTicketByIdAsync_ShouldReturnTicket_WhenTicketExists()"}}
TpTrace Verbose: 0 : 164, 7, 2024/10/12, 00:30:19.160, 66540274231, vstest.console.dll, TestRunRequest:SendTestRunMessage: Starting.
TpTrace Verbose: 0 : 164, 7, 2024/10/12, 00:30:19.160, 66540274561, vstest.console.dll, MulticastDelegateUtilities.SafeInvoke: TestRun.LogMessages: Invoking callback 1/1 for Microsoft.VisualStudio.TestPlatform.CommandLine.TestRunResultAggregator., took 0 ms.
TpTrace Verbose: 0 : 164, 4, 2024/10/12, 00:30:19.160, 66540274689, vstest.console.dll, MulticastDelegateUtilities.SafeInvoke: InternalTestLoggerEvents.SendTestRunMessage: Invoking callback 1/1 for Microsoft.VisualStudio.TestPlatform.CommandLine.Internal.ConsoleLogger., took 0 ms.
TpTrace Information: 0 : 164, 7, 2024/10/12, 00:30:19.160, 66540274770, vstest.console.dll, TestRunRequest:SendTestRunMessage: Completed.
TpTrace Verbose: 0 : 164, 7, 2024/10/12, 00:30:19.160, 66540275263, vstest.console.dll, MulticastDelegateUtilities.SafeInvoke: LengthPrefixCommunicationChannel: MessageReceived: Invoking callback 1/1 for Microsoft.VisualStudio.TestPlatform.CommunicationUtilities.TestRequestSender+<>c__DisplayClass34_0., took 0 ms.
TpTrace Verbose: 0 : 164, 7, 2024/10/12, 00:30:19.160, 66540275470, vstest.console.dll, TcpClientExtensions.MessageLoopAsync: Polling on remoteEndPoint: 127.0.0.1:53298 localEndPoint: 127.0.0.1:53296 after 0 ms
TpTrace Verbose: 0 : 164, 7, 2024/10/12, 00:30:19.160, 66540275697, vstest.console.dll, TcpClientExtensions.MessageLoopAsync: NotifyDataAvailable remoteEndPoint: 127.0.0.1:53298 localEndPoint: 127.0.0.1:53296
TpTrace Verbose: 0 : 164, 7, 2024/10/12, 00:30:19.160, 66540276027, vstest.console.dll, TestRequestSender.OnExecutionMessageReceived: Received message: {"Version":7,"MessageType":"TestSession.Message","Payload":{"MessageLevel":0,"Message":"[xUnit.net 00:00:00.35]         --- End of stack trace from previous location ---"}}
TpTrace Verbose: 0 : 164, 7, 2024/10/12, 00:30:19.160, 66540276453, vstest.console.dll, TestRunRequest:SendTestRunMessage: Starting.
TpTrace Verbose: 0 : 164, 7, 2024/10/12, 00:30:19.160, 66540276781, vstest.console.dll, MulticastDelegateUtilities.SafeInvoke: TestRun.LogMessages: Invoking callback 1/1 for Microsoft.VisualStudio.TestPlatform.CommandLine.TestRunResultAggregator., took 0 ms.
TpTrace Verbose: 0 : 164, 4, 2024/10/12, 00:30:19.160, 66540276912, vstest.console.dll, MulticastDelegateUtilities.SafeInvoke: InternalTestLoggerEvents.SendTestRunMessage: Invoking callback 1/1 for Microsoft.VisualStudio.TestPlatform.CommandLine.Internal.ConsoleLogger., took 0 ms.
TpTrace Information: 0 : 164, 7, 2024/10/12, 00:30:19.160, 66540276997, vstest.console.dll, TestRunRequest:SendTestRunMessage: Completed.
TpTrace Verbose: 0 : 164, 7, 2024/10/12, 00:30:19.160, 66540277468, vstest.console.dll, MulticastDelegateUtilities.SafeInvoke: LengthPrefixCommunicationChannel: MessageReceived: Invoking callback 1/1 for Microsoft.VisualStudio.TestPlatform.CommunicationUtilities.TestRequestSender+<>c__DisplayClass34_0., took 0 ms.
TpTrace Verbose: 0 : 164, 7, 2024/10/12, 00:30:19.160, 66540277677, vstest.console.dll, TcpClientExtensions.MessageLoopAsync: Polling on remoteEndPoint: 127.0.0.1:53298 localEndPoint: 127.0.0.1:53296 after 0 ms
TpTrace Verbose: 0 : 164, 7, 2024/10/12, 00:30:19.160, 66540277903, vstest.console.dll, TcpClientExtensions.MessageLoopAsync: NotifyDataAvailable remoteEndPoint: 127.0.0.1:53298 localEndPoint: 127.0.0.1:53296
TpTrace Verbose: 0 : 164, 7, 2024/10/12, 00:30:19.160, 66540278231, vstest.console.dll, TestRequestSender.OnExecutionMessageReceived: Received message: {"Version":7,"MessageType":"TestSession.Message","Payload":{"MessageLevel":2,"Message":"[xUnit.net 00:00:00.35]     TicketManagement.API.Tests.TicketServiceTests.DeleteTicketAsync_ShouldReturnTrue_WhenTicketIsDeleted [FAIL]"}}
TpTrace Verbose: 0 : 164, 7, 2024/10/12, 00:30:19.160, 66540278642, vstest.console.dll, TestRunRequest:SendTestRunMessage: Starting.
TpTrace Verbose: 0 : 164, 7, 2024/10/12, 00:30:19.160, 66540278952, vstest.console.dll, MulticastDelegateUtilities.SafeInvoke: TestRun.LogMessages: Invoking callback 1/1 for Microsoft.VisualStudio.TestPlatform.CommandLine.TestRunResultAggregator., took 0 ms.
TpTrace Information: 0 : 164, 7, 2024/10/12, 00:30:19.160, 66540279167, vstest.console.dll, TestRunRequest:SendTestRunMessage: Completed.
TpTrace Verbose: 0 : 164, 7, 2024/10/12, 00:30:19.160, 66540279364, vstest.console.dll, MulticastDelegateUtilities.SafeInvoke: LengthPrefixCommunicationChannel: MessageReceived: Invoking callback 1/1 for Microsoft.VisualStudio.TestPlatform.CommunicationUtilities.TestRequestSender+<>c__DisplayClass34_0., took 0 ms.
TpTrace Verbose: 0 : 164, 7, 2024/10/12, 00:30:19.160, 66540279564, vstest.console.dll, TcpClientExtensions.MessageLoopAsync: Polling on remoteEndPoint: 127.0.0.1:53298 localEndPoint: 127.0.0.1:53296 after 0 ms
TpTrace Verbose: 0 : 164, 7, 2024/10/12, 00:30:19.160, 66540279786, vstest.console.dll, TcpClientExtensions.MessageLoopAsync: NotifyDataAvailable remoteEndPoint: 127.0.0.1:53298 localEndPoint: 127.0.0.1:53296
TpTrace Verbose: 0 : 164, 7, 2024/10/12, 00:30:19.160, 66540280101, vstest.console.dll, TestRequestSender.OnExecutionMessageReceived: Received message: {"Version":7,"MessageType":"TestSession.Message","Payload":{"MessageLevel":0,"Message":"[xUnit.net 00:00:00.35]       System.NotSupportedException : Unsupported expression: c => c.Tickets"}}
TpTrace Verbose: 0 : 164, 7, 2024/10/12, 00:30:19.160, 66540280507, vstest.console.dll, TestRunRequest:SendTestRunMessage: Starting.
TpTrace Verbose: 0 : 164, 7, 2024/10/12, 00:30:19.160, 66540280808, vstest.console.dll, MulticastDelegateUtilities.SafeInvoke: TestRun.LogMessages: Invoking callback 1/1 for Microsoft.VisualStudio.TestPlatform.CommandLine.TestRunResultAggregator., took 0 ms.
TpTrace Information: 0 : 164, 7, 2024/10/12, 00:30:19.160, 66540281027, vstest.console.dll, TestRunRequest:SendTestRunMessage: Completed.
TpTrace Verbose: 0 : 164, 4, 2024/10/12, 00:30:19.160, 66540281017, vstest.console.dll, MulticastDelegateUtilities.SafeInvoke: InternalTestLoggerEvents.SendTestRunMessage: Invoking callback 1/1 for Microsoft.VisualStudio.TestPlatform.CommandLine.Internal.ConsoleLogger., took 0 ms.
TpTrace Verbose: 0 : 164, 7, 2024/10/12, 00:30:19.160, 66540281325, vstest.console.dll, MulticastDelegateUtilities.SafeInvoke: LengthPrefixCommunicationChannel: MessageReceived: Invoking callback 1/1 for Microsoft.VisualStudio.TestPlatform.CommunicationUtilities.TestRequestSender+<>c__DisplayClass34_0., took 0 ms.
TpTrace Verbose: 0 : 164, 4, 2024/10/12, 00:30:19.160, 66540281739, vstest.console.dll, MulticastDelegateUtilities.SafeInvoke: InternalTestLoggerEvents.SendTestRunMessage: Invoking callback 1/1 for Microsoft.VisualStudio.TestPlatform.CommandLine.Internal.ConsoleLogger., took 0 ms.
TpTrace Verbose: 0 : 164, 7, 2024/10/12, 00:30:19.161, 66540281929, vstest.console.dll, TcpClientExtensions.MessageLoopAsync: Polling on remoteEndPoint: 127.0.0.1:53298 localEndPoint: 127.0.0.1:53296 after 0 ms
TpTrace Verbose: 0 : 164, 7, 2024/10/12, 00:30:19.161, 66540282365, vstest.console.dll, TcpClientExtensions.MessageLoopAsync: NotifyDataAvailable remoteEndPoint: 127.0.0.1:53298 localEndPoint: 127.0.0.1:53296
TpTrace Verbose: 0 : 164, 7, 2024/10/12, 00:30:19.161, 66540282755, vstest.console.dll, TestRequestSender.OnExecutionMessageReceived: Received message: {"Version":7,"MessageType":"TestSession.Message","Payload":{"MessageLevel":0,"Message":"[xUnit.net 00:00:00.35]       Non-overridable members (here: ApplicationDbContext.get_Tickets) may not be used in setup / verification expressions."}}
TpTrace Verbose: 0 : 164, 7, 2024/10/12, 00:30:19.161, 66540283235, vstest.console.dll, TestRunRequest:SendTestRunMessage: Starting.
TpTrace Verbose: 0 : 164, 7, 2024/10/12, 00:30:19.161, 66540283569, vstest.console.dll, MulticastDelegateUtilities.SafeInvoke: TestRun.LogMessages: Invoking callback 1/1 for Microsoft.VisualStudio.TestPlatform.CommandLine.TestRunResultAggregator., took 0 ms.
TpTrace Verbose: 0 : 164, 4, 2024/10/12, 00:30:19.161, 66540283657, vstest.console.dll, MulticastDelegateUtilities.SafeInvoke: InternalTestLoggerEvents.SendTestRunMessage: Invoking callback 1/1 for Microsoft.VisualStudio.TestPlatform.CommandLine.Internal.ConsoleLogger., took 0 ms.
TpTrace Information: 0 : 164, 7, 2024/10/12, 00:30:19.161, 66540283792, vstest.console.dll, TestRunRequest:SendTestRunMessage: Completed.
TpTrace Verbose: 0 : 164, 7, 2024/10/12, 00:30:19.161, 66540284318, vstest.console.dll, MulticastDelegateUtilities.SafeInvoke: LengthPrefixCommunicationChannel: MessageReceived: Invoking callback 1/1 for Microsoft.VisualStudio.TestPlatform.CommunicationUtilities.TestRequestSender+<>c__DisplayClass34_0., took 0 ms.
TpTrace Verbose: 0 : 164, 7, 2024/10/12, 00:30:19.161, 66540284550, vstest.console.dll, TcpClientExtensions.MessageLoopAsync: Polling on remoteEndPoint: 127.0.0.1:53298 localEndPoint: 127.0.0.1:53296 after 0 ms
TpTrace Verbose: 0 : 164, 7, 2024/10/12, 00:30:19.161, 66540284788, vstest.console.dll, TcpClientExtensions.MessageLoopAsync: NotifyDataAvailable remoteEndPoint: 127.0.0.1:53298 localEndPoint: 127.0.0.1:53296
TpTrace Verbose: 0 : 164, 7, 2024/10/12, 00:30:19.161, 66540285118, vstest.console.dll, TestRequestSender.OnExecutionMessageReceived: Received message: {"Version":7,"MessageType":"TestSession.Message","Payload":{"MessageLevel":0,"Message":"[xUnit.net 00:00:00.35]       Stack Trace:"}}
TpTrace Verbose: 0 : 164, 7, 2024/10/12, 00:30:19.161, 66540285567, vstest.console.dll, TestRunRequest:SendTestRunMessage: Starting.
TpTrace Verbose: 0 : 164, 7, 2024/10/12, 00:30:19.161, 66540285890, vstest.console.dll, MulticastDelegateUtilities.SafeInvoke: TestRun.LogMessages: Invoking callback 1/1 for Microsoft.VisualStudio.TestPlatform.CommandLine.TestRunResultAggregator., took 0 ms.
TpTrace Verbose: 0 : 164, 4, 2024/10/12, 00:30:19.161, 66540285948, vstest.console.dll, MulticastDelegateUtilities.SafeInvoke: InternalTestLoggerEvents.SendTestRunMessage: Invoking callback 1/1 for Microsoft.VisualStudio.TestPlatform.CommandLine.Internal.ConsoleLogger., took 0 ms.
TpTrace Information: 0 : 164, 7, 2024/10/12, 00:30:19.161, 66540286122, vstest.console.dll, TestRunRequest:SendTestRunMessage: Completed.
TpTrace Verbose: 0 : 164, 7, 2024/10/12, 00:30:19.161, 66540287351, vstest.console.dll, MulticastDelegateUtilities.SafeInvoke: LengthPrefixCommunicationChannel: MessageReceived: Invoking callback 1/1 for Microsoft.VisualStudio.TestPlatform.CommunicationUtilities.TestRequestSender+<>c__DisplayClass34_0., took 0 ms.
TpTrace Verbose: 0 : 164, 7, 2024/10/12, 00:30:19.161, 66540287773, vstest.console.dll, TcpClientExtensions.MessageLoopAsync: Polling on remoteEndPoint: 127.0.0.1:53298 localEndPoint: 127.0.0.1:53296 after 0 ms
TpTrace Verbose: 0 : 164, 7, 2024/10/12, 00:30:19.161, 66540288164, vstest.console.dll, TcpClientExtensions.MessageLoopAsync: NotifyDataAvailable remoteEndPoint: 127.0.0.1:53298 localEndPoint: 127.0.0.1:53296
TpTrace Verbose: 0 : 164, 7, 2024/10/12, 00:30:19.161, 66540288681, vstest.console.dll, TestRequestSender.OnExecutionMessageReceived: Received message: {"Version":7,"MessageType":"TestSession.Message","Payload":{"MessageLevel":0,"Message":"[xUnit.net 00:00:00.35]         /_/src/Moq/Guard.cs(99,0): at Moq.Guard.IsOverridable(MethodInfo method, Expression expression)"}}
TpTrace Verbose: 0 : 164, 7, 2024/10/12, 00:30:19.161, 66540289207, vstest.console.dll, TestRunRequest:SendTestRunMessage: Starting.
TpTrace Verbose: 0 : 164, 7, 2024/10/12, 00:30:19.161, 66540289552, vstest.console.dll, MulticastDelegateUtilities.SafeInvoke: TestRun.LogMessages: Invoking callback 1/1 for Microsoft.VisualStudio.TestPlatform.CommandLine.TestRunResultAggregator., took 0 ms.
TpTrace Verbose: 0 : 164, 4, 2024/10/12, 00:30:19.161, 66540289675, vstest.console.dll, MulticastDelegateUtilities.SafeInvoke: InternalTestLoggerEvents.SendTestRunMessage: Invoking callback 1/1 for Microsoft.VisualStudio.TestPlatform.CommandLine.Internal.ConsoleLogger., took 0 ms.
TpTrace Information: 0 : 164, 7, 2024/10/12, 00:30:19.161, 66540289766, vstest.console.dll, TestRunRequest:SendTestRunMessage: Completed.
TpTrace Verbose: 0 : 164, 7, 2024/10/12, 00:30:19.161, 66540290338, vstest.console.dll, MulticastDelegateUtilities.SafeInvoke: LengthPrefixCommunicationChannel: MessageReceived: Invoking callback 1/1 for Microsoft.VisualStudio.TestPlatform.CommunicationUtilities.TestRequestSender+<>c__DisplayClass34_0., took 0 ms.
TpTrace Verbose: 0 : 164, 7, 2024/10/12, 00:30:19.161, 66540290576, vstest.console.dll, TcpClientExtensions.MessageLoopAsync: Polling on remoteEndPoint: 127.0.0.1:53298 localEndPoint: 127.0.0.1:53296 after 0 ms
TpTrace Verbose: 0 : 164, 7, 2024/10/12, 00:30:19.161, 66540290830, vstest.console.dll, TcpClientExtensions.MessageLoopAsync: NotifyDataAvailable remoteEndPoint: 127.0.0.1:53298 localEndPoint: 127.0.0.1:53296
TpTrace Verbose: 0 : 164, 7, 2024/10/12, 00:30:19.161, 66540291208, vstest.console.dll, TestRequestSender.OnExecutionMessageReceived: Received message: {"Version":7,"MessageType":"TestSession.Message","Payload":{"MessageLevel":0,"Message":"[xUnit.net 00:00:00.35]         /_/src/Moq/MethodExpectation.cs(87,0): at Moq.MethodExpectation..ctor(LambdaExpression expression, MethodInfo method, IReadOnlyList`1 arguments, Boolean exactGenericTypeArguments, Boolean skipMatcherInitialization, Boolean allowNonOverridable)"}}
TpTrace Verbose: 0 : 164, 7, 2024/10/12, 00:30:19.161, 66540291691, vstest.console.dll, TestRunRequest:SendTestRunMessage: Starting.
TpTrace Verbose: 0 : 164, 7, 2024/10/12, 00:30:19.162, 66540292035, vstest.console.dll, MulticastDelegateUtilities.SafeInvoke: TestRun.LogMessages: Invoking callback 1/1 for Microsoft.VisualStudio.TestPlatform.CommandLine.TestRunResultAggregator., took 0 ms.
TpTrace Verbose: 0 : 164, 4, 2024/10/12, 00:30:19.162, 66540292143, vstest.console.dll, MulticastDelegateUtilities.SafeInvoke: InternalTestLoggerEvents.SendTestRunMessage: Invoking callback 1/1 for Microsoft.VisualStudio.TestPlatform.CommandLine.Internal.ConsoleLogger., took 0 ms.
TpTrace Information: 0 : 164, 7, 2024/10/12, 00:30:19.162, 66540292248, vstest.console.dll, TestRunRequest:SendTestRunMessage: Completed.
TpTrace Verbose: 0 : 164, 7, 2024/10/12, 00:30:19.162, 66540292745, vstest.console.dll, MulticastDelegateUtilities.SafeInvoke: LengthPrefixCommunicationChannel: MessageReceived: Invoking callback 1/1 for Microsoft.VisualStudio.TestPlatform.CommunicationUtilities.TestRequestSender+<>c__DisplayClass34_0., took 0 ms.
TpTrace Verbose: 0 : 164, 7, 2024/10/12, 00:30:19.162, 66540292964, vstest.console.dll, TcpClientExtensions.MessageLoopAsync: Polling on remoteEndPoint: 127.0.0.1:53298 localEndPoint: 127.0.0.1:53296 after 0 ms
TpTrace Verbose: 0 : 164, 7, 2024/10/12, 00:30:19.162, 66540293201, vstest.console.dll, TcpClientExtensions.MessageLoopAsync: NotifyDataAvailable remoteEndPoint: 127.0.0.1:53298 localEndPoint: 127.0.0.1:53296
TpTrace Verbose: 0 : 164, 7, 2024/10/12, 00:30:19.162, 66540293549, vstest.console.dll, TestRequestSender.OnExecutionMessageReceived: Received message: {"Version":7,"MessageType":"TestSession.Message","Payload":{"MessageLevel":0,"Message":"[xUnit.net 00:00:00.35]         /_/src/Moq/ExpressionExtensions.cs(326,0): at Moq.ExpressionExtensions.<Split>g__Split|5_0(Expression e, Expression& r, MethodExpectation& p, Boolean assignment, Boolean allowNonOverridableLastProperty)"}}
TpTrace Verbose: 0 : 164, 7, 2024/10/12, 00:30:19.162, 66540293992, vstest.console.dll, TestRunRequest:SendTestRunMessage: Starting.
TpTrace Verbose: 0 : 164, 7, 2024/10/12, 00:30:19.162, 66540294321, vstest.console.dll, MulticastDelegateUtilities.SafeInvoke: TestRun.LogMessages: Invoking callback 1/1 for Microsoft.VisualStudio.TestPlatform.CommandLine.TestRunResultAggregator., took 0 ms.
TpTrace Verbose: 0 : 164, 4, 2024/10/12, 00:30:19.162, 66540294390, vstest.console.dll, MulticastDelegateUtilities.SafeInvoke: InternalTestLoggerEvents.SendTestRunMessage: Invoking callback 1/1 for Microsoft.VisualStudio.TestPlatform.CommandLine.Internal.ConsoleLogger., took 0 ms.
TpTrace Information: 0 : 164, 7, 2024/10/12, 00:30:19.162, 66540294530, vstest.console.dll, TestRunRequest:SendTestRunMessage: Completed.
TpTrace Verbose: 0 : 164, 7, 2024/10/12, 00:30:19.162, 66540294961, vstest.console.dll, MulticastDelegateUtilities.SafeInvoke: LengthPrefixCommunicationChannel: MessageReceived: Invoking callback 1/1 for Microsoft.VisualStudio.TestPlatform.CommunicationUtilities.TestRequestSender+<>c__DisplayClass34_0., took 0 ms.
TpTrace Verbose: 0 : 164, 7, 2024/10/12, 00:30:19.162, 66540295180, vstest.console.dll, TcpClientExtensions.MessageLoopAsync: Polling on remoteEndPoint: 127.0.0.1:53298 localEndPoint: 127.0.0.1:53296 after 0 ms
TpTrace Verbose: 0 : 164, 7, 2024/10/12, 00:30:19.162, 66540295425, vstest.console.dll, TcpClientExtensions.MessageLoopAsync: NotifyDataAvailable remoteEndPoint: 127.0.0.1:53298 localEndPoint: 127.0.0.1:53296
TpTrace Verbose: 0 : 164, 7, 2024/10/12, 00:30:19.162, 66540295755, vstest.console.dll, TestRequestSender.OnExecutionMessageReceived: Received message: {"Version":7,"MessageType":"TestSession.Message","Payload":{"MessageLevel":0,"Message":"[xUnit.net 00:00:00.35]         /_/src/Moq/ExpressionExtensions.cs(149,0): at Moq.ExpressionExtensions.Split(LambdaExpression expression, Boolean allowNonOverridableLastProperty)"}}
TpTrace Verbose: 0 : 164, 7, 2024/10/12, 00:30:19.162, 66540296197, vstest.console.dll, TestRunRequest:SendTestRunMessage: Starting.
TpTrace Verbose: 0 : 164, 7, 2024/10/12, 00:30:19.162, 66540296514, vstest.console.dll, MulticastDelegateUtilities.SafeInvoke: TestRun.LogMessages: Invoking callback 1/1 for Microsoft.VisualStudio.TestPlatform.CommandLine.TestRunResultAggregator., took 0 ms.
TpTrace Verbose: 0 : 164, 4, 2024/10/12, 00:30:19.162, 66540296649, vstest.console.dll, MulticastDelegateUtilities.SafeInvoke: InternalTestLoggerEvents.SendTestRunMessage: Invoking callback 1/1 for Microsoft.VisualStudio.TestPlatform.CommandLine.Internal.ConsoleLogger., took 0 ms.
TpTrace Information: 0 : 164, 7, 2024/10/12, 00:30:19.162, 66540296721, vstest.console.dll, TestRunRequest:SendTestRunMessage: Completed.
TpTrace Verbose: 0 : 164, 7, 2024/10/12, 00:30:19.162, 66540297689, vstest.console.dll, MulticastDelegateUtilities.SafeInvoke: LengthPrefixCommunicationChannel: MessageReceived: Invoking callback 1/1 for Microsoft.VisualStudio.TestPlatform.CommunicationUtilities.TestRequestSender+<>c__DisplayClass34_0., took 0 ms.
TpTrace Verbose: 0 : 164, 7, 2024/10/12, 00:30:19.162, 66540297901, vstest.console.dll, TcpClientExtensions.MessageLoopAsync: Polling on remoteEndPoint: 127.0.0.1:53298 localEndPoint: 127.0.0.1:53296 after 0 ms
TpTrace Verbose: 0 : 164, 7, 2024/10/12, 00:30:19.162, 66540298145, vstest.console.dll, TcpClientExtensions.MessageLoopAsync: NotifyDataAvailable remoteEndPoint: 127.0.0.1:53298 localEndPoint: 127.0.0.1:53296
TpTrace Verbose: 0 : 164, 7, 2024/10/12, 00:30:19.162, 66540298480, vstest.console.dll, TestRequestSender.OnExecutionMessageReceived: Received message: {"Version":7,"MessageType":"TestSession.Message","Payload":{"MessageLevel":0,"Message":"[xUnit.net 00:00:00.35]         /_/src/Moq/Mock.cs(645,0): at Moq.Mock.SetupRecursive[TSetup](Mock mock, LambdaExpression expression, Func`4 setupLast, Boolean allowNonOverridableLastProperty)"}}
TpTrace Verbose: 0 : 164, 7, 2024/10/12, 00:30:19.162, 66540298924, vstest.console.dll, TestRunRequest:SendTestRunMessage: Starting.
TpTrace Verbose: 0 : 164, 7, 2024/10/12, 00:30:19.162, 66540299246, vstest.console.dll, MulticastDelegateUtilities.SafeInvoke: TestRun.LogMessages: Invoking callback 1/1 for Microsoft.VisualStudio.TestPlatform.CommandLine.TestRunResultAggregator., took 0 ms.
TpTrace Verbose: 0 : 164, 4, 2024/10/12, 00:30:19.162, 66540299361, vstest.console.dll, MulticastDelegateUtilities.SafeInvoke: InternalTestLoggerEvents.SendTestRunMessage: Invoking callback 1/1 for Microsoft.VisualStudio.TestPlatform.CommandLine.Internal.ConsoleLogger., took 0 ms.
TpTrace Information: 0 : 164, 7, 2024/10/12, 00:30:19.162, 66540299451, vstest.console.dll, TestRunRequest:SendTestRunMessage: Completed.
TpTrace Verbose: 0 : 164, 7, 2024/10/12, 00:30:19.162, 66540299928, vstest.console.dll, MulticastDelegateUtilities.SafeInvoke: LengthPrefixCommunicationChannel: MessageReceived: Invoking callback 1/1 for Microsoft.VisualStudio.TestPlatform.CommunicationUtilities.TestRequestSender+<>c__DisplayClass34_0., took 0 ms.
TpTrace Verbose: 0 : 164, 7, 2024/10/12, 00:30:19.162, 66540300142, vstest.console.dll, TcpClientExtensions.MessageLoopAsync: Polling on remoteEndPoint: 127.0.0.1:53298 localEndPoint: 127.0.0.1:53296 after 0 ms
TpTrace Verbose: 0 : 164, 7, 2024/10/12, 00:30:19.162, 66540300388, vstest.console.dll, TcpClientExtensions.MessageLoopAsync: NotifyDataAvailable remoteEndPoint: 127.0.0.1:53298 localEndPoint: 127.0.0.1:53296
TpTrace Verbose: 0 : 164, 7, 2024/10/12, 00:30:19.162, 66540300714, vstest.console.dll, TestRequestSender.OnExecutionMessageReceived: Received message: {"Version":7,"MessageType":"TestSession.Message","Payload":{"MessageLevel":0,"Message":"[xUnit.net 00:00:00.35]         /_/src/Moq/Mock.cs(500,0): at Moq.Mock.Setup(Mock mock, LambdaExpression expression, Condition condition)"}}
TpTrace Verbose: 0 : 164, 7, 2024/10/12, 00:30:19.162, 66540301146, vstest.console.dll, TestRunRequest:SendTestRunMessage: Starting.
TpTrace Verbose: 0 : 164, 7, 2024/10/12, 00:30:19.162, 66540301471, vstest.console.dll, MulticastDelegateUtilities.SafeInvoke: TestRun.LogMessages: Invoking callback 1/1 for Microsoft.VisualStudio.TestPlatform.CommandLine.TestRunResultAggregator., took 0 ms.
TpTrace Verbose: 0 : 164, 4, 2024/10/12, 00:30:19.162, 66540301534, vstest.console.dll, MulticastDelegateUtilities.SafeInvoke: InternalTestLoggerEvents.SendTestRunMessage: Invoking callback 1/1 for Microsoft.VisualStudio.TestPlatform.CommandLine.Internal.ConsoleLogger., took 0 ms.
TpTrace Information: 0 : 164, 7, 2024/10/12, 00:30:19.162, 66540301688, vstest.console.dll, TestRunRequest:SendTestRunMessage: Completed.
TpTrace Verbose: 0 : 164, 7, 2024/10/12, 00:30:19.163, 66540302400, vstest.console.dll, MulticastDelegateUtilities.SafeInvoke: LengthPrefixCommunicationChannel: MessageReceived: Invoking callback 1/1 for Microsoft.VisualStudio.TestPlatform.CommunicationUtilities.TestRequestSender+<>c__DisplayClass34_0., took 0 ms.
TpTrace Verbose: 0 : 164, 7, 2024/10/12, 00:30:19.163, 66540302662, vstest.console.dll, TcpClientExtensions.MessageLoopAsync: Polling on remoteEndPoint: 127.0.0.1:53298 localEndPoint: 127.0.0.1:53296 after 0 ms
TpTrace Verbose: 0 : 164, 7, 2024/10/12, 00:30:19.163, 66540302915, vstest.console.dll, TcpClientExtensions.MessageLoopAsync: NotifyDataAvailable remoteEndPoint: 127.0.0.1:53298 localEndPoint: 127.0.0.1:53296
TpTrace Verbose: 0 : 164, 7, 2024/10/12, 00:30:19.163, 66540303246, vstest.console.dll, TestRequestSender.OnExecutionMessageReceived: Received message: {"Version":7,"MessageType":"TestSession.Message","Payload":{"MessageLevel":0,"Message":"[xUnit.net 00:00:00.35]         /_/src/Moq/Mock`1.cs(452,0): at Moq.Mock`1.Setup[TResult](Expression`1 expression)"}}
TpTrace Verbose: 0 : 164, 7, 2024/10/12, 00:30:19.163, 66540303703, vstest.console.dll, TestRunRequest:SendTestRunMessage: Starting.
TpTrace Verbose: 0 : 164, 7, 2024/10/12, 00:30:19.163, 66540304033, vstest.console.dll, MulticastDelegateUtilities.SafeInvoke: TestRun.LogMessages: Invoking callback 1/1 for Microsoft.VisualStudio.TestPlatform.CommandLine.TestRunResultAggregator., took 0 ms.
TpTrace Verbose: 0 : 164, 4, 2024/10/12, 00:30:19.163, 66540304077, vstest.console.dll, MulticastDelegateUtilities.SafeInvoke: InternalTestLoggerEvents.SendTestRunMessage: Invoking callback 1/1 for Microsoft.VisualStudio.TestPlatform.CommandLine.Internal.ConsoleLogger., took 0 ms.
TpTrace Information: 0 : 164, 7, 2024/10/12, 00:30:19.163, 66540304258, vstest.console.dll, TestRunRequest:SendTestRunMessage: Completed.
TpTrace Verbose: 0 : 164, 7, 2024/10/12, 00:30:19.163, 66540304696, vstest.console.dll, MulticastDelegateUtilities.SafeInvoke: LengthPrefixCommunicationChannel: MessageReceived: Invoking callback 1/1 for Microsoft.VisualStudio.TestPlatform.CommunicationUtilities.TestRequestSender+<>c__DisplayClass34_0., took 0 ms.
TpTrace Verbose: 0 : 164, 7, 2024/10/12, 00:30:19.163, 66540304911, vstest.console.dll, TcpClientExtensions.MessageLoopAsync: Polling on remoteEndPoint: 127.0.0.1:53298 localEndPoint: 127.0.0.1:53296 after 0 ms
TpTrace Verbose: 0 : 164, 7, 2024/10/12, 00:30:19.163, 66540305156, vstest.console.dll, TcpClientExtensions.MessageLoopAsync: NotifyDataAvailable remoteEndPoint: 127.0.0.1:53298 localEndPoint: 127.0.0.1:53296
TpTrace Verbose: 0 : 164, 7, 2024/10/12, 00:30:19.163, 66540305485, vstest.console.dll, TestRequestSender.OnExecutionMessageReceived: Received message: {"Version":7,"MessageType":"TestSession.Message","Payload":{"MessageLevel":0,"Message":"[xUnit.net 00:00:00.35]         D:\\projects\\kahn_test\\kahn_test\\TicketManagement.API\\Tests\\TicketServiceTests.cs(113,0): at TicketManagement.API.Tests.TicketServiceTests.DeleteTicketAsync_ShouldReturnTrue_WhenTicketIsDeleted()"}}
TpTrace Verbose: 0 : 164, 7, 2024/10/12, 00:30:19.163, 66540305927, vstest.console.dll, TestRunRequest:SendTestRunMessage: Starting.
TpTrace Verbose: 0 : 164, 7, 2024/10/12, 00:30:19.163, 66540306251, vstest.console.dll, MulticastDelegateUtilities.SafeInvoke: TestRun.LogMessages: Invoking callback 1/1 for Microsoft.VisualStudio.TestPlatform.CommandLine.TestRunResultAggregator., took 0 ms.
TpTrace Verbose: 0 : 164, 4, 2024/10/12, 00:30:19.163, 66540306292, vstest.console.dll, MulticastDelegateUtilities.SafeInvoke: InternalTestLoggerEvents.SendTestRunMessage: Invoking callback 1/1 for Microsoft.VisualStudio.TestPlatform.CommandLine.Internal.ConsoleLogger., took 0 ms.
TpTrace Information: 0 : 164, 7, 2024/10/12, 00:30:19.163, 66540306645, vstest.console.dll, TestRunRequest:SendTestRunMessage: Completed.
TpTrace Verbose: 0 : 164, 7, 2024/10/12, 00:30:19.163, 66540306900, vstest.console.dll, MulticastDelegateUtilities.SafeInvoke: LengthPrefixCommunicationChannel: MessageReceived: Invoking callback 1/1 for Microsoft.VisualStudio.TestPlatform.CommunicationUtilities.TestRequestSender+<>c__DisplayClass34_0., took 0 ms.
TpTrace Verbose: 0 : 164, 7, 2024/10/12, 00:30:19.163, 66540307128, vstest.console.dll, TcpClientExtensions.MessageLoopAsync: Polling on remoteEndPoint: 127.0.0.1:53298 localEndPoint: 127.0.0.1:53296 after 0 ms
TpTrace Verbose: 0 : 164, 7, 2024/10/12, 00:30:19.163, 66540307370, vstest.console.dll, TcpClientExtensions.MessageLoopAsync: NotifyDataAvailable remoteEndPoint: 127.0.0.1:53298 localEndPoint: 127.0.0.1:53296
TpTrace Verbose: 0 : 164, 7, 2024/10/12, 00:30:19.163, 66540307687, vstest.console.dll, TestRequestSender.OnExecutionMessageReceived: Received message: {"Version":7,"MessageType":"TestSession.Message","Payload":{"MessageLevel":0,"Message":"[xUnit.net 00:00:00.35]         --- End of stack trace from previous location ---"}}
TpTrace Verbose: 0 : 164, 7, 2024/10/12, 00:30:19.163, 66540308112, vstest.console.dll, TestRunRequest:SendTestRunMessage: Starting.
TpTrace Verbose: 0 : 164, 7, 2024/10/12, 00:30:19.163, 66540308429, vstest.console.dll, MulticastDelegateUtilities.SafeInvoke: TestRun.LogMessages: Invoking callback 1/1 for Microsoft.VisualStudio.TestPlatform.CommandLine.TestRunResultAggregator., took 0 ms.
TpTrace Verbose: 0 : 164, 4, 2024/10/12, 00:30:19.163, 66540308471, vstest.console.dll, MulticastDelegateUtilities.SafeInvoke: InternalTestLoggerEvents.SendTestRunMessage: Invoking callback 1/1 for Microsoft.VisualStudio.TestPlatform.CommandLine.Internal.ConsoleLogger., took 0 ms.
TpTrace Information: 0 : 164, 7, 2024/10/12, 00:30:19.163, 66540308653, vstest.console.dll, TestRunRequest:SendTestRunMessage: Completed.
TpTrace Verbose: 0 : 164, 7, 2024/10/12, 00:30:19.163, 66540309079, vstest.console.dll, MulticastDelegateUtilities.SafeInvoke: LengthPrefixCommunicationChannel: MessageReceived: Invoking callback 1/1 for Microsoft.VisualStudio.TestPlatform.CommunicationUtilities.TestRequestSender+<>c__DisplayClass34_0., took 0 ms.
TpTrace Verbose: 0 : 164, 7, 2024/10/12, 00:30:19.163, 66540309305, vstest.console.dll, TcpClientExtensions.MessageLoopAsync: Polling on remoteEndPoint: 127.0.0.1:53298 localEndPoint: 127.0.0.1:53296 after 0 ms
TpTrace Verbose: 0 : 164, 7, 2024/10/12, 00:30:19.163, 66540309533, vstest.console.dll, TcpClientExtensions.MessageLoopAsync: NotifyDataAvailable remoteEndPoint: 127.0.0.1:53298 localEndPoint: 127.0.0.1:53296
TpTrace Verbose: 0 : 164, 7, 2024/10/12, 00:30:19.163, 66540309845, vstest.console.dll, TestRequestSender.OnExecutionMessageReceived: Received message: {"Version":7,"MessageType":"TestSession.Message","Payload":{"MessageLevel":0,"Message":"[xUnit.net 00:00:00.35]   Finished:    kahn_test"}}
TpTrace Verbose: 0 : 164, 7, 2024/10/12, 00:30:19.163, 66540310266, vstest.console.dll, TestRunRequest:SendTestRunMessage: Starting.
TpTrace Verbose: 0 : 164, 7, 2024/10/12, 00:30:19.163, 66540310585, vstest.console.dll, MulticastDelegateUtilities.SafeInvoke: TestRun.LogMessages: Invoking callback 1/1 for Microsoft.VisualStudio.TestPlatform.CommandLine.TestRunResultAggregator., took 0 ms.
TpTrace Verbose: 0 : 164, 4, 2024/10/12, 00:30:19.163, 66540310642, vstest.console.dll, MulticastDelegateUtilities.SafeInvoke: InternalTestLoggerEvents.SendTestRunMessage: Invoking callback 1/1 for Microsoft.VisualStudio.TestPlatform.CommandLine.Internal.ConsoleLogger., took 0 ms.
TpTrace Information: 0 : 164, 7, 2024/10/12, 00:30:19.163, 66540310810, vstest.console.dll, TestRunRequest:SendTestRunMessage: Completed.
TpTrace Verbose: 0 : 164, 7, 2024/10/12, 00:30:19.163, 66540311240, vstest.console.dll, MulticastDelegateUtilities.SafeInvoke: LengthPrefixCommunicationChannel: MessageReceived: Invoking callback 1/1 for Microsoft.VisualStudio.TestPlatform.CommunicationUtilities.TestRequestSender+<>c__DisplayClass34_0., took 0 ms.
TpTrace Verbose: 0 : 164, 7, 2024/10/12, 00:30:19.163, 66540311478, vstest.console.dll, TcpClientExtensions.MessageLoopAsync: Polling on remoteEndPoint: 127.0.0.1:53298 localEndPoint: 127.0.0.1:53296 after 0 ms
TpTrace Verbose: 0 : 164, 7, 2024/10/12, 00:30:19.191, 66540585480, vstest.console.dll, TcpClientExtensions.MessageLoopAsync: NotifyDataAvailable remoteEndPoint: 127.0.0.1:53298 localEndPoint: 127.0.0.1:53296
TpTrace Verbose: 0 : 164, 7, 2024/10/12, 00:30:19.191, 66540587614, vstest.console.dll, TestRequestSender.OnExecutionMessageReceived: Received message: {"Version":7,"MessageType":"TestExecution.Completed","Payload":{"TestRunCompleteArgs":{"TestRunStatistics":{"ExecutedTests":6,"Stats":{"Failed":6}},"IsCanceled":false,"IsAborted":false,"Error":null,"AttachmentSets":[],"InvokedDataCollectors":[],"ElapsedTimeInRunningTests":"00:00:00.3698843","Metrics":{},"DiscoveredExtensions":{"TestDiscoverers":["Xunit.Runner.VisualStudio.VsTestRunner, xunit.runner.visualstudio.testadapter, Version=2.8.2.0, Culture=neutral, PublicKeyToken=null"],"TestExecutors":["executor://xunit/VsTestRunner2/netcoreapp"],"TestExecutors2":[],"TestSettingsProviders":[]}},"LastRunTests":{"NewTestResults":[{"TestCase":{"Id":"bb5ec11f-2b8d-db49-de37-06497db901bc","FullyQualifiedName":"TicketManagement.API.Tests.TicketServiceTests.CreateTicketAsync_ShouldAddTicketToDatabase","DisplayName":"TicketManagement.API.Tests.TicketServiceTests.CreateTicketAsync_ShouldAddTicketToDatabase","ExecutorUri":"executor://xunit/VsTestRunner2/netcoreapp","Source":"D:\\projects\\kahn_test\\kahn_test\\bin\\Debug\\net8.0\\kahn_test.dll","CodeFilePath":null,"LineNumber":0,"Properties":[]},"Attachments":[],"Outcome":2,"ErrorMessage":"System.NotSupportedException : Unsupported expression: c => c.Tickets\r\nNon-overridable members (here: ApplicationDbContext.get_Tickets) may not be used in setup / verification expressions.","ErrorStackTrace":"   at Moq.Guard.IsOverridable(MethodInfo method, Expression expression) in /_/src/Moq/Guard.cs:line 99\r\n   at Moq.MethodExpectation..ctor(LambdaExpression expression, MethodInfo method, IReadOnlyList`1 arguments, Boolean exactGenericTypeArguments, Boolean skipMatcherInitialization, Boolean allowNonOverridable) in /_/src/Moq/MethodExpectation.cs:line 87\r\n   at Moq.ExpressionExtensions.<Split>g__Split|5_0(Expression e, Expression& r, MethodExpectation& p, Boolean assignment, Boolean allowNonOverridableLastProperty) in /_/src/Moq/ExpressionExtensions.cs:line 326\r\n   at Moq.ExpressionExtensions.Split(LambdaExpression expression, Boolean allowNonOverridableLastProperty) in /_/src/Moq/ExpressionExtensions.cs:line 149\r\n   at Moq.Mock.SetupRecursive[TSetup](Mock mock, LambdaExpression expression, Func`4 setupLast, Boolean allowNonOverridableLastProperty) in /_/src/Moq/Mock.cs:line 645\r\n   at Moq.Mock.Setup(Mock mock, LambdaExpression expression, Condition condition) in /_/src/Moq/Mock.cs:line 500\r\n   at Moq.Mock`1.Setup[TResult](Expression`1 expression) in /_/src/Moq/Mock`1.cs:line 452\r\n   at TicketManagement.API.Tests.TicketServiceTests.CreateTicketAsync_ShouldAddTicketToDatabase() in D:\\projects\\kahn_test\\kahn_test\\TicketManagement.API\\Tests\\TicketServiceTests.cs:line 82\r\n--- End of stack trace from previous location ---","DisplayName":"TicketManagement.API.Tests.TicketServiceTests.CreateTicketAsync_ShouldAddTicketToDatabase","Messages":[],"ComputerName":"HAMZAELBAKK","Duration":"00:00:00.1326654","StartTime":"2024-10-11T23:30:19.1362109+00:00","EndTime":"2024-10-11T23:30:19.1362382+00:00","Properties":[]},{"TestCase":{"Id":"403aaeea-2937-67e8-2045-3696952f9ce2","FullyQualifiedName":"TicketManagement.API.Tests.TicketServiceTests.GetTicketsAsync_ReturnsPaginatedResult","DisplayName":"TicketManagement.API.Tests.TicketServiceTests.GetTicketsAsync_ReturnsPaginatedResult","ExecutorUri":"executor://xunit/VsTestRunner2/netcoreapp","Source":"D:\\projects\\kahn_test\\kahn_test\\bin\\Debug\\net8.0\\kahn_test.dll","CodeFilePath":null,"LineNumber":0,"Properties":[]},"Attachments":[],"Outcome":2,"ErrorMessage":"System.NotSupportedException : Unsupported expression: c => c.Tickets\r\nNon-overridable members (here: ApplicationDbContext.get_Tickets) may not be used in setup / verification expressions.","ErrorStackTrace":"   at Moq.Guard.IsOverridable(MethodInfo method, Expression expression) in /_/src/Moq/Guard.cs:line 99\r\n   at Moq.MethodExpectation..ctor(LambdaExpression expression, MethodInfo method, IReadOnlyList`1 arguments, Boolean exactGenericTypeArguments, Boolean skipMatcherInitialization, Boolean allowNonOverridable) in /_/src/Moq/MethodExpectation.cs:line 87\r\n   at Moq.ExpressionExtensions.<Split>g__Split|5_0(Expression e, Expression& r, MethodExpectation& p, Boolean assignment, Boolean allowNonOverridableLastProperty) in /_/src/Moq/ExpressionExtensions.cs:line 326\r\n   at Moq.ExpressionExtensions.Split(LambdaExpression expression, Boolean allowNonOverridableLastProperty) in /_/src/Moq/ExpressionExtensions.cs:line 149\r\n   at Moq.Mock.SetupRecursive[TSetup](Mock mock, LambdaExpression expression, Func`4 setupLast, Boolean allowNonOverridableLastProperty) in /_/src/Moq/Mock.cs:line 645\r\n   at Moq.Mock.Setup(Mock mock, LambdaExpression expression, Condition condition) in /_/src/Moq/Mock.cs:line 500\r\n   at Moq.Mock`1.Setup[TResult](Expression`1 expression) in /_/src/Moq/Mock`1.cs:line 452\r\n   at TicketManagement.API.Tests.TicketServiceTests.GetTicketsAsync_ReturnsPaginatedResult() in D:\\projects\\kahn_test\\kahn_test\\TicketManagement.API\\Tests\\TicketServiceTests.cs:line 46\r\n--- End of stack trace from previous location ---","DisplayName":"TicketManagement.API.Tests.TicketServiceTests.GetTicketsAsync_ReturnsPaginatedResult","Messages":[],"ComputerName":"HAMZAELBAKK","Duration":"00:00:00.0048832","StartTime":"2024-10-11T23:30:19.1427815+00:00","EndTime":"2024-10-11T23:30:19.1427816+00:00","Properties":[]},{"TestCase":{"Id":"0a71b535-0bc6-b07e-0f98-45f82df381af","FullyQualifiedName":"TicketManagement.API.Tests.TicketServiceTests.UpdateTicketAsync_ShouldReturnNull_WhenTicketDoesNotExist","DisplayName":"TicketManagement.API.Tests.TicketServiceTests.UpdateTicketAsync_ShouldReturnNull_WhenTicketDoesNotExist","ExecutorUri":"executor://xunit/VsTestRunner2/netcoreapp","Source":"D:\\projects\\kahn_test\\kahn_test\\bin\\Debug\\net8.0\\kahn_test.dll","CodeFilePath":null,"LineNumber":0,"Properties":[]},"Attachments":[],"Outcome":2,"ErrorMessage":"System.NotSupportedException : Unsupported expression: c => c.Tickets\r\nNon-overridable members (here: ApplicationDbContext.get_Tickets) may not be used in setup / verification expressions.","ErrorStackTrace":"   at Moq.Guard.IsOverridable(MethodInfo method, Expression expression) in /_/src/Moq/Guard.cs:line 99\r\n   at Moq.MethodExpectation..ctor(LambdaExpression expression, MethodInfo method, IReadOnlyList`1 arguments, Boolean exactGenericTypeArguments, Boolean skipMatcherInitialization, Boolean allowNonOverridable) in /_/src/Moq/MethodExpectation.cs:line 87\r\n   at Moq.ExpressionExtensions.<Split>g__Split|5_0(Expression e, Expression& r, MethodExpectation& p, Boolean assignment, Boolean allowNonOverridableLastProperty) in /_/src/Moq/ExpressionExtensions.cs:line 326\r\n   at Moq.ExpressionExtensions.Split(LambdaExpression expression, Boolean allowNonOverridableLastProperty) in /_/src/Moq/ExpressionExtensions.cs:line 149\r\n   at Moq.Mock.SetupRecursive[TSetup](Mock mock, LambdaExpression expression, Func`4 setupLast, Boolean allowNonOverridableLastProperty) in /_/src/Moq/Mock.cs:line 645\r\n   at Moq.Mock.Setup(Mock mock, LambdaExpression expression, Condition condition) in /_/src/Moq/Mock.cs:line 500\r\n   at Moq.Mock`1.Setup[TResult](Expression`1 expression) in /_/src/Moq/Mock`1.cs:line 452\r\n   at TicketManagement.API.Tests.TicketServiceTests.UpdateTicketAsync_ShouldReturnNull_WhenTicketDoesNotExist() in D:\\projects\\kahn_test\\kahn_test\\TicketManagement.API\\Tests\\TicketServiceTests.cs:line 97\r\n--- End of stack trace from previous location ---","DisplayName":"TicketManagement.API.Tests.TicketServiceTests.UpdateTicketAsync_ShouldReturnNull_WhenTicketDoesNotExist","Messages":[],"ComputerName":"HAMZAELBAKK","Duration":"00:00:00.0078806","StartTime":"2024-10-11T23:30:19.1448292+00:00","EndTime":"2024-10-11T23:30:19.1448294+00:00","Properties":[]},{"TestCase":{"Id":"89f96c18-d75c-98be-c4a3-6bd40c6dbe6d","FullyQualifiedName":"TicketManagement.API.Tests.TicketServiceTests.DeleteTicketAsync_ShouldReturnFalse_WhenTicketDoesNotExist","DisplayName":"TicketManagement.API.Tests.TicketServiceTests.DeleteTicketAsync_ShouldReturnFalse_WhenTicketDoesNotExist","ExecutorUri":"executor://xunit/VsTestRunner2/netcoreapp","Source":"D:\\projects\\kahn_test\\kahn_test\\bin\\Debug\\net8.0\\kahn_test.dll","CodeFilePath":null,"LineNumber":0,"Properties":[]},"Attachments":[],"Outcome":2,"ErrorMessage":"System.NotSupportedException : Unsupported expression: c => c.Tickets\r\nNon-overridable members (here: ApplicationDbContext.get_Tickets) may not be used in setup / verification expressions.","ErrorStackTrace":"   at Moq.Guard.IsOverridable(MethodInfo method, Expression expression) in /_/src/Moq/Guard.cs:line 99\r\n   at Moq.MethodExpectation..ctor(LambdaExpression expression, MethodInfo method, IReadOnlyList`1 arguments, Boolean exactGenericTypeArguments, Boolean skipMatcherInitialization, Boolean allowNonOverridable) in /_/src/Moq/MethodExpectation.cs:line 87\r\n   at Moq.ExpressionExtensions.<Split>g__Split|5_0(Expression e, Expression& r, MethodExpectation& p, Boolean assignment, Boolean allowNonOverridableLastProperty) in /_/src/Moq/ExpressionExtensions.cs:line 326\r\n   at Moq.ExpressionExtensions.Split(LambdaExpression expression, Boolean allowNonOverridableLastProperty) in /_/src/Moq/ExpressionExtensions.cs:line 149\r\n   at Moq.Mock.SetupRecursive[TSetup](Mock mock, LambdaExpression expression, Func`4 setupLast, Boolean allowNonOverridableLastProperty) in /_/src/Moq/Mock.cs:line 645\r\n   at Moq.Mock.Setup(Mock mock, LambdaExpression expression, Condition condition) in /_/src/Moq/Mock.cs:line 500\r\n   at Moq.Mock`1.Setup[TResult](Expression`1 expression) in /_/src/Moq/Mock`1.cs:line 452\r\n   at TicketManagement.API.Tests.TicketServiceTests.DeleteTicketAsync_ShouldReturnFalse_WhenTicketDoesNotExist() in D:\\projects\\kahn_test\\kahn_test\\TicketManagement.API\\Tests\\TicketServiceTests.cs:line 128\r\n--- End of stack trace from previous location ---","DisplayName":"TicketManagement.API.Tests.TicketServiceTests.DeleteTicketAsync_ShouldReturnFalse_WhenTicketDoesNotExist","Messages":[],"ComputerName":"HAMZAELBAKK","Duration":"00:00:00.0013153","StartTime":"2024-10-11T23:30:19.147114+00:00","EndTime":"2024-10-11T23:30:19.1471142+00:00","Properties":[]},{"TestCase":{"Id":"5ed3042e-3bef-afbb-f4a7-8d3e201fe5e2","FullyQualifiedName":"TicketManagement.API.Tests.TicketServiceTests.GetTicketByIdAsync_ShouldReturnTicket_WhenTicketExists","DisplayName":"TicketManagement.API.Tests.TicketServiceTests.GetTicketByIdAsync_ShouldReturnTicket_WhenTicketExists","ExecutorUri":"executor://xunit/VsTestRunner2/netcoreapp","Source":"D:\\projects\\kahn_test\\kahn_test\\bin\\Debug\\net8.0\\kahn_test.dll","CodeFilePath":null,"LineNumber":0,"Properties":[]},"Attachments":[],"Outcome":2,"ErrorMessage":"System.NotSupportedException : Unsupported expression: c => c.Tickets\r\nNon-overridable members (here: ApplicationDbContext.get_Tickets) may not be used in setup / verification expressions.","ErrorStackTrace":"   at Moq.Guard.IsOverridable(MethodInfo method, Expression expression) in /_/src/Moq/Guard.cs:line 99\r\n   at Moq.MethodExpectation..ctor(LambdaExpression expression, MethodInfo method, IReadOnlyList`1 arguments, Boolean exactGenericTypeArguments, Boolean skipMatcherInitialization, Boolean allowNonOverridable) in /_/src/Moq/MethodExpectation.cs:line 87\r\n   at Moq.ExpressionExtensions.<Split>g__Split|5_0(Expression e, Expression& r, MethodExpectation& p, Boolean assignment, Boolean allowNonOverridableLastProperty) in /_/src/Moq/ExpressionExtensions.cs:line 326\r\n   at Moq.ExpressionExtensions.Split(LambdaExpression expression, Boolean allowNonOverridableLastProperty) in /_/src/Moq/ExpressionExtensions.cs:line 149\r\n   at Moq.Mock.SetupRecursive[TSetup](Mock mock, LambdaExpression expression, Func`4 setupLast, Boolean allowNonOverridableLastProperty) in /_/src/Moq/Mock.cs:line 645\r\n   at Moq.Mock.Setup(Mock mock, LambdaExpression expression, Condition condition) in /_/src/Moq/Mock.cs:line 500\r\n   at Moq.Mock`1.Setup[TResult](Expression`1 expression) in /_/src/Moq/Mock`1.cs:line 452\r\n   at TicketManagement.API.Tests.TicketServiceTests.GetTicketByIdAsync_ShouldReturnTicket_WhenTicketExists() in D:\\projects\\kahn_test\\kahn_test\\TicketManagement.API\\Tests\\TicketServiceTests.cs:line 63\r\n--- End of stack trace from previous location ---","DisplayName":"TicketManagement.API.Tests.TicketServiceTests.GetTicketByIdAsync_ShouldReturnTicket_WhenTicketExists","Messages":[],"ComputerName":"HAMZAELBAKK","Duration":"00:00:00.0008619","StartTime":"2024-10-11T23:30:19.1491024+00:00","EndTime":"2024-10-11T23:30:19.1491027+00:00","Properties":[]},{"TestCase":{"Id":"82cc38c4-c5a1-3394-0ce0-973e116aff20","FullyQualifiedName":"TicketManagement.API.Tests.TicketServiceTests.DeleteTicketAsync_ShouldReturnTrue_WhenTicketIsDeleted","DisplayName":"TicketManagement.API.Tests.TicketServiceTests.DeleteTicketAsync_ShouldReturnTrue_WhenTicketIsDeleted","ExecutorUri":"executor://xunit/VsTestRunner2/netcoreapp","Source":"D:\\projects\\kahn_test\\kahn_test\\bin\\Debug\\net8.0\\kahn_test.dll","CodeFilePath":null,"LineNumber":0,"Properties":[]},"Attachments":[],"Outcome":2,"ErrorMessage":"System.NotSupportedException : Unsupported expression: c => c.Tickets\r\nNon-overridable members (here: ApplicationDbContext.get_Tickets) may not be used in setup / verification expressions.","ErrorStackTrace":"   at Moq.Guard.IsOverridable(MethodInfo method, Expression expression) in /_/src/Moq/Guard.cs:line 99\r\n   at Moq.MethodExpectation..ctor(LambdaExpression expression, MethodInfo method, IReadOnlyList`1 arguments, Boolean exactGenericTypeArguments, Boolean skipMatcherInitialization, Boolean allowNonOverridable) in /_/src/Moq/MethodExpectation.cs:line 87\r\n   at Moq.ExpressionExtensions.<Split>g__Split|5_0(Expression e, Expression& r, MethodExpectation& p, Boolean assignment, Boolean allowNonOverridableLastProperty) in /_/src/Moq/ExpressionExtensions.cs:line 326\r\n   at Moq.ExpressionExtensions.Split(LambdaExpression expression, Boolean allowNonOverridableLastProperty) in /_/src/Moq/ExpressionExtensions.cs:line 149\r\n   at Moq.Mock.SetupRecursive[TSetup](Mock mock, LambdaExpression expression, Func`4 setupLast, Boolean allowNonOverridableLastProperty) in /_/src/Moq/Mock.cs:line 645\r\n   at Moq.Mock.Setup(Mock mock, LambdaExpression expression, Condition condition) in /_/src/Moq/Mock.cs:line 500\r\n   at Moq.Mock`1.Setup[TResult](Expression`1 expression) in /_/src/Moq/Mock`1.cs:line 452\r\n   at TicketManagement.API.Tests.TicketServiceTests.DeleteTicketAsync_ShouldReturnTrue_WhenTicketIsDeleted() in D:\\projects\\kahn_test\\kahn_test\\TicketManagement.API\\Tests\\TicketServiceTests.cs:line 113\r\n--- End of stack trace from previous location ---","DisplayName":"TicketManagement.API.Tests.TicketServiceTests.DeleteTicketAsync_ShouldReturnTrue_WhenTicketIsDeleted","Messages":[],"ComputerName":"HAMZAELBAKK","Duration":"00:00:00.0024640","StartTime":"2024-10-11T23:30:19.1513993+00:00","EndTime":"2024-10-11T23:30:19.1513994+00:00","Properties":[]}],"TestRunStatistics":{"ExecutedTests":6,"Stats":{"Failed":6}},"ActiveTests":[]},"RunAttachments":[],"ExecutorUris":["executor://xunit/VsTestRunner2/netcoreapp"]}}
TpTrace Verbose: 0 : 164, 7, 2024/10/12, 00:30:19.191, 66540588892, vstest.console.dll, TestRequestSender.EndSession: Sending end session.
TpTrace Verbose: 0 : 164, 7, 2024/10/12, 00:30:19.191, 66540589934, vstest.console.dll, ProxyOperationManager.Close: waiting for test host to exit for 100 ms
TpTrace Warning: 0 : 164, 11, 2024/10/12, 00:30:19.196, 66540638452, vstest.console.dll, TestHostManagerCallbacks.ErrorReceivedCallback Test host standard error line: 
TpTrace Verbose: 0 : 164, 12, 2024/10/12, 00:30:19.196, 66540638452, vstest.console.dll, TestHostManagerCallbacks.StandardOutputReceivedCallback Test host standard output line: 
TpTrace Verbose: 0 : 164, 12, 2024/10/12, 00:30:19.207, 66540751502, vstest.console.dll, TestHostProvider.ExitCallBack: Host exited starting callback.
TpTrace Information: 0 : 164, 12, 2024/10/12, 00:30:19.208, 66540753033, vstest.console.dll, TestHostManagerCallbacks.ExitCallBack: Testhost processId: 2532 exited with exitcode: 0 error: ''
TpTrace Verbose: 0 : 164, 12, 2024/10/12, 00:30:19.208, 66540753360, vstest.console.dll, DotnetTestHostManager.OnHostExited: invoking OnHostExited callback
TpTrace Verbose: 0 : 164, 12, 2024/10/12, 00:30:19.208, 66540754201, vstest.console.dll, CrossPlatEngine.TestHostManagerHostExited: calling on client process exit callback.
TpTrace Information: 0 : 164, 12, 2024/10/12, 00:30:19.208, 66540754614, vstest.console.dll, TestRequestSender.OnClientProcessExit: Test host process exited. Standard error: 
TpTrace Information: 0 : 164, 7, 2024/10/12, 00:30:19.208, 66540754841, vstest.console.dll, SocketServer.Stop: Stop server endPoint: 127.0.0.1:53296
TpTrace Information: 0 : 164, 12, 2024/10/12, 00:30:19.208, 66540754893, vstest.console.dll, SocketServer.Stop: Stop server endPoint: 127.0.0.1:53296
TpTrace Information: 0 : 164, 7, 2024/10/12, 00:30:19.208, 66540755268, vstest.console.dll, SocketServer.Stop: Cancellation requested. Stopping message loop.
TpTrace Information: 0 : 164, 12, 2024/10/12, 00:30:19.208, 66540755467, vstest.console.dll, SocketServer.Stop: Cancellation requested. Stopping message loop.
TpTrace Information: 0 : 164, 7, 2024/10/12, 00:30:19.208, 66540755926, vstest.console.dll, Closing the connection
TpTrace Verbose: 0 : 164, 12, 2024/10/12, 00:30:19.208, 66540756327, vstest.console.dll, MulticastDelegateUtilities.SafeInvoke: HostProviderEvents.OnHostExited: Invoking callback 1/1 for Microsoft.VisualStudio.TestPlatform.CrossPlatEngine.Client.ProxyOperationManager., took 0 ms.
TpTrace Verbose: 0 : 164, 7, 2024/10/12, 00:30:19.235, 66541029913, vstest.console.dll, ParallelRunEventsHandler.HandleTestRunComplete: Handling a run completion, this can be either one part of parallel run completing, or the whole parallel run completing.
TpTrace Verbose: 0 : 164, 7, 2024/10/12, 00:30:19.243, 66541105967, vstest.console.dll, TestRunRequest:SendTestRunStatsChange: Starting.
TpTrace Verbose: 0 : 164, 7, 2024/10/12, 00:30:19.243, 66541107851, vstest.console.dll, MulticastDelegateUtilities.SafeInvoke: TestRun.RunStatsChanged: Invoking callbacks was skipped because there are no subscribers.
TpTrace Information: 0 : 164, 7, 2024/10/12, 00:30:19.243, 66541108202, vstest.console.dll, TestRunRequest:SendTestRunStatsChange: Completed.
TpTrace Verbose: 0 : 164, 7, 2024/10/12, 00:30:19.243, 66541110382, vstest.console.dll, ParallelProxyExecutionManager: HandlePartialRunComplete: Total workloads = 1, Total started clients = 1 Total completed clients = 1, Run complete = True, Run canceled: False.
TpTrace Verbose: 0 : 164, 7, 2024/10/12, 00:30:19.243, 66541110679, vstest.console.dll, ParallelProxyExecutionManager: HandlePartialRunComplete: All runs completed stopping all managers.
TpTrace Verbose: 0 : 164, 7, 2024/10/12, 00:30:19.243, 66541110923, vstest.console.dll, ParallelOperationManager.StopAllManagers: Stopping all managers.
TpTrace Verbose: 0 : 164, 7, 2024/10/12, 00:30:19.243, 66541111146, vstest.console.dll, ParallelOperationManager.ClearSlots: Clearing all slots. Slots should accept more work: False
TpTrace Verbose: 0 : 164, 7, 2024/10/12, 00:30:19.243, 66541111423, vstest.console.dll, ParallelOperationManager.SetOccupiedSlotCount: Setting slot counts AvailableSlotCount = 1, OccupiedSlotCount = 0.
TpTrace Verbose: 0 : 164, 7, 2024/10/12, 00:30:19.243, 66541111772, vstest.console.dll, Occupied slots:

TpTrace Verbose: 0 : 164, 7, 2024/10/12, 00:30:19.244, 66541111983, vstest.console.dll, ParallelRunEventsHandler.HandleTestRunComplete: Whole parallel run completed.
TpTrace Verbose: 0 : 164, 4, 2024/10/12, 00:30:19.247, 66541151030, vstest.console.dll, MulticastDelegateUtilities.SafeInvoke: InternalTestLoggerEvents.SendTestResult: Invoking callback 1/1 for Microsoft.VisualStudio.TestPlatform.CommandLine.Internal.ConsoleLogger., took 4 ms.
TpTrace Verbose: 0 : 164, 4, 2024/10/12, 00:30:19.251, 66541184381, vstest.console.dll, MulticastDelegateUtilities.SafeInvoke: InternalTestLoggerEvents.SendTestResult: Invoking callback 1/1 for Microsoft.VisualStudio.TestPlatform.CommandLine.Internal.ConsoleLogger., took 3 ms.
TpTrace Verbose: 0 : 164, 4, 2024/10/12, 00:30:19.252, 66541199151, vstest.console.dll, MulticastDelegateUtilities.SafeInvoke: InternalTestLoggerEvents.SendTestResult: Invoking callback 1/1 for Microsoft.VisualStudio.TestPlatform.CommandLine.Internal.ConsoleLogger., took 1 ms.
TpTrace Verbose: 0 : 164, 4, 2024/10/12, 00:30:19.254, 66541213398, vstest.console.dll, MulticastDelegateUtilities.SafeInvoke: InternalTestLoggerEvents.SendTestResult: Invoking callback 1/1 for Microsoft.VisualStudio.TestPlatform.CommandLine.Internal.ConsoleLogger., took 1 ms.
TpTrace Verbose: 0 : 164, 4, 2024/10/12, 00:30:19.255, 66541226272, vstest.console.dll, MulticastDelegateUtilities.SafeInvoke: InternalTestLoggerEvents.SendTestResult: Invoking callback 1/1 for Microsoft.VisualStudio.TestPlatform.CommandLine.Internal.ConsoleLogger., took 1 ms.
TpTrace Verbose: 0 : 164, 4, 2024/10/12, 00:30:19.256, 66541239570, vstest.console.dll, MulticastDelegateUtilities.SafeInvoke: InternalTestLoggerEvents.SendTestResult: Invoking callback 1/1 for Microsoft.VisualStudio.TestPlatform.CommandLine.Internal.ConsoleLogger., took 1 ms.
TpTrace Verbose: 0 : 164, 4, 2024/10/12, 00:30:19.261, 66541287208, vstest.console.dll, MulticastDelegateUtilities.SafeInvoke: InternalTestLoggerEvents.SendTestRunComplete: Invoking callback 1/1 for Microsoft.VisualStudio.TestPlatform.CommandLine.Internal.ConsoleLogger., took 4 ms.
TpTrace Verbose: 0 : 164, 7, 2024/10/12, 00:30:19.261, 66541290572, vstest.console.dll, TestRunRequest:TestRunComplete: Starting. IsAborted:False IsCanceled:False.
TpTrace Verbose: 0 : 164, 7, 2024/10/12, 00:30:19.262, 66541292069, vstest.console.dll, ParallelOperationManager.DoActionOnAllManagers: Calling an action on all managers.
TpTrace Verbose: 0 : 164, 7, 2024/10/12, 00:30:19.263, 66541302581, vstest.console.dll, TestLoggerManager.HandleTestRunComplete: Ignoring as the object is disposed.
TpTrace Verbose: 0 : 164, 7, 2024/10/12, 00:30:19.263, 66541305604, vstest.console.dll, MulticastDelegateUtilities.SafeInvoke: TestRun.TestRunComplete: Invoking callback 1/2 for Microsoft.VisualStudio.TestPlatform.CommandLine.TestRunResultAggregator., took 0 ms.
TpTrace Verbose: 0 : 164, 7, 2024/10/12, 00:30:19.263, 66541306894, vstest.console.dll, MulticastDelegateUtilities.SafeInvoke: TestRun.TestRunComplete: Invoking callback 2/2 for Microsoft.VisualStudio.TestPlatform.CommandLine.Processors.RunTestsArgumentExecutor+TestRunRequestEventsRegistrar., took 0 ms.
TpTrace Information: 0 : 164, 7, 2024/10/12, 00:30:19.263, 66541307614, vstest.console.dll, TestRunRequest:TestRunComplete: Completed.
TpTrace Verbose: 0 : 164, 1, 2024/10/12, 00:30:19.263, 66541307711, vstest.console.dll, TestRunRequest.Dispose: Starting.
TpTrace Verbose: 0 : 164, 7, 2024/10/12, 00:30:19.263, 66541307913, vstest.console.dll, TestRequestSender.SetOperationComplete: Setting operation complete.
TpTrace Information: 0 : 164, 7, 2024/10/12, 00:30:19.263, 66541308246, vstest.console.dll, SocketServer.Stop: Stop server endPoint: 127.0.0.1:53296
TpTrace Information: 0 : 164, 1, 2024/10/12, 00:30:19.263, 66541308358, vstest.console.dll, TestRunRequest.Dispose: Completed.
TpTrace Information: 0 : 164, 7, 2024/10/12, 00:30:19.263, 66541308446, vstest.console.dll, SocketServer.Stop: Cancellation requested. Stopping message loop.
TpTrace Information: 0 : 164, 1, 2024/10/12, 00:30:19.263, 66541308767, vstest.console.dll, TestRequestManager.RunTests: run tests completed.
TpTrace Verbose: 0 : 164, 7, 2024/10/12, 00:30:19.263, 66541308894, vstest.console.dll, MulticastDelegateUtilities.SafeInvoke: LengthPrefixCommunicationChannel: MessageReceived: Invoking callback 1/1 for Microsoft.VisualStudio.TestPlatform.CommunicationUtilities.TestRequestSender+<>c__DisplayClass34_0., took 72 ms.
TpTrace Information: 0 : 164, 7, 2024/10/12, 00:30:19.263, 66541309222, vstest.console.dll, SocketServer.PrivateStop: Stopping server endPoint: 127.0.0.1:53296 error: 
TpTrace Information: 0 : 164, 1, 2024/10/12, 00:30:19.263, 66541309646, vstest.console.dll, RunTestsArgumentProcessor:Execute: Test run is completed.
TpTrace Verbose: 0 : 164, 1, 2024/10/12, 00:30:19.263, 66541311525, vstest.console.dll, Executor.Execute: Exiting with exit code of 1
TpTrace Verbose: 0 : 164, 7, 2024/10/12, 00:30:19.264, 66541312839, vstest.console.dll, LengthPrefixCommunicationChannel.Dispose: Dispose reader and writer.
TpTrace Information: 0 : 164, 7, 2024/10/12, 00:30:19.264, 66541313362, vstest.console.dll, SocketServer.Stop: Raise disconnected event endPoint: 127.0.0.1:53296 error: 
TpTrace Verbose: 0 : 164, 7, 2024/10/12, 00:30:19.264, 66541313934, vstest.console.dll, TestRequestSender: OnTestRunAbort: Operation is already complete. Skip error message.
TpTrace Verbose: 0 : 164, 7, 2024/10/12, 00:30:19.264, 66541314253, vstest.console.dll, MulticastDelegateUtilities.SafeInvoke: SocketServer: ClientDisconnected: Invoking callback 1/1 for Microsoft.VisualStudio.TestPlatform.CommunicationUtilities.TestRequestSender., took 0 ms.
TpTrace Verbose: 0 : 164, 7, 2024/10/12, 00:30:19.264, 66541314626, vstest.console.dll, TcpClientExtensions.MessageLoopAsync: exiting MessageLoopAsync remoteEndPoint: 127.0.0.1:53298 localEndPoint: 127.0.0.1:53296
